#! /c/Source/iverilog-install/bin/vvp
:ivl_version "12.0 (devel)" "(s20150603-1539-g2693dd32b)";
:ivl_delay_selection "TYPICAL";
:vpi_time_precision + 0;
:vpi_module "C:\iverilog\lib\ivl\system.vpi";
:vpi_module "C:\iverilog\lib\ivl\vhdl_sys.vpi";
:vpi_module "C:\iverilog\lib\ivl\vhdl_textio.vpi";
:vpi_module "C:\iverilog\lib\ivl\v2005_math.vpi";
:vpi_module "C:\iverilog\lib\ivl\va_math.vpi";
S_0000013344e66a90 .scope module, "cpu" "cpu" 2 4;
 .timescale 0 0;
    .port_info 0 /INPUT 1 "rst";
    .port_info 1 /INPUT 1 "clk";
    .port_info 2 /INPUT 32 "mem_rdata";
    .port_info 3 /OUTPUT 32 "mem_wdata";
    .port_info 4 /OUTPUT 32 "mem_addr";
    .port_info 5 /OUTPUT 32 "cycle";
    .port_info 6 /OUTPUT 1 "mem_rstrb";
    .port_info 7 /OUTPUT 4 "mem_wstrb";
P_0000013344e66c20 .param/l "BYTE1" 0 2 20, +C4<00000000000000000000000000000101>;
P_0000013344e66c58 .param/l "BYTE2" 0 2 20, +C4<00000000000000000000000000000110>;
P_0000013344e66c90 .param/l "BYTE3" 0 2 20, +C4<00000000000000000000000000000111>;
P_0000013344e66cc8 .param/l "BYTE4" 0 2 20, +C4<00000000000000000000000000001000>;
P_0000013344e66d00 .param/l "DECODE" 0 2 20, +C4<00000000000000000000000000000010>;
P_0000013344e66d38 .param/l "EXECUTE" 0 2 20, +C4<00000000000000000000000000000011>;
P_0000013344e66d70 .param/l "FETCH" 0 2 20, +C4<00000000000000000000000000000001>;
P_0000013344e66da8 .param/l "HLT" 0 2 20, +C4<00000000000000000000000000000100>;
P_0000013344e66de0 .param/l "RESET" 0 2 20, +C4<00000000000000000000000000000000>;
P_0000013344e66e18 .param/l "WAIT" 0 2 20, +C4<00000000000000000000000000001001>;
P_0000013344e66e50 .param/l "WAIT_LOADING" 0 2 20, +C4<00000000000000000000000000001010>;
L_0000013344de7830 .functor XOR 32, v0000013345795610_0, L_00000133457f72b0, C4<00000000000000000000000000000000>, C4<00000000000000000000000000000000>;
L_0000013344de69c0 .functor OR 32, v0000013345795610_0, L_00000133457f72b0, C4<00000000000000000000000000000000>, C4<00000000000000000000000000000000>;
L_0000013344de6a30 .functor NOT 32, L_00000133457f72b0, C4<00000000000000000000000000000000>, C4<00000000000000000000000000000000>, C4<00000000000000000000000000000000>;
L_0000013344de6d40 .functor XOR 1, L_0000013345798480, L_0000013345797440, C4<0>, C4<0>;
L_0000013344de6b10 .functor AND 1, L_0000013345797940, L_00000133457988e0, C4<1>, C4<1>;
L_00000133457f21c0 .functor AND 1, L_0000013345797120, L_0000013345798de0, C4<1>, C4<1>;
L_00000133457f1740 .functor OR 1, L_0000013344de6b10, L_00000133457f21c0, C4<0>, C4<0>;
L_00000133457f1c10 .functor AND 1, L_0000013345798700, L_00000133457973a0, C4<1>, C4<1>;
L_00000133457f1cf0 .functor OR 1, L_00000133457f1740, L_00000133457f1c10, C4<0>, C4<0>;
L_00000133457f16d0 .functor AND 1, L_0000013345798980, L_0000013345798ca0, C4<1>, C4<1>;
L_00000133457f1660 .functor OR 1, L_00000133457f1cf0, L_00000133457f16d0, C4<0>, C4<0>;
L_00000133457f17b0 .functor AND 1, L_0000013345798340, L_0000013345798d40, C4<1>, C4<1>;
L_00000133457f1510 .functor OR 1, L_00000133457f1660, L_00000133457f17b0, C4<0>, C4<0>;
L_00000133457f15f0 .functor AND 1, L_0000013345798f20, L_00000133457976c0, C4<1>, C4<1>;
L_00000133457f1820 .functor OR 1, L_00000133457f1510, L_00000133457f15f0, C4<0>, C4<0>;
L_00000133457f1900 .functor AND 1, L_0000013345797ee0, L_0000013345798ac0, C4<1>, C4<1>;
L_00000133457f1890 .functor NOT 1, L_0000013345798fc0, C4<0>, C4<0>, C4<0>;
L_00000133457f1d60 .functor AND 1, L_00000133457f1900, L_00000133457f1890, C4<1>, C4<1>;
L_00000133457f1dd0 .functor AND 1, L_0000013345797580, L_0000013345797bc0, C4<1>, C4<1>;
L_00000133457f22a0 .functor OR 1, L_00000133457982a0, L_0000013345797d00, C4<0>, C4<0>;
L_00000133457f1970 .functor NOT 1, L_00000133457f22a0, C4<0>, C4<0>, C4<0>;
L_00000133457f2230 .functor AND 1, L_00000133457974e0, L_00000133457f1970, C4<1>, C4<1>;
L_00000133457f19e0 .functor AND 1, L_00000133457f2230, L_0000013345797620, C4<1>, C4<1>;
L_00000133457f1b30 .functor OR 1, L_00000133457982a0, L_0000013345797d00, C4<0>, C4<0>;
L_00000133457f1e40 .functor OR 1, L_0000013345798ac0, L_0000013345798160, C4<0>, C4<0>;
L_00000133457f1ac0 .functor OR 1, L_0000013345797bc0, L_0000013345797d00, C4<0>, C4<0>;
L_00000133457f1ba0 .functor OR 1, L_00000133457f8250, L_00000133457f78f0, C4<0>, C4<0>;
L_00000133457f1f90 .functor OR 1, L_00000133457f1ba0, L_00000133457f7710, C4<0>, C4<0>;
L_00000133457f1eb0 .functor OR 1, L_00000133457f1f90, L_00000133457f77b0, C4<0>, C4<0>;
L_00000133457f1c80 .functor OR 1, L_00000133457f1eb0, L_00000133457f7a30, C4<0>, C4<0>;
L_00000133457f1f20 .functor AND 1, L_00000133457982a0, L_00000133457f7b70, C4<1>, C4<1>;
L_00000133457f2000 .functor AND 1, L_00000133457982a0, L_00000133457f7c10, C4<1>, C4<1>;
L_00000133457f2070 .functor AND 1, L_00000133457982a0, L_00000133457f7030, C4<1>, C4<1>;
L_00000133457f20e0 .functor AND 1, L_00000133457982a0, L_00000133457f7df0, C4<1>, C4<1>;
L_00000133457f2150 .functor OR 1, L_00000133457f1eb0, L_00000133457f7350, C4<0>, C4<0>;
L_00000133457f13c0 .functor AND 1, L_00000133457982a0, L_00000133457f2150, C4<1>, C4<1>;
L_00000133457f1430 .functor AND 1, L_00000133457f4790, L_00000133457f1eb0, C4<1>, C4<1>;
L_00000133457f1580 .functor AND 1, L_00000133457f61d0, L_00000133457f1eb0, C4<1>, C4<1>;
L_00000133457f14a0 .functor OR 1, L_0000013345797bc0, L_0000013345798ac0, C4<0>, C4<0>;
L_00000133457fbc10 .functor AND 1, L_00000133457f14a0, L_00000133457f6db0, C4<1>, C4<1>;
L_00000133457fbf20 .functor AND 1, L_0000013345797d00, L_00000133457f6270, C4<1>, C4<1>;
L_00000133457fc000 .functor OR 1, L_00000133457fbc10, L_00000133457fbf20, C4<0>, C4<0>;
L_00000133457fb970 .functor OR 1, L_0000013345797bc0, L_0000013345798ac0, C4<0>, C4<0>;
v0000013344e00430_0 .net "ADD", 31 0, L_0000013345797260;  1 drivers
v0000013344e01bf0_0 .net "B_data", 31 0, L_0000013345798660;  1 drivers
v0000013344e00750_0 .net "EQUAL", 0 0, L_00000133457988e0;  1 drivers
v0000013344e00570_0 .net "GREATER_THAN", 0 0, L_0000013345798d40;  1 drivers
v0000013344e00c50_0 .net "GREATER_THAN_U", 0 0, L_0000013345798de0;  1 drivers
v0000013344e01c90_0 .net "I_data", 31 0, L_0000013345796fb0;  1 drivers
v0000013344e00cf0_0 .net "LESS_THAN", 0 0, L_0000013345798ca0;  1 drivers
v0000013344dfff30_0 .net "LESS_THAN_U", 0 0, L_00000133457976c0;  1 drivers
v0000013344e00890_0 .net "NEQUAL", 0 0, L_00000133457973a0;  1 drivers
v0000013344e00d90_0 .net "OR", 31 0, L_0000013344de69c0;  1 drivers
v0000013344e01970_0 .net "SB_data", 31 0, L_00000133457f5f50;  1 drivers
v0000013344e01330_0 .net "SH_data", 31 0, L_00000133457f4f10;  1 drivers
v0000013344e00ed0_0 .net "SUB", 32 0, L_0000013345797da0;  1 drivers
v0000013344e00f70_0 .net "SW_data", 31 0, L_00000133457f5910;  1 drivers
v0000013344e00070_0 .net "S_data", 31 0, L_0000013345798840;  1 drivers
v0000013344e002f0_0 .net "TAKE_BRANCH", 0 0, L_00000133457f1820;  1 drivers
v0000013344e01650_0 .net "XOR", 31 0, L_0000013344de7830;  1 drivers
v0000013344e01470_0 .net *"_ivl_10", 20 0, L_0000013345796330;  1 drivers
v0000013344e009d0_0 .net *"_ivl_101", 0 0, L_0000013345798b60;  1 drivers
v0000013344e01010_0 .net *"_ivl_103", 0 0, L_0000013345798020;  1 drivers
L_0000013345799400 .functor BUFT 1, C4<000>, C4<0>, C4<0>, C4<0>;
v0000013344e010b0_0 .net/2u *"_ivl_112", 2 0, L_0000013345799400;  1 drivers
v0000013344e00610_0 .net *"_ivl_114", 0 0, L_0000013345797940;  1 drivers
v0000013344e01830_0 .net *"_ivl_116", 0 0, L_0000013344de6b10;  1 drivers
L_0000013345799448 .functor BUFT 1, C4<111>, C4<0>, C4<0>, C4<0>;
v0000013344e007f0_0 .net/2u *"_ivl_118", 2 0, L_0000013345799448;  1 drivers
v0000013344e01150_0 .net *"_ivl_120", 0 0, L_0000013345797120;  1 drivers
v0000013344e01a10_0 .net *"_ivl_122", 0 0, L_00000133457f21c0;  1 drivers
v0000013344e018d0_0 .net *"_ivl_124", 0 0, L_00000133457f1740;  1 drivers
L_0000013345799490 .functor BUFT 1, C4<001>, C4<0>, C4<0>, C4<0>;
v0000013344e016f0_0 .net/2u *"_ivl_126", 2 0, L_0000013345799490;  1 drivers
v0000013344e01790_0 .net *"_ivl_128", 0 0, L_0000013345798700;  1 drivers
v0000013344e011f0_0 .net *"_ivl_13", 10 0, L_0000013345796f10;  1 drivers
v0000013344e01ab0_0 .net *"_ivl_130", 0 0, L_00000133457f1c10;  1 drivers
v0000013344e01b50_0 .net *"_ivl_132", 0 0, L_00000133457f1cf0;  1 drivers
L_00000133457994d8 .functor BUFT 1, C4<100>, C4<0>, C4<0>, C4<0>;
v0000013344e00110_0 .net/2u *"_ivl_134", 2 0, L_00000133457994d8;  1 drivers
v0000013344e00390_0 .net *"_ivl_136", 0 0, L_0000013345798980;  1 drivers
v0000013344e00930_0 .net *"_ivl_138", 0 0, L_00000133457f16d0;  1 drivers
v0000013344e00250_0 .net *"_ivl_140", 0 0, L_00000133457f1660;  1 drivers
L_0000013345799520 .functor BUFT 1, C4<101>, C4<0>, C4<0>, C4<0>;
v0000013344e01d30_0 .net/2u *"_ivl_142", 2 0, L_0000013345799520;  1 drivers
v0000013344dffe90_0 .net *"_ivl_144", 0 0, L_0000013345798340;  1 drivers
v0000013344e004d0_0 .net *"_ivl_146", 0 0, L_00000133457f17b0;  1 drivers
v0000013344dfffd0_0 .net *"_ivl_148", 0 0, L_00000133457f1510;  1 drivers
L_0000013345799568 .functor BUFT 1, C4<110>, C4<0>, C4<0>, C4<0>;
v0000013344e5d110_0 .net/2u *"_ivl_150", 2 0, L_0000013345799568;  1 drivers
v0000013344e5cdf0_0 .net *"_ivl_152", 0 0, L_0000013345798f20;  1 drivers
v0000013344e5d430_0 .net *"_ivl_154", 0 0, L_00000133457f15f0;  1 drivers
L_00000133457995b0 .functor BUFT 1, C4<000>, C4<0>, C4<0>, C4<0>;
v0000013344e5c7b0_0 .net/2u *"_ivl_158", 2 0, L_00000133457995b0;  1 drivers
v0000013344e5cb70_0 .net *"_ivl_160", 0 0, L_0000013345797ee0;  1 drivers
v0000013344e5e1f0_0 .net *"_ivl_162", 0 0, L_00000133457f1900;  1 drivers
v0000013344e5cf30_0 .net *"_ivl_165", 0 0, L_0000013345798fc0;  1 drivers
v0000013344e5d9d0_0 .net *"_ivl_166", 0 0, L_00000133457f1890;  1 drivers
v0000013344e5e010_0 .net *"_ivl_168", 0 0, L_00000133457f1d60;  1 drivers
v0000013344e5e330_0 .net *"_ivl_17", 0 0, L_00000133457951b0;  1 drivers
L_00000133457995f8 .functor BUFT 1, C4<000>, C4<0>, C4<0>, C4<0>;
v0000013344e5d4d0_0 .net/2u *"_ivl_170", 2 0, L_00000133457995f8;  1 drivers
v0000013344e5c850_0 .net *"_ivl_172", 0 0, L_0000013345797580;  1 drivers
v0000013344e5ce90_0 .net *"_ivl_174", 0 0, L_00000133457f1dd0;  1 drivers
L_0000013345799640 .functor BUFT 1, C4<000>, C4<0>, C4<0>, C4<0>;
v0000013344e5c8f0_0 .net/2u *"_ivl_176", 2 0, L_0000013345799640;  1 drivers
v0000013344e5de30_0 .net *"_ivl_178", 0 0, L_00000133457974e0;  1 drivers
v0000013344e5d1b0_0 .net *"_ivl_18", 19 0, L_0000013345795250;  1 drivers
v0000013344e5e0b0_0 .net *"_ivl_180", 0 0, L_00000133457f22a0;  1 drivers
v0000013344e5cc10_0 .net *"_ivl_182", 0 0, L_00000133457f1970;  1 drivers
v0000013344e5cfd0_0 .net *"_ivl_184", 0 0, L_00000133457f2230;  1 drivers
v0000013344e5e150_0 .net *"_ivl_187", 0 0, L_0000013345797620;  1 drivers
v0000013344e5d610_0 .net *"_ivl_188", 0 0, L_00000133457f19e0;  1 drivers
v0000013344e5e290_0 .net *"_ivl_191", 31 0, L_0000013345797300;  1 drivers
L_0000013345799688 .functor BUFT 1, C4<100>, C4<0>, C4<0>, C4<0>;
v0000013344e5ded0_0 .net/2u *"_ivl_192", 2 0, L_0000013345799688;  1 drivers
v0000013344e5df70_0 .net *"_ivl_194", 0 0, L_0000013345797f80;  1 drivers
L_00000133457996d0 .functor BUFT 1, C4<110>, C4<0>, C4<0>, C4<0>;
v0000013344e5ccb0_0 .net/2u *"_ivl_196", 2 0, L_00000133457996d0;  1 drivers
v0000013344e5d250_0 .net *"_ivl_198", 0 0, L_0000013345797760;  1 drivers
v0000013344e5d070_0 .net *"_ivl_200", 0 0, L_00000133457f1b30;  1 drivers
L_0000013345799718 .functor BUFT 1, C4<00000000000000000000000000000000>, C4<0>, C4<0>, C4<0>;
v0000013344e5da70_0 .net/2u *"_ivl_202", 31 0, L_0000013345799718;  1 drivers
v0000013344e5d2f0_0 .net *"_ivl_204", 31 0, L_0000013345797b20;  1 drivers
v0000013344e5e3d0_0 .net *"_ivl_206", 31 0, L_0000013345797c60;  1 drivers
v0000013344e5cd50_0 .net *"_ivl_208", 31 0, L_0000013345797800;  1 drivers
v0000013344e5d390_0 .net *"_ivl_21", 0 0, L_00000133457952f0;  1 drivers
v0000013344e5d570_0 .net *"_ivl_210", 31 0, L_00000133457978a0;  1 drivers
v0000013344e5d6b0_0 .net *"_ivl_212", 31 0, L_00000133457979e0;  1 drivers
v0000013344e5e470_0 .net *"_ivl_218", 0 0, L_00000133457f1e40;  1 drivers
v0000013344e5db10_0 .net *"_ivl_220", 0 0, L_00000133457f1ac0;  1 drivers
v0000013344e5d750_0 .net *"_ivl_222", 31 0, L_00000133457f7670;  1 drivers
L_0000013345799760 .functor BUFT 1, C4<00000000000000000000000000000100>, C4<0>, C4<0>, C4<0>;
v0000013344e5c990_0 .net/2u *"_ivl_226", 31 0, L_0000013345799760;  1 drivers
v0000013344e5d930_0 .net *"_ivl_23", 5 0, L_00000133457983e0;  1 drivers
L_00000133457997a8 .functor BUFT 1, C4<00000000000000000000000000000000>, C4<0>, C4<0>, C4<0>;
v0000013344e5c5d0_0 .net/2u *"_ivl_230", 31 0, L_00000133457997a8;  1 drivers
v0000013344e5c710_0 .net *"_ivl_232", 31 0, L_00000133457f6f90;  1 drivers
v0000013344e5d7f0_0 .net *"_ivl_236", 31 0, L_00000133457f81b0;  1 drivers
L_00000133457997f0 .functor BUFT 1, C4<0000000000000000000000000000>, C4<0>, C4<0>, C4<0>;
v0000013344e5d890_0 .net *"_ivl_239", 27 0, L_00000133457997f0;  1 drivers
L_0000013345799838 .functor BUFT 1, C4<00000000000000000000000000000101>, C4<0>, C4<0>, C4<0>;
v0000013344e5dbb0_0 .net/2u *"_ivl_240", 31 0, L_0000013345799838;  1 drivers
v0000013344e5c670_0 .net *"_ivl_242", 0 0, L_00000133457f8250;  1 drivers
v0000013344e5dc50_0 .net *"_ivl_244", 31 0, L_00000133457f75d0;  1 drivers
L_0000013345799880 .functor BUFT 1, C4<0000000000000000000000000000>, C4<0>, C4<0>, C4<0>;
v0000013344e5dcf0_0 .net *"_ivl_247", 27 0, L_0000013345799880;  1 drivers
L_00000133457998c8 .functor BUFT 1, C4<00000000000000000000000000000110>, C4<0>, C4<0>, C4<0>;
v0000013344e5dd90_0 .net/2u *"_ivl_248", 31 0, L_00000133457998c8;  1 drivers
v0000013344e5ca30_0 .net *"_ivl_25", 3 0, L_0000013345798200;  1 drivers
v0000013344e5cad0_0 .net *"_ivl_250", 0 0, L_00000133457f78f0;  1 drivers
v00000133457914d0_0 .net *"_ivl_252", 0 0, L_00000133457f1ba0;  1 drivers
v0000013345791b10_0 .net *"_ivl_254", 31 0, L_00000133457f7210;  1 drivers
L_0000013345799910 .functor BUFT 1, C4<0000000000000000000000000000>, C4<0>, C4<0>, C4<0>;
v0000013345790350_0 .net *"_ivl_257", 27 0, L_0000013345799910;  1 drivers
L_0000013345799958 .functor BUFT 1, C4<00000000000000000000000000000111>, C4<0>, C4<0>, C4<0>;
v0000013345790b70_0 .net/2u *"_ivl_258", 31 0, L_0000013345799958;  1 drivers
L_00000133457990e8 .functor BUFT 1, C4<0>, C4<0>, C4<0>, C4<0>;
v00000133457908f0_0 .net/2u *"_ivl_26", 0 0, L_00000133457990e8;  1 drivers
v0000013345790490_0 .net *"_ivl_260", 0 0, L_00000133457f7710;  1 drivers
v0000013345790df0_0 .net *"_ivl_262", 0 0, L_00000133457f1f90;  1 drivers
v00000133457917f0_0 .net *"_ivl_264", 31 0, L_00000133457f8390;  1 drivers
L_00000133457999a0 .functor BUFT 1, C4<0000000000000000000000000000>, C4<0>, C4<0>, C4<0>;
v0000013345790fd0_0 .net *"_ivl_267", 27 0, L_00000133457999a0;  1 drivers
L_00000133457999e8 .functor BUFT 1, C4<00000000000000000000000000001000>, C4<0>, C4<0>, C4<0>;
v0000013345790530_0 .net/2u *"_ivl_268", 31 0, L_00000133457999e8;  1 drivers
v00000133457905d0_0 .net *"_ivl_270", 0 0, L_00000133457f77b0;  1 drivers
v0000013345790670_0 .net *"_ivl_274", 31 0, L_00000133457f8430;  1 drivers
L_0000013345799a30 .functor BUFT 1, C4<0000000000000000000000000000>, C4<0>, C4<0>, C4<0>;
v0000013345791bb0_0 .net *"_ivl_277", 27 0, L_0000013345799a30;  1 drivers
L_0000013345799a78 .functor BUFT 1, C4<00000000000000000000000000001010>, C4<0>, C4<0>, C4<0>;
v0000013345791c50_0 .net/2u *"_ivl_278", 31 0, L_0000013345799a78;  1 drivers
v0000013345790210_0 .net *"_ivl_280", 0 0, L_00000133457f7a30;  1 drivers
v0000013345791930_0 .net *"_ivl_282", 0 0, L_00000133457f1c80;  1 drivers
L_0000013345799ac0 .functor BUFT 1, C4<00000000000000000000000000000000>, C4<0>, C4<0>, C4<0>;
v0000013345791570_0 .net/2u *"_ivl_284", 31 0, L_0000013345799ac0;  1 drivers
v0000013345790a30_0 .net *"_ivl_290", 31 0, L_00000133457f82f0;  1 drivers
L_0000013345799b08 .functor BUFT 1, C4<0000000000000000000000000000>, C4<0>, C4<0>, C4<0>;
v0000013345791610_0 .net *"_ivl_293", 27 0, L_0000013345799b08;  1 drivers
L_0000013345799b50 .functor BUFT 1, C4<00000000000000000000000000000101>, C4<0>, C4<0>, C4<0>;
v0000013345790990_0 .net/2u *"_ivl_294", 31 0, L_0000013345799b50;  1 drivers
v0000013345791d90_0 .net *"_ivl_296", 0 0, L_00000133457f7b70;  1 drivers
v0000013345791890_0 .net *"_ivl_298", 0 0, L_00000133457f1f20;  1 drivers
v0000013345790d50_0 .net *"_ivl_302", 31 0, L_00000133457f7d50;  1 drivers
L_0000013345799b98 .functor BUFT 1, C4<0000000000000000000000000000>, C4<0>, C4<0>, C4<0>;
v00000133457919d0_0 .net *"_ivl_305", 27 0, L_0000013345799b98;  1 drivers
L_0000013345799be0 .functor BUFT 1, C4<00000000000000000000000000000110>, C4<0>, C4<0>, C4<0>;
v0000013345790cb0_0 .net/2u *"_ivl_306", 31 0, L_0000013345799be0;  1 drivers
v0000013345791250_0 .net *"_ivl_308", 0 0, L_00000133457f7c10;  1 drivers
v00000133457912f0_0 .net *"_ivl_31", 0 0, L_0000013345798c00;  1 drivers
v0000013345791cf0_0 .net *"_ivl_310", 0 0, L_00000133457f2000;  1 drivers
v0000013345791070_0 .net *"_ivl_314", 31 0, L_00000133457f7850;  1 drivers
L_0000013345799c28 .functor BUFT 1, C4<0000000000000000000000000000>, C4<0>, C4<0>, C4<0>;
v0000013345790e90_0 .net *"_ivl_317", 27 0, L_0000013345799c28;  1 drivers
L_0000013345799c70 .functor BUFT 1, C4<00000000000000000000000000000111>, C4<0>, C4<0>, C4<0>;
v0000013345790ad0_0 .net/2u *"_ivl_318", 31 0, L_0000013345799c70;  1 drivers
v00000133457902b0_0 .net *"_ivl_32", 20 0, L_0000013345797a80;  1 drivers
v0000013345791a70_0 .net *"_ivl_320", 0 0, L_00000133457f7030;  1 drivers
v0000013345791390_0 .net *"_ivl_322", 0 0, L_00000133457f2070;  1 drivers
v0000013345790710_0 .net *"_ivl_327", 31 0, L_00000133457f7cb0;  1 drivers
L_0000013345799cb8 .functor BUFT 1, C4<0000000000000000000000000000>, C4<0>, C4<0>, C4<0>;
v0000013345790f30_0 .net *"_ivl_330", 27 0, L_0000013345799cb8;  1 drivers
L_0000013345799d00 .functor BUFT 1, C4<00000000000000000000000000001000>, C4<0>, C4<0>, C4<0>;
v0000013345790c10_0 .net/2u *"_ivl_331", 31 0, L_0000013345799d00;  1 drivers
v0000013345791e30_0 .net *"_ivl_333", 0 0, L_00000133457f7df0;  1 drivers
v0000013345791ed0_0 .net *"_ivl_335", 0 0, L_00000133457f20e0;  1 drivers
v0000013345791f70_0 .net *"_ivl_337", 31 0, L_00000133457f7e90;  1 drivers
L_0000013345799d48 .functor BUFT 1, C4<0000000000000000000000000000>, C4<0>, C4<0>, C4<0>;
v00000133457907b0_0 .net *"_ivl_340", 27 0, L_0000013345799d48;  1 drivers
L_0000013345799d90 .functor BUFT 1, C4<00000000000000000000000000001010>, C4<0>, C4<0>, C4<0>;
v0000013345791430_0 .net/2u *"_ivl_341", 31 0, L_0000013345799d90;  1 drivers
v0000013345790850_0 .net *"_ivl_343", 0 0, L_00000133457f7350;  1 drivers
v00000133457900d0_0 .net *"_ivl_345", 0 0, L_00000133457f2150;  1 drivers
v0000013345791110_0 .net *"_ivl_347", 0 0, L_00000133457f13c0;  1 drivers
v0000013345790170_0 .net *"_ivl_35", 5 0, L_00000133457987a0;  1 drivers
v00000133457911b0_0 .net *"_ivl_351", 31 0, L_00000133457f73f0;  1 drivers
L_0000013345799dd8 .functor BUFT 1, C4<0000000000000000000000000000>, C4<0>, C4<0>, C4<0>;
v00000133457903f0_0 .net *"_ivl_354", 27 0, L_0000013345799dd8;  1 drivers
L_0000013345799e20 .functor BUFT 1, C4<00000000000000000000000000001001>, C4<0>, C4<0>, C4<0>;
v00000133457916b0_0 .net/2u *"_ivl_355", 31 0, L_0000013345799e20;  1 drivers
v0000013345791750_0 .net *"_ivl_360", 0 0, L_00000133457f8570;  1 drivers
v0000013345793ce0_0 .net *"_ivl_362", 7 0, L_00000133457f7170;  1 drivers
L_0000013345799e68 .functor BUFT 1, C4<00000000>, C4<0>, C4<0>, C4<0>;
v0000013345793ba0_0 .net/2u *"_ivl_363", 7 0, L_0000013345799e68;  1 drivers
v0000013345794500_0 .net *"_ivl_368", 0 0, L_00000133457f8610;  1 drivers
v0000013345793d80_0 .net *"_ivl_37", 4 0, L_0000013345798520;  1 drivers
v00000133457940a0_0 .net *"_ivl_370", 7 0, L_00000133457f8070;  1 drivers
L_0000013345799eb0 .functor BUFT 1, C4<00000000>, C4<0>, C4<0>, C4<0>;
v00000133457932e0_0 .net/2u *"_ivl_371", 7 0, L_0000013345799eb0;  1 drivers
v0000013345793560_0 .net *"_ivl_376", 0 0, L_00000133457f7fd0;  1 drivers
v00000133457946e0_0 .net *"_ivl_378", 0 0, L_00000133457f5190;  1 drivers
v0000013345794780_0 .net *"_ivl_380", 7 0, L_00000133457f5690;  1 drivers
L_0000013345799ef8 .functor BUFT 1, C4<00000000>, C4<0>, C4<0>, C4<0>;
v00000133457945a0_0 .net/2u *"_ivl_381", 7 0, L_0000013345799ef8;  1 drivers
L_0000013345799f40 .functor BUFT 1, C4<000000000000000000000000>, C4<0>, C4<0>, C4<0>;
v0000013345794820_0 .net/2u *"_ivl_387", 23 0, L_0000013345799f40;  1 drivers
L_0000013345799f88 .functor BUFT 1, C4<0000000000000000>, C4<0>, C4<0>, C4<0>;
v0000013345794fa0_0 .net/2u *"_ivl_391", 15 0, L_0000013345799f88;  1 drivers
v0000013345794be0_0 .net *"_ivl_398", 0 0, L_00000133457f4790;  1 drivers
v0000013345794aa0_0 .net *"_ivl_399", 0 0, L_00000133457f1430;  1 drivers
L_0000013345799130 .functor BUFT 1, C4<01100>, C4<0>, C4<0>, C4<0>;
v00000133457939c0_0 .net/2u *"_ivl_40", 4 0, L_0000013345799130;  1 drivers
v00000133457943c0_0 .net *"_ivl_402", 0 0, L_00000133457f69f0;  1 drivers
v0000013345794140_0 .net *"_ivl_404", 0 0, L_00000133457f61d0;  1 drivers
v0000013345794b40_0 .net *"_ivl_405", 0 0, L_00000133457f1580;  1 drivers
v0000013345794640_0 .net *"_ivl_407", 31 0, L_00000133457f6e50;  1 drivers
v00000133457948c0_0 .net *"_ivl_411", 0 0, L_00000133457f14a0;  1 drivers
v0000013345793e20_0 .net *"_ivl_413", 31 0, L_00000133457f6590;  1 drivers
L_0000013345799fd0 .functor BUFT 1, C4<0000000000000000000000000000>, C4<0>, C4<0>, C4<0>;
v0000013345793920_0 .net *"_ivl_416", 27 0, L_0000013345799fd0;  1 drivers
L_000001334579a018 .functor BUFT 1, C4<00000000000000000000000000000011>, C4<0>, C4<0>, C4<0>;
v00000133457936a0_0 .net/2u *"_ivl_417", 31 0, L_000001334579a018;  1 drivers
v0000013345794000_0 .net *"_ivl_419", 0 0, L_00000133457f6db0;  1 drivers
v00000133457941e0_0 .net *"_ivl_421", 0 0, L_00000133457fbc10;  1 drivers
v0000013345793a60_0 .net *"_ivl_423", 31 0, L_00000133457f5730;  1 drivers
L_000001334579a060 .functor BUFT 1, C4<0000000000000000000000000000>, C4<0>, C4<0>, C4<0>;
v0000013345793420_0 .net *"_ivl_426", 27 0, L_000001334579a060;  1 drivers
L_000001334579a0a8 .functor BUFT 1, C4<00000000000000000000000000001010>, C4<0>, C4<0>, C4<0>;
v0000013345794960_0 .net/2u *"_ivl_427", 31 0, L_000001334579a0a8;  1 drivers
v0000013345794f00_0 .net *"_ivl_429", 0 0, L_00000133457f6270;  1 drivers
v0000013345794c80_0 .net *"_ivl_431", 0 0, L_00000133457fbf20;  1 drivers
v0000013345793740_0 .net *"_ivl_435", 0 0, L_00000133457fb970;  1 drivers
L_000001334579a0f0 .functor BUFT 1, C4<00000000000000000000000000000000>, C4<0>, C4<0>, C4<0>;
v0000013345793b00_0 .net/2u *"_ivl_437", 31 0, L_000001334579a0f0;  1 drivers
v0000013345794d20_0 .net *"_ivl_439", 31 0, L_00000133457f64f0;  1 drivers
L_0000013345799178 .functor BUFT 1, C4<00100>, C4<0>, C4<0>, C4<0>;
v0000013345794280_0 .net/2u *"_ivl_44", 4 0, L_0000013345799178;  1 drivers
L_00000133457991c0 .functor BUFT 1, C4<11100>, C4<0>, C4<0>, C4<0>;
v0000013345794dc0_0 .net/2u *"_ivl_48", 4 0, L_00000133457991c0;  1 drivers
L_0000013345799208 .functor BUFT 1, C4<11000>, C4<0>, C4<0>, C4<0>;
v0000013345794a00_0 .net/2u *"_ivl_52", 4 0, L_0000013345799208;  1 drivers
L_0000013345799250 .functor BUFT 1, C4<01000>, C4<0>, C4<0>, C4<0>;
v0000013345794e60_0 .net/2u *"_ivl_56", 4 0, L_0000013345799250;  1 drivers
L_0000013345799298 .functor BUFT 1, C4<00000>, C4<0>, C4<0>, C4<0>;
v0000013345793100_0 .net/2u *"_ivl_60", 4 0, L_0000013345799298;  1 drivers
L_00000133457992e0 .functor BUFT 1, C4<0>, C4<0>, C4<0>, C4<0>;
v0000013345793c40_0 .net/2u *"_ivl_70", 0 0, L_00000133457992e0;  1 drivers
v00000133457931a0_0 .net *"_ivl_72", 32 0, L_00000133457971c0;  1 drivers
L_0000013345799328 .functor BUFT 1, C4<1>, C4<0>, C4<0>, C4<0>;
v0000013345793ec0_0 .net/2u *"_ivl_74", 0 0, L_0000013345799328;  1 drivers
v0000013345793240_0 .net *"_ivl_76", 31 0, L_0000013344de6a30;  1 drivers
v0000013345793380_0 .net *"_ivl_78", 32 0, L_0000013345798e80;  1 drivers
v0000013345794320_0 .net *"_ivl_80", 32 0, L_0000013345797e40;  1 drivers
L_0000013345799370 .functor BUFT 1, C4<000000000000000000000000000000001>, C4<0>, C4<0>, C4<0>;
v00000133457934c0_0 .net/2u *"_ivl_82", 32 0, L_0000013345799370;  1 drivers
v0000013345794460_0 .net *"_ivl_87", 31 0, L_00000133457985c0;  1 drivers
L_00000133457993b8 .functor BUFT 1, C4<00000000000000000000000000000000>, C4<0>, C4<0>, C4<0>;
v0000013345793600_0 .net/2u *"_ivl_88", 31 0, L_00000133457993b8;  1 drivers
v00000133457937e0_0 .net *"_ivl_9", 0 0, L_0000013345796dd0;  1 drivers
v0000013345793880_0 .net *"_ivl_95", 0 0, L_0000013345798480;  1 drivers
v0000013345793f60_0 .net *"_ivl_97", 0 0, L_0000013345797440;  1 drivers
v00000133457961f0_0 .net *"_ivl_98", 0 0, L_0000013344de6d40;  1 drivers
v00000133457957f0_0 .var "addr", 31 0;
v0000013345796150_0 .net "alu_in1", 31 0, v0000013345795610_0;  1 drivers
v00000133457963d0_0 .net "alu_in2", 31 0, L_00000133457f72b0;  1 drivers
v0000013345795570_0 .net "alu_result", 31 0, L_00000133457980c0;  1 drivers
v0000013345795f70_0 .net "byte1_data", 7 0, L_00000133457f7490;  1 drivers
v0000013345795930_0 .net "byte2_data", 7 0, L_00000133457f8110;  1 drivers
v0000013345796b50_0 .net "byte3_data", 7 0, L_00000133457f6130;  1 drivers
v0000013345795390_0 .net "byte4_data", 7 0, L_00000133457f6d10;  1 drivers
o0000013344e0b7f8 .functor BUFZ 1, C4<z>; HiZ drive
v0000013345796510_0 .net "clk", 0 0, o0000013344e0b7f8;  0 drivers
v00000133457954d0_0 .var "cycle", 31 0;
v0000013345796290_0 .var "data", 31 0;
v0000013345795610_0 .var "data_rs1", 31 0;
v0000013345796970_0 .var "data_rs2", 31 0;
v00000133457959d0_0 .net "funct3", 2 0, L_00000133457960b0;  1 drivers
v0000013345795890_0 .net "funct7", 6 0, L_0000013345795750;  1 drivers
v0000013345795cf0_0 .net "isBtype", 0 0, L_0000013345798160;  1 drivers
v0000013345796e70_0 .net "isItype", 0 0, L_0000013345797bc0;  1 drivers
v0000013345795bb0_0 .net "isLtype", 0 0, L_0000013345797d00;  1 drivers
v0000013345796830_0 .net "isRtype", 0 0, L_0000013345798ac0;  1 drivers
v0000013345796010_0 .net "isStype", 0 0, L_00000133457982a0;  1 drivers
v0000013345796470_0 .net "isSystype", 0 0, L_0000013345798a20;  1 drivers
v0000013345795d90_0 .var "load_data_tmp", 31 0;
v0000013345795c50_0 .net "load_store_addr", 31 0, L_00000133457f70d0;  1 drivers
v00000133457965b0_0 .net "load_store_state_flag", 0 0, L_00000133457f1eb0;  1 drivers
v0000013345795110_0 .net "mem_addr", 31 0, L_00000133457f84d0;  1 drivers
o0000013344e0bb28 .functor BUFZ 32, C4<zzzzzzzzzzzzzzzzzzzzzzzzzzzzzzzz>; HiZ drive
v0000013345796650_0 .net "mem_rdata", 31 0, o0000013344e0bb28;  0 drivers
v0000013345796c90_0 .net "mem_rstrb", 0 0, L_00000133457f7f30;  1 drivers
v0000013345795430_0 .net "mem_wdata", 31 0, L_00000133457f5ff0;  1 drivers
v0000013345795ed0_0 .net "mem_wstrb", 3 0, L_00000133457f7ad0;  1 drivers
v00000133457956b0_0 .net "opcode", 4 0, L_0000013345796a10;  1 drivers
v00000133457968d0_0 .net "pcplus4", 31 0, L_00000133457f7530;  1 drivers
v0000013345795e30_0 .net "pcplusimm", 31 0, L_00000133457f7990;  1 drivers
v0000013345796790_0 .net "rd", 4 0, L_0000013345796ab0;  1 drivers
v0000013345796d30 .array "regfile", 31 0, 31 0;
o0000013344e0bca8 .functor BUFZ 1, C4<z>; HiZ drive
v0000013345795a70_0 .net "rst", 0 0, o0000013344e0bca8;  0 drivers
v0000013345796bf0_0 .var "state", 3 0;
v0000013345795b10_0 .net "write_reg_data", 31 0, L_00000133457f57d0;  1 drivers
v00000133457966f0_0 .net "write_reg_en", 0 0, L_00000133457fc000;  1 drivers
E_0000013344def6b0 .event posedge, v0000013345796510_0;
L_0000013345796a10 .part v0000013345796290_0, 2, 5;
L_0000013345796ab0 .part v0000013345796290_0, 7, 5;
L_00000133457960b0 .part v0000013345796290_0, 12, 3;
L_0000013345795750 .part v0000013345796290_0, 25, 7;
L_0000013345796dd0 .part v0000013345796290_0, 31, 1;
LS_0000013345796330_0_0 .concat [ 1 1 1 1], L_0000013345796dd0, L_0000013345796dd0, L_0000013345796dd0, L_0000013345796dd0;
LS_0000013345796330_0_4 .concat [ 1 1 1 1], L_0000013345796dd0, L_0000013345796dd0, L_0000013345796dd0, L_0000013345796dd0;
LS_0000013345796330_0_8 .concat [ 1 1 1 1], L_0000013345796dd0, L_0000013345796dd0, L_0000013345796dd0, L_0000013345796dd0;
LS_0000013345796330_0_12 .concat [ 1 1 1 1], L_0000013345796dd0, L_0000013345796dd0, L_0000013345796dd0, L_0000013345796dd0;
LS_0000013345796330_0_16 .concat [ 1 1 1 1], L_0000013345796dd0, L_0000013345796dd0, L_0000013345796dd0, L_0000013345796dd0;
LS_0000013345796330_0_20 .concat [ 1 0 0 0], L_0000013345796dd0;
LS_0000013345796330_1_0 .concat [ 4 4 4 4], LS_0000013345796330_0_0, LS_0000013345796330_0_4, LS_0000013345796330_0_8, LS_0000013345796330_0_12;
LS_0000013345796330_1_4 .concat [ 4 1 0 0], LS_0000013345796330_0_16, LS_0000013345796330_0_20;
L_0000013345796330 .concat [ 16 5 0 0], LS_0000013345796330_1_0, LS_0000013345796330_1_4;
L_0000013345796f10 .part v0000013345796290_0, 20, 11;
L_0000013345796fb0 .concat [ 11 21 0 0], L_0000013345796f10, L_0000013345796330;
L_00000133457951b0 .part v0000013345796290_0, 31, 1;
LS_0000013345795250_0_0 .concat [ 1 1 1 1], L_00000133457951b0, L_00000133457951b0, L_00000133457951b0, L_00000133457951b0;
LS_0000013345795250_0_4 .concat [ 1 1 1 1], L_00000133457951b0, L_00000133457951b0, L_00000133457951b0, L_00000133457951b0;
LS_0000013345795250_0_8 .concat [ 1 1 1 1], L_00000133457951b0, L_00000133457951b0, L_00000133457951b0, L_00000133457951b0;
LS_0000013345795250_0_12 .concat [ 1 1 1 1], L_00000133457951b0, L_00000133457951b0, L_00000133457951b0, L_00000133457951b0;
LS_0000013345795250_0_16 .concat [ 1 1 1 1], L_00000133457951b0, L_00000133457951b0, L_00000133457951b0, L_00000133457951b0;
LS_0000013345795250_1_0 .concat [ 4 4 4 4], LS_0000013345795250_0_0, LS_0000013345795250_0_4, LS_0000013345795250_0_8, LS_0000013345795250_0_12;
LS_0000013345795250_1_4 .concat [ 4 0 0 0], LS_0000013345795250_0_16;
L_0000013345795250 .concat [ 16 4 0 0], LS_0000013345795250_1_0, LS_0000013345795250_1_4;
L_00000133457952f0 .part v0000013345796290_0, 7, 1;
L_00000133457983e0 .part v0000013345796290_0, 25, 6;
L_0000013345798200 .part v0000013345796290_0, 8, 4;
LS_0000013345798660_0_0 .concat [ 1 4 6 1], L_00000133457990e8, L_0000013345798200, L_00000133457983e0, L_00000133457952f0;
LS_0000013345798660_0_4 .concat [ 20 0 0 0], L_0000013345795250;
L_0000013345798660 .concat [ 12 20 0 0], LS_0000013345798660_0_0, LS_0000013345798660_0_4;
L_0000013345798c00 .part v0000013345796290_0, 31, 1;
LS_0000013345797a80_0_0 .concat [ 1 1 1 1], L_0000013345798c00, L_0000013345798c00, L_0000013345798c00, L_0000013345798c00;
LS_0000013345797a80_0_4 .concat [ 1 1 1 1], L_0000013345798c00, L_0000013345798c00, L_0000013345798c00, L_0000013345798c00;
LS_0000013345797a80_0_8 .concat [ 1 1 1 1], L_0000013345798c00, L_0000013345798c00, L_0000013345798c00, L_0000013345798c00;
LS_0000013345797a80_0_12 .concat [ 1 1 1 1], L_0000013345798c00, L_0000013345798c00, L_0000013345798c00, L_0000013345798c00;
LS_0000013345797a80_0_16 .concat [ 1 1 1 1], L_0000013345798c00, L_0000013345798c00, L_0000013345798c00, L_0000013345798c00;
LS_0000013345797a80_0_20 .concat [ 1 0 0 0], L_0000013345798c00;
LS_0000013345797a80_1_0 .concat [ 4 4 4 4], LS_0000013345797a80_0_0, LS_0000013345797a80_0_4, LS_0000013345797a80_0_8, LS_0000013345797a80_0_12;
LS_0000013345797a80_1_4 .concat [ 4 1 0 0], LS_0000013345797a80_0_16, LS_0000013345797a80_0_20;
L_0000013345797a80 .concat [ 16 5 0 0], LS_0000013345797a80_1_0, LS_0000013345797a80_1_4;
L_00000133457987a0 .part v0000013345796290_0, 25, 6;
L_0000013345798520 .part v0000013345796290_0, 7, 5;
L_0000013345798840 .concat [ 5 6 21 0], L_0000013345798520, L_00000133457987a0, L_0000013345797a80;
L_0000013345798ac0 .cmp/eq 5, L_0000013345796a10, L_0000013345799130;
L_0000013345797bc0 .cmp/eq 5, L_0000013345796a10, L_0000013345799178;
L_0000013345798a20 .cmp/eq 5, L_0000013345796a10, L_00000133457991c0;
L_0000013345798160 .cmp/eq 5, L_0000013345796a10, L_0000013345799208;
L_00000133457982a0 .cmp/eq 5, L_0000013345796a10, L_0000013345799250;
L_0000013345797d00 .cmp/eq 5, L_0000013345796a10, L_0000013345799298;
L_0000013345797260 .arith/sum 32, v0000013345795610_0, L_00000133457f72b0;
L_00000133457971c0 .concat [ 32 1 0 0], v0000013345795610_0, L_00000133457992e0;
L_0000013345798e80 .concat [ 32 1 0 0], L_0000013344de6a30, L_0000013345799328;
L_0000013345797e40 .arith/sum 33, L_00000133457971c0, L_0000013345798e80;
L_0000013345797da0 .arith/sum 33, L_0000013345797e40, L_0000013345799370;
L_00000133457985c0 .part L_0000013345797da0, 0, 32;
L_00000133457988e0 .cmp/eq 32, L_00000133457985c0, L_00000133457993b8;
L_00000133457973a0 .reduce/nor L_00000133457988e0;
L_0000013345798480 .part v0000013345795610_0, 31, 1;
L_0000013345797440 .part L_00000133457f72b0, 31, 1;
L_0000013345798b60 .part v0000013345795610_0, 31, 1;
L_0000013345798020 .part L_0000013345797da0, 32, 1;
L_0000013345798ca0 .functor MUXZ 1, L_0000013345798020, L_0000013345798b60, L_0000013344de6d40, C4<>;
L_00000133457976c0 .part L_0000013345797da0, 32, 1;
L_0000013345798d40 .reduce/nor L_0000013345798ca0;
L_0000013345798de0 .reduce/nor L_00000133457976c0;
L_0000013345797940 .cmp/eq 3, L_00000133457960b0, L_0000013345799400;
L_0000013345797120 .cmp/eq 3, L_00000133457960b0, L_0000013345799448;
L_0000013345798700 .cmp/eq 3, L_00000133457960b0, L_0000013345799490;
L_0000013345798980 .cmp/eq 3, L_00000133457960b0, L_00000133457994d8;
L_0000013345798340 .cmp/eq 3, L_00000133457960b0, L_0000013345799520;
L_0000013345798f20 .cmp/eq 3, L_00000133457960b0, L_0000013345799568;
L_0000013345797ee0 .cmp/eq 3, L_00000133457960b0, L_00000133457995b0;
L_0000013345798fc0 .part L_0000013345795750, 5, 1;
L_0000013345797580 .cmp/eq 3, L_00000133457960b0, L_00000133457995f8;
L_00000133457974e0 .cmp/eq 3, L_00000133457960b0, L_0000013345799640;
L_0000013345797620 .part L_0000013345795750, 5, 1;
L_0000013345797300 .part L_0000013345797da0, 0, 32;
L_0000013345797f80 .cmp/eq 3, L_00000133457960b0, L_0000013345799688;
L_0000013345797760 .cmp/eq 3, L_00000133457960b0, L_00000133457996d0;
L_0000013345797b20 .functor MUXZ 32, L_0000013345799718, L_0000013345797260, L_00000133457f1b30, C4<>;
L_0000013345797c60 .functor MUXZ 32, L_0000013345797b20, L_0000013344de69c0, L_0000013345797760, C4<>;
L_0000013345797800 .functor MUXZ 32, L_0000013345797c60, L_0000013344de7830, L_0000013345797f80, C4<>;
L_00000133457978a0 .functor MUXZ 32, L_0000013345797800, L_0000013345797300, L_00000133457f19e0, C4<>;
L_00000133457979e0 .functor MUXZ 32, L_00000133457978a0, L_0000013345797260, L_00000133457f1dd0, C4<>;
L_00000133457980c0 .functor MUXZ 32, L_00000133457979e0, L_0000013345797260, L_00000133457f1d60, C4<>;
L_00000133457f7670 .functor MUXZ 32, L_0000013345798840, L_0000013345796fb0, L_00000133457f1ac0, C4<>;
L_00000133457f72b0 .functor MUXZ 32, L_00000133457f7670, v0000013345796970_0, L_00000133457f1e40, C4<>;
L_00000133457f7530 .arith/sum 32, v00000133457957f0_0, L_0000013345799760;
L_00000133457f6f90 .functor MUXZ 32, L_00000133457997a8, L_0000013345798660, L_0000013345798160, C4<>;
L_00000133457f7990 .arith/sum 32, v00000133457957f0_0, L_00000133457f6f90;
L_00000133457f81b0 .concat [ 4 28 0 0], v0000013345796bf0_0, L_00000133457997f0;
L_00000133457f8250 .cmp/eq 32, L_00000133457f81b0, L_0000013345799838;
L_00000133457f75d0 .concat [ 4 28 0 0], v0000013345796bf0_0, L_0000013345799880;
L_00000133457f78f0 .cmp/eq 32, L_00000133457f75d0, L_00000133457998c8;
L_00000133457f7210 .concat [ 4 28 0 0], v0000013345796bf0_0, L_0000013345799910;
L_00000133457f7710 .cmp/eq 32, L_00000133457f7210, L_0000013345799958;
L_00000133457f8390 .concat [ 4 28 0 0], v0000013345796bf0_0, L_00000133457999a0;
L_00000133457f77b0 .cmp/eq 32, L_00000133457f8390, L_00000133457999e8;
L_00000133457f8430 .concat [ 4 28 0 0], v0000013345796bf0_0, L_0000013345799a30;
L_00000133457f7a30 .cmp/eq 32, L_00000133457f8430, L_0000013345799a78;
L_00000133457f70d0 .functor MUXZ 32, L_0000013345799ac0, L_00000133457980c0, L_00000133457f1c80, C4<>;
L_00000133457f82f0 .concat [ 4 28 0 0], v0000013345796bf0_0, L_0000013345799b08;
L_00000133457f7b70 .cmp/eq 32, L_00000133457f82f0, L_0000013345799b50;
L_00000133457f7d50 .concat [ 4 28 0 0], v0000013345796bf0_0, L_0000013345799b98;
L_00000133457f7c10 .cmp/eq 32, L_00000133457f7d50, L_0000013345799be0;
L_00000133457f7850 .concat [ 4 28 0 0], v0000013345796bf0_0, L_0000013345799c28;
L_00000133457f7030 .cmp/eq 32, L_00000133457f7850, L_0000013345799c70;
L_00000133457f7ad0 .concat8 [ 1 1 1 1], L_00000133457f1f20, L_00000133457f2000, L_00000133457f2070, L_00000133457f20e0;
L_00000133457f7cb0 .concat [ 4 28 0 0], v0000013345796bf0_0, L_0000013345799cb8;
L_00000133457f7df0 .cmp/eq 32, L_00000133457f7cb0, L_0000013345799d00;
L_00000133457f7e90 .concat [ 4 28 0 0], v0000013345796bf0_0, L_0000013345799d48;
L_00000133457f7350 .cmp/eq 32, L_00000133457f7e90, L_0000013345799d90;
L_00000133457f84d0 .functor MUXZ 32, v00000133457957f0_0, L_00000133457f70d0, L_00000133457f13c0, C4<>;
L_00000133457f73f0 .concat [ 4 28 0 0], v0000013345796bf0_0, L_0000013345799dd8;
L_00000133457f7f30 .cmp/eq 32, L_00000133457f73f0, L_0000013345799e20;
L_00000133457f8570 .part L_00000133457960b0, 1, 1;
L_00000133457f7170 .part v0000013345796970_0, 24, 8;
L_00000133457f7490 .functor MUXZ 8, L_0000013345799e68, L_00000133457f7170, L_00000133457f8570, C4<>;
L_00000133457f8610 .part L_00000133457960b0, 1, 1;
L_00000133457f8070 .part v0000013345796970_0, 16, 8;
L_00000133457f8110 .functor MUXZ 8, L_0000013345799eb0, L_00000133457f8070, L_00000133457f8610, C4<>;
L_00000133457f7fd0 .part L_00000133457960b0, 1, 1;
L_00000133457f5190 .reduce/or L_00000133457f7fd0;
L_00000133457f5690 .part v0000013345796970_0, 8, 8;
L_00000133457f6130 .functor MUXZ 8, L_0000013345799ef8, L_00000133457f5690, L_00000133457f5190, C4<>;
L_00000133457f6d10 .part v0000013345796970_0, 0, 8;
L_00000133457f5f50 .concat [ 8 24 0 0], L_00000133457f6d10, L_0000013345799f40;
L_00000133457f4f10 .concat [ 8 8 16 0], L_00000133457f6d10, L_00000133457f6130, L_0000013345799f88;
L_00000133457f5910 .concat [ 8 8 8 8], L_00000133457f6d10, L_00000133457f6130, L_00000133457f8110, L_00000133457f7490;
L_00000133457f4790 .part L_00000133457960b0, 1, 1;
L_00000133457f69f0 .part L_00000133457960b0, 1, 1;
L_00000133457f61d0 .reduce/or L_00000133457f69f0;
L_00000133457f6e50 .functor MUXZ 32, L_00000133457f5f50, L_00000133457f4f10, L_00000133457f1580, C4<>;
L_00000133457f5ff0 .functor MUXZ 32, L_00000133457f6e50, L_00000133457f5910, L_00000133457f1430, C4<>;
L_00000133457f6590 .concat [ 4 28 0 0], v0000013345796bf0_0, L_0000013345799fd0;
L_00000133457f6db0 .cmp/eq 32, L_00000133457f6590, L_000001334579a018;
L_00000133457f5730 .concat [ 4 28 0 0], v0000013345796bf0_0, L_000001334579a060;
L_00000133457f6270 .cmp/eq 32, L_00000133457f5730, L_000001334579a0a8;
L_00000133457f64f0 .functor MUXZ 32, L_000001334579a0f0, v0000013345795d90_0, L_0000013345797d00, C4<>;
L_00000133457f57d0 .functor MUXZ 32, L_00000133457f64f0, L_00000133457980c0, L_00000133457fb970, C4<>;
    .scope S_0000013344e66a90;
T_0 ;
    %pushi/vec4 0, 0, 4;
    %store/vec4 v0000013345796bf0_0, 0, 4;
    %pushi/vec4 0, 0, 32;
    %store/vec4 v00000133457957f0_0, 0, 32;
    %pushi/vec4 0, 0, 32;
    %store/vec4 v00000133457954d0_0, 0, 32;
    %pushi/vec4 0, 0, 32;
    %ix/load 4, 0, 0;
    %flag_set/imm 4, 0;
    %store/vec4a v0000013345796d30, 4, 0;
    %end;
    .thread T_0;
    .scope S_0000013344e66a90;
T_1 ;
    %wait E_0000013344def6b0;
    %load/vec4 v0000013345795a70_0;
    %flag_set/vec4 8;
    %jmp/0xz  T_1.0, 8;
    %pushi/vec4 0, 0, 32;
    %assign/vec4 v00000133457957f0_0, 0;
    %pushi/vec4 0, 0, 4;
    %assign/vec4 v0000013345796bf0_0, 0;
    %pushi/vec4 0, 0, 32;
    %assign/vec4 v0000013345796290_0, 0;
    %jmp T_1.1;
T_1.0 ;
    %load/vec4 v0000013345796bf0_0;
    %dup/vec4;
    %pushi/vec4 0, 0, 4;
    %cmp/u;
    %jmp/1 T_1.2, 6;
    %dup/vec4;
    %pushi/vec4 9, 0, 4;
    %cmp/u;
    %jmp/1 T_1.3, 6;
    %dup/vec4;
    %pushi/vec4 1, 0, 4;
    %cmp/u;
    %jmp/1 T_1.4, 6;
    %dup/vec4;
    %pushi/vec4 2, 0, 4;
    %cmp/u;
    %jmp/1 T_1.5, 6;
    %dup/vec4;
    %pushi/vec4 3, 0, 4;
    %cmp/u;
    %jmp/1 T_1.6, 6;
    %dup/vec4;
    %pushi/vec4 5, 0, 4;
    %cmp/u;
    %jmp/1 T_1.7, 6;
    %dup/vec4;
    %pushi/vec4 6, 0, 4;
    %cmp/u;
    %jmp/1 T_1.8, 6;
    %dup/vec4;
    %pushi/vec4 7, 0, 4;
    %cmp/u;
    %jmp/1 T_1.9, 6;
    %dup/vec4;
    %pushi/vec4 8, 0, 4;
    %cmp/u;
    %jmp/1 T_1.10, 6;
    %dup/vec4;
    %pushi/vec4 10, 0, 4;
    %cmp/u;
    %jmp/1 T_1.11, 6;
    %jmp T_1.12;
T_1.2 ;
    %load/vec4 v0000013345795a70_0;
    %flag_set/vec4 8;
    %jmp/0xz  T_1.13, 8;
    %pushi/vec4 0, 0, 4;
    %assign/vec4 v0000013345796bf0_0, 0;
    %jmp T_1.14;
T_1.13 ;
    %pushi/vec4 9, 0, 4;
    %assign/vec4 v0000013345796bf0_0, 0;
T_1.14 ;
    %jmp T_1.12;
T_1.3 ;
    %pushi/vec4 1, 0, 4;
    %assign/vec4 v0000013345796bf0_0, 0;
    %jmp T_1.12;
T_1.4 ;
    %load/vec4 v0000013345796650_0;
    %assign/vec4 v0000013345796290_0, 0;
    %pushi/vec4 2, 0, 4;
    %assign/vec4 v0000013345796bf0_0, 0;
    %jmp T_1.12;
T_1.5 ;
    %load/vec4 v0000013345796290_0;
    %parti/s 5, 15, 5;
    %pad/u 7;
    %ix/vec4 4;
    %load/vec4a v0000013345796d30, 4;
    %assign/vec4 v0000013345795610_0, 0;
    %load/vec4 v0000013345796290_0;
    %parti/s 5, 20, 6;
    %pad/u 7;
    %ix/vec4 4;
    %load/vec4a v0000013345796d30, 4;
    %assign/vec4 v0000013345796970_0, 0;
    %load/vec4 v0000013345796470_0;
    %inv;
    %flag_set/vec4 8;
    %jmp/0 T_1.15, 8;
    %pushi/vec4 3, 0, 32;
    %jmp/1 T_1.16, 8;
T_1.15 ; End of true expr.
    %pushi/vec4 4, 0, 32;
    %jmp/0 T_1.16, 8;
 ; End of false expr.
    %blend;
T_1.16;
    %pad/s 4;
    %assign/vec4 v0000013345796bf0_0, 0;
    %jmp T_1.12;
T_1.6 ;
    %load/vec4 v0000013345795cf0_0;
    %load/vec4 v0000013344e002f0_0;
    %and;
    %flag_set/vec4 8;
    %jmp/0 T_1.17, 8;
    %load/vec4 v0000013345795e30_0;
    %jmp/1 T_1.18, 8;
T_1.17 ; End of true expr.
    %load/vec4 v00000133457968d0_0;
    %jmp/0 T_1.18, 8;
 ; End of false expr.
    %blend;
T_1.18;
    %assign/vec4 v00000133457957f0_0, 0;
    %load/vec4 v0000013345796010_0;
    %load/vec4 v0000013345795bb0_0;
    %or;
    %nor/r;
    %flag_set/vec4 8;
    %jmp/0 T_1.19, 8;
    %pushi/vec4 9, 0, 32;
    %jmp/1 T_1.20, 8;
T_1.19 ; End of true expr.
    %pushi/vec4 5, 0, 32;
    %jmp/0 T_1.20, 8;
 ; End of false expr.
    %blend;
T_1.20;
    %pad/s 4;
    %assign/vec4 v0000013345796bf0_0, 0;
    %jmp T_1.12;
T_1.7 ;
    %load/vec4 v0000013345795bb0_0;
    %flag_set/vec4 9;
    %flag_get/vec4 9;
    %jmp/0 T_1.23, 9;
    %load/vec4 v00000133457959d0_0;
    %parti/s 1, 1, 2;
    %and;
T_1.23;
    %flag_set/vec4 8;
    %jmp/0 T_1.21, 8;
    %load/vec4 v0000013345796650_0;
    %parti/s 8, 24, 6;
    %jmp/1 T_1.22, 8;
T_1.21 ; End of true expr.
    %pushi/vec4 0, 0, 8;
    %jmp/0 T_1.22, 8;
 ; End of false expr.
    %blend;
T_1.22;
    %ix/load 4, 24, 0;
    %ix/load 5, 0, 0;
    %flag_set/imm 4, 0;
    %assign/vec4/off/d v0000013345795d90_0, 4, 5;
    %pushi/vec4 6, 0, 4;
    %assign/vec4 v0000013345796bf0_0, 0;
    %jmp T_1.12;
T_1.8 ;
    %load/vec4 v0000013345795bb0_0;
    %flag_set/vec4 9;
    %flag_get/vec4 9;
    %jmp/0 T_1.26, 9;
    %load/vec4 v00000133457959d0_0;
    %parti/s 1, 1, 2;
    %and;
T_1.26;
    %flag_set/vec4 8;
    %jmp/0 T_1.24, 8;
    %load/vec4 v0000013345796650_0;
    %parti/s 8, 16, 6;
    %jmp/1 T_1.25, 8;
T_1.24 ; End of true expr.
    %pushi/vec4 0, 0, 8;
    %jmp/0 T_1.25, 8;
 ; End of false expr.
    %blend;
T_1.25;
    %ix/load 4, 16, 0;
    %ix/load 5, 0, 0;
    %flag_set/imm 4, 0;
    %assign/vec4/off/d v0000013345795d90_0, 4, 5;
    %pushi/vec4 7, 0, 4;
    %assign/vec4 v0000013345796bf0_0, 0;
    %jmp T_1.12;
T_1.9 ;
    %load/vec4 v00000133457959d0_0;
    %or/r;
    %flag_set/vec4 9;
    %flag_get/vec4 9;
    %jmp/0 T_1.29, 9;
    %load/vec4 v0000013345795bb0_0;
    %and;
T_1.29;
    %flag_set/vec4 8;
    %jmp/0 T_1.27, 8;
    %load/vec4 v0000013345796650_0;
    %parti/s 8, 8, 5;
    %jmp/1 T_1.28, 8;
T_1.27 ; End of true expr.
    %pushi/vec4 0, 0, 8;
    %jmp/0 T_1.28, 8;
 ; End of false expr.
    %blend;
T_1.28;
    %ix/load 4, 8, 0;
    %ix/load 5, 0, 0;
    %flag_set/imm 4, 0;
    %assign/vec4/off/d v0000013345795d90_0, 4, 5;
    %pushi/vec4 8, 0, 4;
    %assign/vec4 v0000013345796bf0_0, 0;
    %jmp T_1.12;
T_1.10 ;
    %load/vec4 v0000013345795bb0_0;
    %flag_set/vec4 8;
    %jmp/0 T_1.30, 8;
    %load/vec4 v0000013345796650_0;
    %parti/s 8, 0, 2;
    %jmp/1 T_1.31, 8;
T_1.30 ; End of true expr.
    %pushi/vec4 0, 0, 8;
    %jmp/0 T_1.31, 8;
 ; End of false expr.
    %blend;
T_1.31;
    %ix/load 4, 0, 0;
    %ix/load 5, 0, 0;
    %flag_set/imm 4, 0;
    %assign/vec4/off/d v0000013345795d90_0, 4, 5;
    %pushi/vec4 10, 0, 4;
    %assign/vec4 v0000013345796bf0_0, 0;
    %jmp T_1.12;
T_1.11 ;
    %pushi/vec4 9, 0, 4;
    %assign/vec4 v0000013345796bf0_0, 0;
    %jmp T_1.12;
T_1.12 ;
    %pop/vec4 1;
T_1.1 ;
    %jmp T_1;
    .thread T_1;
    .scope S_0000013344e66a90;
T_2 ;
    %wait E_0000013344def6b0;
    %load/vec4 v0000013345795a70_0;
    %flag_set/vec4 8;
    %jmp/0xz  T_2.0, 8;
    %pushi/vec4 0, 0, 32;
    %assign/vec4 v00000133457954d0_0, 0;
    %jmp T_2.1;
T_2.0 ;
    %load/vec4 v0000013345796bf0_0;
    %pad/u 32;
    %cmpi/ne 4, 0, 32;
    %jmp/0xz  T_2.2, 4;
    %load/vec4 v00000133457954d0_0;
    %addi 1, 0, 32;
    %assign/vec4 v00000133457954d0_0, 0;
T_2.2 ;
T_2.1 ;
    %jmp T_2;
    .thread T_2;
    .scope S_0000013344e66a90;
T_3 ;
    %wait E_0000013344def6b0;
    %load/vec4 v00000133457966f0_0;
    %flag_set/vec4 8;
    %jmp/0xz  T_3.0, 8;
    %load/vec4 v0000013345796790_0;
    %pad/u 32;
    %cmpi/ne 0, 0, 32;
    %jmp/0xz  T_3.2, 4;
    %load/vec4 v0000013345795b10_0;
    %load/vec4 v0000013345796790_0;
    %pad/u 7;
    %ix/vec4 3;
    %ix/load 4, 0, 0; Constant delay
    %assign/vec4/a/d v0000013345796d30, 0, 4;
T_3.2 ;
T_3.0 ;
    %jmp T_3;
    .thread T_3;
# The file index is used to find the file name in the following table.
:file_names 3;
    "N/A";
    "<interactive>";
    "cpu.v";
