#! /c/Source/iverilog-install/bin/vvp
:ivl_version "12.0 (devel)" "(s20150603-1539-g2693dd32b)";
:ivl_delay_selection "TYPICAL";
:vpi_time_precision + 0;
:vpi_module "C:\iverilog\lib\ivl\system.vpi";
:vpi_module "C:\iverilog\lib\ivl\vhdl_sys.vpi";
:vpi_module "C:\iverilog\lib\ivl\vhdl_textio.vpi";
:vpi_module "C:\iverilog\lib\ivl\v2005_math.vpi";
:vpi_module "C:\iverilog\lib\ivl\va_math.vpi";
S_000001ba202cc460 .scope module, "top" "top" 2 7;
 .timescale 0 0;
    .port_info 0 /INPUT 1 "rst";
    .port_info 1 /INPUT 1 "clk";
    .port_info 2 /OUTPUT 32 "cycle";
RS_000001ba202d0d78 .resolv tri, L_000001ba20c9abb0, L_000001ba20c9e1d0;
v000001ba20c3dbd0_0 .net8 "addr", 31 0, RS_000001ba202d0d78;  2 drivers
o000001ba202d0ad8 .functor BUFZ 1, C4<z>; HiZ drive
v000001ba20c3e3f0_0 .net "clk", 0 0, o000001ba202d0ad8;  0 drivers
v000001ba20c3d810_0 .net "cycle", 31 0, v000001ba20c3c340_0;  1 drivers
v000001ba20c3de50_0 .net "mem_rdata", 31 0, v000001ba20c3caf0_0;  1 drivers
o000001ba202d0f28 .functor BUFZ 1, C4<z>; HiZ drive
v000001ba20c3cf50_0 .net "rst", 0 0, o000001ba202d0f28;  0 drivers
v000001ba20c3def0_0 .net "rstrb", 0 0, L_000001ba20c9b6f0;  1 drivers
v000001ba20c3e0d0_0 .net "wstrb", 3 0, L_000001ba20c9a110;  1 drivers
S_000001ba202912c0 .scope module, "cpu0" "cpu" 2 18, 3 4 0, S_000001ba202cc460;
 .timescale 0 0;
    .port_info 0 /INPUT 1 "rst";
    .port_info 1 /INPUT 1 "clk";
    .port_info 2 /INPUT 32 "mem_rdata";
    .port_info 3 /OUTPUT 32 "mem_wdata";
    .port_info 4 /OUTPUT 32 "mem_addr";
    .port_info 5 /OUTPUT 32 "cycle";
    .port_info 6 /OUTPUT 1 "mem_rstrb";
    .port_info 7 /OUTPUT 4 "mem_wstrb";
P_000001ba20291450 .param/l "BYTE1" 0 3 20, +C4<00000000000000000000000000000101>;
P_000001ba20291488 .param/l "BYTE2" 0 3 20, +C4<00000000000000000000000000000110>;
P_000001ba202914c0 .param/l "BYTE3" 0 3 20, +C4<00000000000000000000000000000111>;
P_000001ba202914f8 .param/l "BYTE4" 0 3 20, +C4<00000000000000000000000000001000>;
P_000001ba20291530 .param/l "DECODE" 0 3 20, +C4<00000000000000000000000000000010>;
P_000001ba20291568 .param/l "EXECUTE" 0 3 20, +C4<00000000000000000000000000000011>;
P_000001ba202915a0 .param/l "FETCH" 0 3 20, +C4<00000000000000000000000000000001>;
P_000001ba202915d8 .param/l "HLT" 0 3 20, +C4<00000000000000000000000000000100>;
P_000001ba20291610 .param/l "RESET" 0 3 20, +C4<00000000000000000000000000000000>;
P_000001ba20291648 .param/l "WAIT" 0 3 20, +C4<00000000000000000000000000001001>;
P_000001ba20291680 .param/l "WAIT_LOADING" 0 3 20, +C4<00000000000000000000000000001010>;
L_000001ba202c38b0 .functor XOR 32, v000001ba20c3bf80_0, L_000001ba20c3fd20, C4<00000000000000000000000000000000>, C4<00000000000000000000000000000000>;
L_000001ba202c4250 .functor OR 32, v000001ba20c3bf80_0, L_000001ba20c3fd20, C4<00000000000000000000000000000000>, C4<00000000000000000000000000000000>;
L_000001ba202c3ae0 .functor NOT 32, L_000001ba20c3fd20, C4<00000000000000000000000000000000>, C4<00000000000000000000000000000000>, C4<00000000000000000000000000000000>;
L_000001ba202c44f0 .functor XOR 1, L_000001ba20c3ffa0, L_000001ba20c402c0, C4<0>, C4<0>;
L_000001ba202c4170 .functor AND 1, L_000001ba20c3fbe0, L_000001ba20c40180, C4<1>, C4<1>;
L_000001ba202c3e60 .functor AND 1, L_000001ba20c40d60, L_000001ba20c3fe60, C4<1>, C4<1>;
L_000001ba202c3840 .functor OR 1, L_000001ba202c4170, L_000001ba202c3e60, C4<0>, C4<0>;
L_000001ba202c4560 .functor AND 1, L_000001ba20c40c20, L_000001ba20c400e0, C4<1>, C4<1>;
L_000001ba202c4090 .functor OR 1, L_000001ba202c3840, L_000001ba202c4560, C4<0>, C4<0>;
L_000001ba202c4330 .functor AND 1, L_000001ba20c418a0, L_000001ba20c41580, C4<1>, C4<1>;
L_000001ba202c4100 .functor OR 1, L_000001ba202c4090, L_000001ba202c4330, C4<0>, C4<0>;
L_000001ba202c3ca0 .functor AND 1, L_000001ba20c41300, L_000001ba20c40fe0, C4<1>, C4<1>;
L_000001ba202c4480 .functor OR 1, L_000001ba202c4100, L_000001ba202c3ca0, C4<0>, C4<0>;
L_000001ba202c43a0 .functor AND 1, L_000001ba20c41940, L_000001ba20c40400, C4<1>, C4<1>;
L_000001ba202c3920 .functor OR 1, L_000001ba202c4480, L_000001ba202c43a0, C4<0>, C4<0>;
L_000001ba202c42c0 .functor AND 1, L_000001ba20c40220, L_000001ba20c40b80, C4<1>, C4<1>;
L_000001ba202c4410 .functor NOT 1, L_000001ba20c40e00, C4<0>, C4<0>, C4<0>;
L_000001ba202c45d0 .functor AND 1, L_000001ba202c42c0, L_000001ba202c4410, C4<1>, C4<1>;
L_000001ba202c4640 .functor AND 1, L_000001ba20c41620, L_000001ba20c40a40, C4<1>, C4<1>;
L_000001ba202c46b0 .functor NOT 1, L_000001ba20c3fb40, C4<0>, C4<0>, C4<0>;
L_000001ba202c3c30 .functor AND 1, L_000001ba20c40f40, L_000001ba202c46b0, C4<1>, C4<1>;
L_000001ba202c4720 .functor AND 1, L_000001ba202c3c30, L_000001ba20c41260, C4<1>, C4<1>;
L_000001ba202c3a00 .functor OR 1, L_000001ba20c40b80, L_000001ba20c411c0, C4<0>, C4<0>;
L_000001ba202c3a70 .functor OR 1, L_000001ba20c9a250, L_000001ba20c9ae30, C4<0>, C4<0>;
L_000001ba202c3d10 .functor OR 1, L_000001ba202c3a70, L_000001ba20c9b3d0, C4<0>, C4<0>;
L_000001ba202c3d80 .functor OR 1, L_000001ba202c3d10, L_000001ba20c9b470, C4<0>, C4<0>;
L_000001ba202c4020 .functor OR 1, L_000001ba202c3d80, L_000001ba20c9a2f0, C4<0>, C4<0>;
L_000001ba202c3df0 .functor AND 1, L_000001ba20c3fb40, L_000001ba20c99cb0, C4<1>, C4<1>;
L_000001ba202c3f40 .functor AND 1, L_000001ba20c3fb40, L_000001ba20c99f30, C4<1>, C4<1>;
L_000001ba202c3fb0 .functor AND 1, L_000001ba20c3fb40, L_000001ba20c9a6b0, C4<1>, C4<1>;
L_000001ba20c9e0f0 .functor AND 1, L_000001ba20c3fb40, L_000001ba20c9a570, C4<1>, C4<1>;
L_000001ba20c9e160 .functor OR 1, L_000001ba202c3d80, L_000001ba20c9a1b0, C4<0>, C4<0>;
L_000001ba20c9e8d0 .functor AND 1, L_000001ba20c3fb40, L_000001ba20c9e160, C4<1>, C4<1>;
L_000001ba20c9e1d0 .functor BUFZ 32, v000001ba20c3b1c0_0, C4<00000000000000000000000000000000>, C4<00000000000000000000000000000000>, C4<00000000000000000000000000000000>;
L_000001ba20c9e630 .functor AND 1, L_000001ba20c9a070, L_000001ba202c3d80, C4<1>, C4<1>;
L_000001ba20c9de50 .functor AND 1, L_000001ba20c9a4d0, L_000001ba202c3d80, C4<1>, C4<1>;
L_000001ba20c9dec0 .functor OR 1, L_000001ba20c40a40, L_000001ba20c40b80, C4<0>, C4<0>;
L_000001ba20c9e240 .functor AND 1, L_000001ba20c9dec0, L_000001ba20c9a890, C4<1>, C4<1>;
L_000001ba20c9e550 .functor OR 1, L_000001ba20c40a40, L_000001ba20c40b80, C4<0>, C4<0>;
v000001ba202c9d90_0 .net "ADD", 31 0, L_000001ba20c3ff00;  1 drivers
v000001ba202c9ed0_0 .net "B_data", 31 0, L_000001ba20c3d310;  1 drivers
v000001ba202c9890_0 .net "EQUAL", 0 0, L_000001ba20c40180;  1 drivers
v000001ba202c8710_0 .net "GREATER_THAN", 0 0, L_000001ba20c40fe0;  1 drivers
v000001ba202c9e30_0 .net "GREATER_THAN_U", 0 0, L_000001ba20c3fe60;  1 drivers
v000001ba202c9f70_0 .net "I_data", 31 0, L_000001ba20c3e490;  1 drivers
v000001ba202c8670_0 .net "LESS_THAN", 0 0, L_000001ba20c41580;  1 drivers
v000001ba202ca010_0 .net "LESS_THAN_U", 0 0, L_000001ba20c40400;  1 drivers
v000001ba202c9610_0 .net "NEQUAL", 0 0, L_000001ba20c400e0;  1 drivers
v000001ba202c9b10_0 .net "OR", 31 0, L_000001ba202c4250;  1 drivers
v000001ba202c9930_0 .net "SB_data", 31 0, L_000001ba20c9b790;  1 drivers
v000001ba202c87b0_0 .net "SH_data", 31 0, L_000001ba20c99b70;  1 drivers
v000001ba202c96b0_0 .net "SUB", 32 0, L_000001ba20c413a0;  1 drivers
v000001ba202c9bb0_0 .net "SW_data", 31 0, L_000001ba20c9a430;  1 drivers
v000001ba202c88f0_0 .net "S_data", 31 0, L_000001ba20c419e0;  1 drivers
v000001ba202c9750_0 .net "TAKE_BRANCH", 0 0, L_000001ba202c3920;  1 drivers
v000001ba202c97f0_0 .net "XOR", 31 0, L_000001ba202c38b0;  1 drivers
v000001ba202c8990_0 .net *"_ivl_10", 20 0, L_000001ba20c3e350;  1 drivers
L_000001ba20c41dd8 .functor BUFT 1, C4<000>, C4<0>, C4<0>, C4<0>;
v000001ba202c9390_0 .net/2u *"_ivl_108", 2 0, L_000001ba20c41dd8;  1 drivers
v000001ba202c8850_0 .net *"_ivl_110", 0 0, L_000001ba20c3fbe0;  1 drivers
v000001ba202c9070_0 .net *"_ivl_112", 0 0, L_000001ba202c4170;  1 drivers
L_000001ba20c41e20 .functor BUFT 1, C4<111>, C4<0>, C4<0>, C4<0>;
v000001ba202ca0b0_0 .net/2u *"_ivl_114", 2 0, L_000001ba20c41e20;  1 drivers
v000001ba202ca150_0 .net *"_ivl_116", 0 0, L_000001ba20c40d60;  1 drivers
v000001ba202c85d0_0 .net *"_ivl_118", 0 0, L_000001ba202c3e60;  1 drivers
v000001ba202c9a70_0 .net *"_ivl_120", 0 0, L_000001ba202c3840;  1 drivers
L_000001ba20c41e68 .functor BUFT 1, C4<001>, C4<0>, C4<0>, C4<0>;
v000001ba202c8b70_0 .net/2u *"_ivl_122", 2 0, L_000001ba20c41e68;  1 drivers
v000001ba202ca1f0_0 .net *"_ivl_124", 0 0, L_000001ba20c40c20;  1 drivers
v000001ba202c9430_0 .net *"_ivl_126", 0 0, L_000001ba202c4560;  1 drivers
v000001ba202c9570_0 .net *"_ivl_128", 0 0, L_000001ba202c4090;  1 drivers
v000001ba202c9c50_0 .net *"_ivl_13", 10 0, L_000001ba20c3d270;  1 drivers
L_000001ba20c41eb0 .functor BUFT 1, C4<100>, C4<0>, C4<0>, C4<0>;
v000001ba202c9cf0_0 .net/2u *"_ivl_130", 2 0, L_000001ba20c41eb0;  1 drivers
v000001ba202ca290_0 .net *"_ivl_132", 0 0, L_000001ba20c418a0;  1 drivers
v000001ba202ca330_0 .net *"_ivl_134", 0 0, L_000001ba202c4330;  1 drivers
v000001ba202c8490_0 .net *"_ivl_136", 0 0, L_000001ba202c4100;  1 drivers
L_000001ba20c41ef8 .functor BUFT 1, C4<101>, C4<0>, C4<0>, C4<0>;
v000001ba202c8530_0 .net/2u *"_ivl_138", 2 0, L_000001ba20c41ef8;  1 drivers
v000001ba202c8ad0_0 .net *"_ivl_140", 0 0, L_000001ba20c41300;  1 drivers
v000001ba202c8e90_0 .net *"_ivl_142", 0 0, L_000001ba202c3ca0;  1 drivers
v000001ba202c8a30_0 .net *"_ivl_144", 0 0, L_000001ba202c4480;  1 drivers
L_000001ba20c41f40 .functor BUFT 1, C4<110>, C4<0>, C4<0>, C4<0>;
v000001ba202c8c10_0 .net/2u *"_ivl_146", 2 0, L_000001ba20c41f40;  1 drivers
v000001ba202c8cb0_0 .net *"_ivl_148", 0 0, L_000001ba20c41940;  1 drivers
v000001ba202c8d50_0 .net *"_ivl_150", 0 0, L_000001ba202c43a0;  1 drivers
L_000001ba20c41f88 .functor BUFT 1, C4<000>, C4<0>, C4<0>, C4<0>;
v000001ba202c8df0_0 .net/2u *"_ivl_154", 2 0, L_000001ba20c41f88;  1 drivers
v000001ba202c8f30_0 .net *"_ivl_156", 0 0, L_000001ba20c40220;  1 drivers
v000001ba202c9110_0 .net *"_ivl_158", 0 0, L_000001ba202c42c0;  1 drivers
v000001ba202c91b0_0 .net *"_ivl_161", 0 0, L_000001ba20c40e00;  1 drivers
v000001ba202c9250_0 .net *"_ivl_162", 0 0, L_000001ba202c4410;  1 drivers
v000001ba202c92f0_0 .net *"_ivl_164", 0 0, L_000001ba202c45d0;  1 drivers
L_000001ba20c41fd0 .functor BUFT 1, C4<000>, C4<0>, C4<0>, C4<0>;
v000001ba202c94d0_0 .net/2u *"_ivl_166", 2 0, L_000001ba20c41fd0;  1 drivers
v000001ba2031e2e0_0 .net *"_ivl_168", 0 0, L_000001ba20c41620;  1 drivers
v000001ba2031e4c0_0 .net *"_ivl_17", 0 0, L_000001ba20c3c910;  1 drivers
v000001ba2031e740_0 .net *"_ivl_170", 0 0, L_000001ba202c4640;  1 drivers
L_000001ba20c42018 .functor BUFT 1, C4<000>, C4<0>, C4<0>, C4<0>;
v000001ba2031c8a0_0 .net/2u *"_ivl_172", 2 0, L_000001ba20c42018;  1 drivers
v000001ba2031d2a0_0 .net *"_ivl_174", 0 0, L_000001ba20c40f40;  1 drivers
v000001ba2031ce40_0 .net *"_ivl_176", 0 0, L_000001ba202c46b0;  1 drivers
v000001ba2031d660_0 .net *"_ivl_178", 0 0, L_000001ba202c3c30;  1 drivers
v000001ba2031cbc0_0 .net *"_ivl_18", 19 0, L_000001ba20c3d4f0;  1 drivers
v000001ba2031d700_0 .net *"_ivl_181", 0 0, L_000001ba20c41260;  1 drivers
v000001ba2031d020_0 .net *"_ivl_182", 0 0, L_000001ba202c4720;  1 drivers
v000001ba2031d980_0 .net *"_ivl_185", 31 0, L_000001ba20c41800;  1 drivers
L_000001ba20c42060 .functor BUFT 1, C4<100>, C4<0>, C4<0>, C4<0>;
v000001ba2031d340_0 .net/2u *"_ivl_186", 2 0, L_000001ba20c42060;  1 drivers
v000001ba2031e380_0 .net *"_ivl_188", 0 0, L_000001ba20c40360;  1 drivers
L_000001ba20c420a8 .functor BUFT 1, C4<110>, C4<0>, C4<0>, C4<0>;
v000001ba2031c940_0 .net/2u *"_ivl_190", 2 0, L_000001ba20c420a8;  1 drivers
v000001ba2031e600_0 .net *"_ivl_192", 0 0, L_000001ba20c41080;  1 drivers
L_000001ba20c420f0 .functor BUFT 1, C4<00000000000000000000000000000000>, C4<0>, C4<0>, C4<0>;
v000001ba2031e420_0 .net/2u *"_ivl_194", 31 0, L_000001ba20c420f0;  1 drivers
v000001ba2031d5c0_0 .net *"_ivl_196", 31 0, L_000001ba20c414e0;  1 drivers
v000001ba2031c9e0_0 .net *"_ivl_198", 31 0, L_000001ba20c41120;  1 drivers
v000001ba2031d200_0 .net *"_ivl_200", 31 0, L_000001ba20c41440;  1 drivers
v000001ba2031ca80_0 .net *"_ivl_202", 31 0, L_000001ba20c416c0;  1 drivers
v000001ba2031cc60_0 .net *"_ivl_204", 31 0, L_000001ba20c404a0;  1 drivers
v000001ba2031dc00_0 .net *"_ivl_21", 0 0, L_000001ba20c3cb90;  1 drivers
v000001ba2031d3e0_0 .net *"_ivl_210", 0 0, L_000001ba202c3a00;  1 drivers
v000001ba2031d8e0_0 .net *"_ivl_212", 31 0, L_000001ba20c3fc80;  1 drivers
L_000001ba20c42138 .functor BUFT 1, C4<00000000000000000000000000000100>, C4<0>, C4<0>, C4<0>;
v000001ba2031da20_0 .net/2u *"_ivl_216", 31 0, L_000001ba20c42138;  1 drivers
L_000001ba20c42180 .functor BUFT 1, C4<00000000000000000000000000000000>, C4<0>, C4<0>, C4<0>;
v000001ba2031e560_0 .net/2u *"_ivl_220", 31 0, L_000001ba20c42180;  1 drivers
v000001ba2031d7a0_0 .net *"_ivl_222", 31 0, L_000001ba20c405e0;  1 drivers
v000001ba2031cda0_0 .net *"_ivl_226", 31 0, L_000001ba20c409a0;  1 drivers
L_000001ba20c421c8 .functor BUFT 1, C4<0000000000000000000000000000>, C4<0>, C4<0>, C4<0>;
v000001ba2031e6a0_0 .net *"_ivl_229", 27 0, L_000001ba20c421c8;  1 drivers
v000001ba2031dfc0_0 .net *"_ivl_23", 5 0, L_000001ba20c3cc30;  1 drivers
L_000001ba20c42210 .functor BUFT 1, C4<00000000000000000000000000000101>, C4<0>, C4<0>, C4<0>;
v000001ba2031dac0_0 .net/2u *"_ivl_230", 31 0, L_000001ba20c42210;  1 drivers
v000001ba2031de80_0 .net *"_ivl_232", 0 0, L_000001ba20c9a250;  1 drivers
v000001ba2031d480_0 .net *"_ivl_234", 31 0, L_000001ba20c9b150;  1 drivers
L_000001ba20c42258 .functor BUFT 1, C4<0000000000000000000000000000>, C4<0>, C4<0>, C4<0>;
v000001ba2031dd40_0 .net *"_ivl_237", 27 0, L_000001ba20c42258;  1 drivers
L_000001ba20c422a0 .functor BUFT 1, C4<00000000000000000000000000000110>, C4<0>, C4<0>, C4<0>;
v000001ba2031db60_0 .net/2u *"_ivl_238", 31 0, L_000001ba20c422a0;  1 drivers
v000001ba2031dca0_0 .net *"_ivl_240", 0 0, L_000001ba20c9ae30;  1 drivers
v000001ba2031dde0_0 .net *"_ivl_242", 0 0, L_000001ba202c3a70;  1 drivers
v000001ba2031cd00_0 .net *"_ivl_244", 31 0, L_000001ba20c9b1f0;  1 drivers
L_000001ba20c422e8 .functor BUFT 1, C4<0000000000000000000000000000>, C4<0>, C4<0>, C4<0>;
v000001ba2031e240_0 .net *"_ivl_247", 27 0, L_000001ba20c422e8;  1 drivers
L_000001ba20c42330 .functor BUFT 1, C4<00000000000000000000000000000111>, C4<0>, C4<0>, C4<0>;
v000001ba2031cb20_0 .net/2u *"_ivl_248", 31 0, L_000001ba20c42330;  1 drivers
v000001ba2031d520_0 .net *"_ivl_25", 3 0, L_000001ba20c3ccd0;  1 drivers
v000001ba2031d0c0_0 .net *"_ivl_250", 0 0, L_000001ba20c9b3d0;  1 drivers
v000001ba2031d840_0 .net *"_ivl_252", 0 0, L_000001ba202c3d10;  1 drivers
v000001ba2031cee0_0 .net *"_ivl_254", 31 0, L_000001ba20c9b010;  1 drivers
L_000001ba20c42378 .functor BUFT 1, C4<0000000000000000000000000000>, C4<0>, C4<0>, C4<0>;
v000001ba2031df20_0 .net *"_ivl_257", 27 0, L_000001ba20c42378;  1 drivers
L_000001ba20c423c0 .functor BUFT 1, C4<00000000000000000000000000001000>, C4<0>, C4<0>, C4<0>;
v000001ba2031d160_0 .net/2u *"_ivl_258", 31 0, L_000001ba20c423c0;  1 drivers
L_000001ba20c41b08 .functor BUFT 1, C4<0>, C4<0>, C4<0>, C4<0>;
v000001ba2031e060_0 .net/2u *"_ivl_26", 0 0, L_000001ba20c41b08;  1 drivers
v000001ba2031cf80_0 .net *"_ivl_260", 0 0, L_000001ba20c9b470;  1 drivers
v000001ba2031e100_0 .net *"_ivl_264", 31 0, L_000001ba20c9aed0;  1 drivers
L_000001ba20c42408 .functor BUFT 1, C4<0000000000000000000000000000>, C4<0>, C4<0>, C4<0>;
v000001ba2031e1a0_0 .net *"_ivl_267", 27 0, L_000001ba20c42408;  1 drivers
L_000001ba20c42450 .functor BUFT 1, C4<00000000000000000000000000001010>, C4<0>, C4<0>, C4<0>;
v000001ba20c394e0_0 .net/2u *"_ivl_268", 31 0, L_000001ba20c42450;  1 drivers
v000001ba20c39da0_0 .net *"_ivl_270", 0 0, L_000001ba20c9a2f0;  1 drivers
v000001ba20c39940_0 .net *"_ivl_272", 0 0, L_000001ba202c4020;  1 drivers
L_000001ba20c42498 .functor BUFT 1, C4<00000000000000000000000000000000>, C4<0>, C4<0>, C4<0>;
v000001ba20c38180_0 .net/2u *"_ivl_274", 31 0, L_000001ba20c42498;  1 drivers
v000001ba20c39080_0 .net *"_ivl_280", 31 0, L_000001ba20c9b650;  1 drivers
L_000001ba20c424e0 .functor BUFT 1, C4<0000000000000000000000000000>, C4<0>, C4<0>, C4<0>;
v000001ba20c38540_0 .net *"_ivl_283", 27 0, L_000001ba20c424e0;  1 drivers
L_000001ba20c42528 .functor BUFT 1, C4<00000000000000000000000000000101>, C4<0>, C4<0>, C4<0>;
v000001ba20c387c0_0 .net/2u *"_ivl_284", 31 0, L_000001ba20c42528;  1 drivers
v000001ba20c39300_0 .net *"_ivl_286", 0 0, L_000001ba20c99cb0;  1 drivers
v000001ba20c39e40_0 .net *"_ivl_288", 0 0, L_000001ba202c3df0;  1 drivers
v000001ba20c385e0_0 .net *"_ivl_292", 31 0, L_000001ba20c9b290;  1 drivers
L_000001ba20c42570 .functor BUFT 1, C4<0000000000000000000000000000>, C4<0>, C4<0>, C4<0>;
v000001ba20c39260_0 .net *"_ivl_295", 27 0, L_000001ba20c42570;  1 drivers
L_000001ba20c425b8 .functor BUFT 1, C4<00000000000000000000000000000110>, C4<0>, C4<0>, C4<0>;
v000001ba20c382c0_0 .net/2u *"_ivl_296", 31 0, L_000001ba20c425b8;  1 drivers
v000001ba20c39800_0 .net *"_ivl_298", 0 0, L_000001ba20c99f30;  1 drivers
v000001ba20c38b80_0 .net *"_ivl_300", 0 0, L_000001ba202c3f40;  1 drivers
v000001ba20c38860_0 .net *"_ivl_304", 31 0, L_000001ba20c9ab10;  1 drivers
L_000001ba20c42600 .functor BUFT 1, C4<0000000000000000000000000000>, C4<0>, C4<0>, C4<0>;
v000001ba20c38360_0 .net *"_ivl_307", 27 0, L_000001ba20c42600;  1 drivers
L_000001ba20c42648 .functor BUFT 1, C4<00000000000000000000000000000111>, C4<0>, C4<0>, C4<0>;
v000001ba20c38900_0 .net/2u *"_ivl_308", 31 0, L_000001ba20c42648;  1 drivers
v000001ba20c399e0_0 .net *"_ivl_31", 0 0, L_000001ba20c3d3b0;  1 drivers
v000001ba20c389a0_0 .net *"_ivl_310", 0 0, L_000001ba20c9a6b0;  1 drivers
v000001ba20c39580_0 .net *"_ivl_312", 0 0, L_000001ba202c3fb0;  1 drivers
v000001ba20c38ae0_0 .net *"_ivl_317", 31 0, L_000001ba20c9a9d0;  1 drivers
v000001ba20c38400_0 .net *"_ivl_32", 20 0, L_000001ba20c3d450;  1 drivers
L_000001ba20c42690 .functor BUFT 1, C4<0000000000000000000000000000>, C4<0>, C4<0>, C4<0>;
v000001ba20c384a0_0 .net *"_ivl_320", 27 0, L_000001ba20c42690;  1 drivers
L_000001ba20c426d8 .functor BUFT 1, C4<00000000000000000000000000001000>, C4<0>, C4<0>, C4<0>;
v000001ba20c38680_0 .net/2u *"_ivl_321", 31 0, L_000001ba20c426d8;  1 drivers
v000001ba20c38d60_0 .net *"_ivl_323", 0 0, L_000001ba20c9a570;  1 drivers
v000001ba20c39440_0 .net *"_ivl_325", 0 0, L_000001ba20c9e0f0;  1 drivers
v000001ba20c38c20_0 .net *"_ivl_327", 31 0, L_000001ba20c99df0;  1 drivers
L_000001ba20c42720 .functor BUFT 1, C4<0000000000000000000000000000>, C4<0>, C4<0>, C4<0>;
v000001ba20c39f80_0 .net *"_ivl_330", 27 0, L_000001ba20c42720;  1 drivers
L_000001ba20c42768 .functor BUFT 1, C4<00000000000000000000000000001010>, C4<0>, C4<0>, C4<0>;
v000001ba20c39ee0_0 .net/2u *"_ivl_331", 31 0, L_000001ba20c42768;  1 drivers
v000001ba20c39a80_0 .net *"_ivl_333", 0 0, L_000001ba20c9a1b0;  1 drivers
v000001ba20c39bc0_0 .net *"_ivl_335", 0 0, L_000001ba20c9e160;  1 drivers
v000001ba20c38f40_0 .net *"_ivl_337", 0 0, L_000001ba20c9e8d0;  1 drivers
v000001ba20c39c60_0 .net *"_ivl_343", 31 0, L_000001ba20c9a390;  1 drivers
L_000001ba20c427b0 .functor BUFT 1, C4<0000000000000000000000000000>, C4<0>, C4<0>, C4<0>;
v000001ba20c38cc0_0 .net *"_ivl_346", 27 0, L_000001ba20c427b0;  1 drivers
L_000001ba20c427f8 .functor BUFT 1, C4<00000000000000000000000000001001>, C4<0>, C4<0>, C4<0>;
v000001ba20c380e0_0 .net/2u *"_ivl_347", 31 0, L_000001ba20c427f8;  1 drivers
v000001ba20c39b20_0 .net *"_ivl_35", 5 0, L_000001ba20c40ae0;  1 drivers
v000001ba20c38720_0 .net *"_ivl_352", 0 0, L_000001ba20c9af70;  1 drivers
v000001ba20c38e00_0 .net *"_ivl_354", 7 0, L_000001ba20c99e90;  1 drivers
L_000001ba20c42840 .functor BUFT 1, C4<00000000>, C4<0>, C4<0>, C4<0>;
v000001ba20c38a40_0 .net/2u *"_ivl_355", 7 0, L_000001ba20c42840;  1 drivers
v000001ba20c38ea0_0 .net *"_ivl_360", 0 0, L_000001ba20c9a610;  1 drivers
v000001ba20c393a0_0 .net *"_ivl_362", 7 0, L_000001ba20c9ad90;  1 drivers
L_000001ba20c42888 .functor BUFT 1, C4<00000000>, C4<0>, C4<0>, C4<0>;
v000001ba20c38fe0_0 .net/2u *"_ivl_363", 7 0, L_000001ba20c42888;  1 drivers
v000001ba20c39d00_0 .net *"_ivl_368", 0 0, L_000001ba20c9b330;  1 drivers
v000001ba20c39620_0 .net *"_ivl_37", 4 0, L_000001ba20c41760;  1 drivers
v000001ba20c39120_0 .net *"_ivl_370", 0 0, L_000001ba20c9b510;  1 drivers
v000001ba20c396c0_0 .net *"_ivl_372", 7 0, L_000001ba20c9a930;  1 drivers
L_000001ba20c428d0 .functor BUFT 1, C4<00000000>, C4<0>, C4<0>, C4<0>;
v000001ba20c39760_0 .net/2u *"_ivl_373", 7 0, L_000001ba20c428d0;  1 drivers
L_000001ba20c42918 .functor BUFT 1, C4<000000000000000000000000>, C4<0>, C4<0>, C4<0>;
v000001ba20c38220_0 .net/2u *"_ivl_379", 23 0, L_000001ba20c42918;  1 drivers
L_000001ba20c42960 .functor BUFT 1, C4<0000000000000000>, C4<0>, C4<0>, C4<0>;
v000001ba20c391c0_0 .net/2u *"_ivl_383", 15 0, L_000001ba20c42960;  1 drivers
v000001ba20c398a0_0 .net *"_ivl_390", 0 0, L_000001ba20c9a070;  1 drivers
v000001ba20c3be40_0 .net *"_ivl_391", 0 0, L_000001ba20c9e630;  1 drivers
v000001ba20c3aea0_0 .net *"_ivl_394", 0 0, L_000001ba20c99c10;  1 drivers
v000001ba20c3a900_0 .net *"_ivl_396", 0 0, L_000001ba20c9a4d0;  1 drivers
v000001ba20c3af40_0 .net *"_ivl_397", 0 0, L_000001ba20c9de50;  1 drivers
v000001ba20c3b580_0 .net *"_ivl_399", 31 0, L_000001ba20c9b0b0;  1 drivers
L_000001ba20c41b50 .functor BUFT 1, C4<01100>, C4<0>, C4<0>, C4<0>;
v000001ba20c3b6c0_0 .net/2u *"_ivl_40", 4 0, L_000001ba20c41b50;  1 drivers
v000001ba20c3c3e0_0 .net *"_ivl_403", 0 0, L_000001ba20c9dec0;  1 drivers
v000001ba20c3a9a0_0 .net *"_ivl_405", 31 0, L_000001ba20c9a7f0;  1 drivers
L_000001ba20c429a8 .functor BUFT 1, C4<0000000000000000000000000000>, C4<0>, C4<0>, C4<0>;
v000001ba20c3b120_0 .net *"_ivl_408", 27 0, L_000001ba20c429a8;  1 drivers
L_000001ba20c429f0 .functor BUFT 1, C4<00000000000000000000000000000011>, C4<0>, C4<0>, C4<0>;
v000001ba20c3b8a0_0 .net/2u *"_ivl_409", 31 0, L_000001ba20c429f0;  1 drivers
v000001ba20c3c2a0_0 .net *"_ivl_411", 0 0, L_000001ba20c9a890;  1 drivers
v000001ba20c3b760_0 .net *"_ivl_415", 0 0, L_000001ba20c9e550;  1 drivers
L_000001ba20c42a38 .functor BUFT 1, C4<00000000000000000000000000000000>, C4<0>, C4<0>, C4<0>;
v000001ba20c3ac20_0 .net/2u *"_ivl_417", 31 0, L_000001ba20c42a38;  1 drivers
L_000001ba20c41b98 .functor BUFT 1, C4<00100>, C4<0>, C4<0>, C4<0>;
v000001ba20c3b080_0 .net/2u *"_ivl_44", 4 0, L_000001ba20c41b98;  1 drivers
L_000001ba20c41be0 .functor BUFT 1, C4<11100>, C4<0>, C4<0>, C4<0>;
v000001ba20c3c660_0 .net/2u *"_ivl_48", 4 0, L_000001ba20c41be0;  1 drivers
L_000001ba20c41c28 .functor BUFT 1, C4<11000>, C4<0>, C4<0>, C4<0>;
v000001ba20c3aa40_0 .net/2u *"_ivl_52", 4 0, L_000001ba20c41c28;  1 drivers
L_000001ba20c41c70 .functor BUFT 1, C4<01000>, C4<0>, C4<0>, C4<0>;
v000001ba20c3aae0_0 .net/2u *"_ivl_56", 4 0, L_000001ba20c41c70;  1 drivers
L_000001ba20c41cb8 .functor BUFT 1, C4<0>, C4<0>, C4<0>, C4<0>;
v000001ba20c3b4e0_0 .net/2u *"_ivl_66", 0 0, L_000001ba20c41cb8;  1 drivers
v000001ba20c3bb20_0 .net *"_ivl_68", 32 0, L_000001ba20c407c0;  1 drivers
L_000001ba20c41d00 .functor BUFT 1, C4<1>, C4<0>, C4<0>, C4<0>;
v000001ba20c3afe0_0 .net/2u *"_ivl_70", 0 0, L_000001ba20c41d00;  1 drivers
v000001ba20c3b620_0 .net *"_ivl_72", 31 0, L_000001ba202c3ae0;  1 drivers
v000001ba20c3c020_0 .net *"_ivl_74", 32 0, L_000001ba20c40040;  1 drivers
v000001ba20c3ae00_0 .net *"_ivl_76", 32 0, L_000001ba20c40ea0;  1 drivers
L_000001ba20c41d48 .functor BUFT 1, C4<000000000000000000000000000000001>, C4<0>, C4<0>, C4<0>;
v000001ba20c3c700_0 .net/2u *"_ivl_78", 32 0, L_000001ba20c41d48;  1 drivers
v000001ba20c3c200_0 .net *"_ivl_83", 31 0, L_000001ba20c40860;  1 drivers
L_000001ba20c41d90 .functor BUFT 1, C4<00000000000000000000000000000000>, C4<0>, C4<0>, C4<0>;
v000001ba20c3c480_0 .net/2u *"_ivl_84", 31 0, L_000001ba20c41d90;  1 drivers
v000001ba20c3b800_0 .net *"_ivl_9", 0 0, L_000001ba20c3e170;  1 drivers
v000001ba20c3c520_0 .net *"_ivl_91", 0 0, L_000001ba20c3ffa0;  1 drivers
v000001ba20c3b940_0 .net *"_ivl_93", 0 0, L_000001ba20c402c0;  1 drivers
v000001ba20c3ab80_0 .net *"_ivl_94", 0 0, L_000001ba202c44f0;  1 drivers
v000001ba20c3b440_0 .net *"_ivl_97", 0 0, L_000001ba20c40cc0;  1 drivers
v000001ba20c3acc0_0 .net *"_ivl_99", 0 0, L_000001ba20c40900;  1 drivers
v000001ba20c3b1c0_0 .var "addr", 31 0;
v000001ba20c3bee0_0 .net "alu_in1", 31 0, v000001ba20c3bf80_0;  1 drivers
v000001ba20c3b9e0_0 .net "alu_in2", 31 0, L_000001ba20c3fd20;  1 drivers
v000001ba20c3bbc0_0 .net "alu_result", 31 0, L_000001ba20c40720;  1 drivers
v000001ba20c3bc60_0 .net "byte1_data", 7 0, L_000001ba20c9b970;  1 drivers
v000001ba20c3c7a0_0 .net "byte2_data", 7 0, L_000001ba20c99fd0;  1 drivers
v000001ba20c3ba80_0 .net "byte3_data", 7 0, L_000001ba20c9b5b0;  1 drivers
v000001ba20c3b260_0 .net "byte4_data", 7 0, L_000001ba20c9ac50;  1 drivers
v000001ba20c3ad60_0 .net "clk", 0 0, o000001ba202d0ad8;  alias, 0 drivers
v000001ba20c3c340_0 .var "cycle", 31 0;
v000001ba20c3b300_0 .var "data", 31 0;
v000001ba20c3bf80_0 .var "data_rs1", 31 0;
v000001ba20c3b3a0_0 .var "data_rs2", 31 0;
v000001ba20c3bd00_0 .net "funct3", 2 0, L_000001ba20c3e030;  1 drivers
v000001ba20c3bda0_0 .net "funct7", 6 0, L_000001ba20c3d1d0;  1 drivers
v000001ba20c3c0c0_0 .net "isBtype", 0 0, L_000001ba20c411c0;  1 drivers
v000001ba20c3c160_0 .net "isItype", 0 0, L_000001ba20c40a40;  1 drivers
v000001ba20c3c5c0_0 .net "isRtype", 0 0, L_000001ba20c40b80;  1 drivers
v000001ba20c3db30_0 .net "isStype", 0 0, L_000001ba20c3fb40;  1 drivers
v000001ba20c3cd70_0 .net "isSystype", 0 0, L_000001ba20c3fdc0;  1 drivers
v000001ba20c3e2b0_0 .net "load_store_addr", 31 0, L_000001ba20c99d50;  1 drivers
v000001ba20c3e670_0 .net "load_store_state_flag", 0 0, L_000001ba202c3d80;  1 drivers
v000001ba20c3cff0_0 .net8 "mem_addr", 31 0, RS_000001ba202d0d78;  alias, 2 drivers
v000001ba20c3d6d0_0 .net "mem_rdata", 31 0, v000001ba20c3caf0_0;  alias, 1 drivers
v000001ba20c3d770_0 .net "mem_rstrb", 0 0, L_000001ba20c9b6f0;  alias, 1 drivers
v000001ba20c3df90_0 .net "mem_wdata", 31 0, L_000001ba20c9a750;  1 drivers
v000001ba20c3ce10_0 .net "mem_wstrb", 3 0, L_000001ba20c9a110;  alias, 1 drivers
v000001ba20c3e710_0 .net "opcode", 4 0, L_000001ba20c3e530;  1 drivers
v000001ba20c3e210_0 .net "pcplus4", 31 0, L_000001ba20c40540;  1 drivers
v000001ba20c3ddb0_0 .net "pcplusimm", 31 0, L_000001ba20c40680;  1 drivers
v000001ba20c3d8b0_0 .net "rd", 4 0, L_000001ba20c3d630;  1 drivers
v000001ba20c3dc70 .array "regfile", 31 0, 31 0;
v000001ba20c3d090_0 .net "rst", 0 0, o000001ba202d0f28;  alias, 0 drivers
v000001ba20c3d950_0 .var "state", 3 0;
v000001ba20c3e5d0_0 .net "write_reg_data", 31 0, L_000001ba20c9aa70;  1 drivers
v000001ba20c3ceb0_0 .net "write_reg_en", 0 0, L_000001ba20c9e240;  1 drivers
E_000001ba202a6cf0 .event posedge, v000001ba20c3ad60_0;
L_000001ba20c3e530 .part v000001ba20c3b300_0, 2, 5;
L_000001ba20c3d630 .part v000001ba20c3b300_0, 7, 5;
L_000001ba20c3e030 .part v000001ba20c3b300_0, 12, 3;
L_000001ba20c3d1d0 .part v000001ba20c3b300_0, 25, 7;
L_000001ba20c3e170 .part v000001ba20c3b300_0, 31, 1;
LS_000001ba20c3e350_0_0 .concat [ 1 1 1 1], L_000001ba20c3e170, L_000001ba20c3e170, L_000001ba20c3e170, L_000001ba20c3e170;
LS_000001ba20c3e350_0_4 .concat [ 1 1 1 1], L_000001ba20c3e170, L_000001ba20c3e170, L_000001ba20c3e170, L_000001ba20c3e170;
LS_000001ba20c3e350_0_8 .concat [ 1 1 1 1], L_000001ba20c3e170, L_000001ba20c3e170, L_000001ba20c3e170, L_000001ba20c3e170;
LS_000001ba20c3e350_0_12 .concat [ 1 1 1 1], L_000001ba20c3e170, L_000001ba20c3e170, L_000001ba20c3e170, L_000001ba20c3e170;
LS_000001ba20c3e350_0_16 .concat [ 1 1 1 1], L_000001ba20c3e170, L_000001ba20c3e170, L_000001ba20c3e170, L_000001ba20c3e170;
LS_000001ba20c3e350_0_20 .concat [ 1 0 0 0], L_000001ba20c3e170;
LS_000001ba20c3e350_1_0 .concat [ 4 4 4 4], LS_000001ba20c3e350_0_0, LS_000001ba20c3e350_0_4, LS_000001ba20c3e350_0_8, LS_000001ba20c3e350_0_12;
LS_000001ba20c3e350_1_4 .concat [ 4 1 0 0], LS_000001ba20c3e350_0_16, LS_000001ba20c3e350_0_20;
L_000001ba20c3e350 .concat [ 16 5 0 0], LS_000001ba20c3e350_1_0, LS_000001ba20c3e350_1_4;
L_000001ba20c3d270 .part v000001ba20c3b300_0, 20, 11;
L_000001ba20c3e490 .concat [ 11 21 0 0], L_000001ba20c3d270, L_000001ba20c3e350;
L_000001ba20c3c910 .part v000001ba20c3b300_0, 31, 1;
LS_000001ba20c3d4f0_0_0 .concat [ 1 1 1 1], L_000001ba20c3c910, L_000001ba20c3c910, L_000001ba20c3c910, L_000001ba20c3c910;
LS_000001ba20c3d4f0_0_4 .concat [ 1 1 1 1], L_000001ba20c3c910, L_000001ba20c3c910, L_000001ba20c3c910, L_000001ba20c3c910;
LS_000001ba20c3d4f0_0_8 .concat [ 1 1 1 1], L_000001ba20c3c910, L_000001ba20c3c910, L_000001ba20c3c910, L_000001ba20c3c910;
LS_000001ba20c3d4f0_0_12 .concat [ 1 1 1 1], L_000001ba20c3c910, L_000001ba20c3c910, L_000001ba20c3c910, L_000001ba20c3c910;
LS_000001ba20c3d4f0_0_16 .concat [ 1 1 1 1], L_000001ba20c3c910, L_000001ba20c3c910, L_000001ba20c3c910, L_000001ba20c3c910;
LS_000001ba20c3d4f0_1_0 .concat [ 4 4 4 4], LS_000001ba20c3d4f0_0_0, LS_000001ba20c3d4f0_0_4, LS_000001ba20c3d4f0_0_8, LS_000001ba20c3d4f0_0_12;
LS_000001ba20c3d4f0_1_4 .concat [ 4 0 0 0], LS_000001ba20c3d4f0_0_16;
L_000001ba20c3d4f0 .concat [ 16 4 0 0], LS_000001ba20c3d4f0_1_0, LS_000001ba20c3d4f0_1_4;
L_000001ba20c3cb90 .part v000001ba20c3b300_0, 7, 1;
L_000001ba20c3cc30 .part v000001ba20c3b300_0, 25, 6;
L_000001ba20c3ccd0 .part v000001ba20c3b300_0, 8, 4;
LS_000001ba20c3d310_0_0 .concat [ 1 4 6 1], L_000001ba20c41b08, L_000001ba20c3ccd0, L_000001ba20c3cc30, L_000001ba20c3cb90;
LS_000001ba20c3d310_0_4 .concat [ 20 0 0 0], L_000001ba20c3d4f0;
L_000001ba20c3d310 .concat [ 12 20 0 0], LS_000001ba20c3d310_0_0, LS_000001ba20c3d310_0_4;
L_000001ba20c3d3b0 .part v000001ba20c3b300_0, 31, 1;
LS_000001ba20c3d450_0_0 .concat [ 1 1 1 1], L_000001ba20c3d3b0, L_000001ba20c3d3b0, L_000001ba20c3d3b0, L_000001ba20c3d3b0;
LS_000001ba20c3d450_0_4 .concat [ 1 1 1 1], L_000001ba20c3d3b0, L_000001ba20c3d3b0, L_000001ba20c3d3b0, L_000001ba20c3d3b0;
LS_000001ba20c3d450_0_8 .concat [ 1 1 1 1], L_000001ba20c3d3b0, L_000001ba20c3d3b0, L_000001ba20c3d3b0, L_000001ba20c3d3b0;
LS_000001ba20c3d450_0_12 .concat [ 1 1 1 1], L_000001ba20c3d3b0, L_000001ba20c3d3b0, L_000001ba20c3d3b0, L_000001ba20c3d3b0;
LS_000001ba20c3d450_0_16 .concat [ 1 1 1 1], L_000001ba20c3d3b0, L_000001ba20c3d3b0, L_000001ba20c3d3b0, L_000001ba20c3d3b0;
LS_000001ba20c3d450_0_20 .concat [ 1 0 0 0], L_000001ba20c3d3b0;
LS_000001ba20c3d450_1_0 .concat [ 4 4 4 4], LS_000001ba20c3d450_0_0, LS_000001ba20c3d450_0_4, LS_000001ba20c3d450_0_8, LS_000001ba20c3d450_0_12;
LS_000001ba20c3d450_1_4 .concat [ 4 1 0 0], LS_000001ba20c3d450_0_16, LS_000001ba20c3d450_0_20;
L_000001ba20c3d450 .concat [ 16 5 0 0], LS_000001ba20c3d450_1_0, LS_000001ba20c3d450_1_4;
L_000001ba20c40ae0 .part v000001ba20c3b300_0, 25, 6;
L_000001ba20c41760 .part v000001ba20c3b300_0, 7, 5;
L_000001ba20c419e0 .concat [ 5 6 21 0], L_000001ba20c41760, L_000001ba20c40ae0, L_000001ba20c3d450;
L_000001ba20c40b80 .cmp/eq 5, L_000001ba20c3e530, L_000001ba20c41b50;
L_000001ba20c40a40 .cmp/eq 5, L_000001ba20c3e530, L_000001ba20c41b98;
L_000001ba20c3fdc0 .cmp/eq 5, L_000001ba20c3e530, L_000001ba20c41be0;
L_000001ba20c411c0 .cmp/eq 5, L_000001ba20c3e530, L_000001ba20c41c28;
L_000001ba20c3fb40 .cmp/eq 5, L_000001ba20c3e530, L_000001ba20c41c70;
L_000001ba20c3ff00 .arith/sum 32, v000001ba20c3bf80_0, L_000001ba20c3fd20;
L_000001ba20c407c0 .concat [ 32 1 0 0], v000001ba20c3bf80_0, L_000001ba20c41cb8;
L_000001ba20c40040 .concat [ 32 1 0 0], L_000001ba202c3ae0, L_000001ba20c41d00;
L_000001ba20c40ea0 .arith/sum 33, L_000001ba20c407c0, L_000001ba20c40040;
L_000001ba20c413a0 .arith/sum 33, L_000001ba20c40ea0, L_000001ba20c41d48;
L_000001ba20c40860 .part L_000001ba20c413a0, 0, 32;
L_000001ba20c40180 .cmp/eq 32, L_000001ba20c40860, L_000001ba20c41d90;
L_000001ba20c400e0 .reduce/nor L_000001ba20c40180;
L_000001ba20c3ffa0 .part v000001ba20c3bf80_0, 31, 1;
L_000001ba20c402c0 .part L_000001ba20c3fd20, 31, 1;
L_000001ba20c40cc0 .part v000001ba20c3bf80_0, 31, 1;
L_000001ba20c40900 .part L_000001ba20c413a0, 32, 1;
L_000001ba20c41580 .functor MUXZ 1, L_000001ba20c40900, L_000001ba20c40cc0, L_000001ba202c44f0, C4<>;
L_000001ba20c40400 .part L_000001ba20c413a0, 32, 1;
L_000001ba20c40fe0 .reduce/nor L_000001ba20c41580;
L_000001ba20c3fe60 .reduce/nor L_000001ba20c40400;
L_000001ba20c3fbe0 .cmp/eq 3, L_000001ba20c3e030, L_000001ba20c41dd8;
L_000001ba20c40d60 .cmp/eq 3, L_000001ba20c3e030, L_000001ba20c41e20;
L_000001ba20c40c20 .cmp/eq 3, L_000001ba20c3e030, L_000001ba20c41e68;
L_000001ba20c418a0 .cmp/eq 3, L_000001ba20c3e030, L_000001ba20c41eb0;
L_000001ba20c41300 .cmp/eq 3, L_000001ba20c3e030, L_000001ba20c41ef8;
L_000001ba20c41940 .cmp/eq 3, L_000001ba20c3e030, L_000001ba20c41f40;
L_000001ba20c40220 .cmp/eq 3, L_000001ba20c3e030, L_000001ba20c41f88;
L_000001ba20c40e00 .part L_000001ba20c3d1d0, 5, 1;
L_000001ba20c41620 .cmp/eq 3, L_000001ba20c3e030, L_000001ba20c41fd0;
L_000001ba20c40f40 .cmp/eq 3, L_000001ba20c3e030, L_000001ba20c42018;
L_000001ba20c41260 .part L_000001ba20c3d1d0, 5, 1;
L_000001ba20c41800 .part L_000001ba20c413a0, 0, 32;
L_000001ba20c40360 .cmp/eq 3, L_000001ba20c3e030, L_000001ba20c42060;
L_000001ba20c41080 .cmp/eq 3, L_000001ba20c3e030, L_000001ba20c420a8;
L_000001ba20c414e0 .functor MUXZ 32, L_000001ba20c420f0, L_000001ba20c3ff00, L_000001ba20c3fb40, C4<>;
L_000001ba20c41120 .functor MUXZ 32, L_000001ba20c414e0, L_000001ba202c4250, L_000001ba20c41080, C4<>;
L_000001ba20c41440 .functor MUXZ 32, L_000001ba20c41120, L_000001ba202c38b0, L_000001ba20c40360, C4<>;
L_000001ba20c416c0 .functor MUXZ 32, L_000001ba20c41440, L_000001ba20c41800, L_000001ba202c4720, C4<>;
L_000001ba20c404a0 .functor MUXZ 32, L_000001ba20c416c0, L_000001ba20c3ff00, L_000001ba202c4640, C4<>;
L_000001ba20c40720 .functor MUXZ 32, L_000001ba20c404a0, L_000001ba20c3ff00, L_000001ba202c45d0, C4<>;
L_000001ba20c3fc80 .functor MUXZ 32, L_000001ba20c419e0, L_000001ba20c3e490, L_000001ba20c40a40, C4<>;
L_000001ba20c3fd20 .functor MUXZ 32, L_000001ba20c3fc80, v000001ba20c3b3a0_0, L_000001ba202c3a00, C4<>;
L_000001ba20c40540 .arith/sum 32, v000001ba20c3b1c0_0, L_000001ba20c42138;
L_000001ba20c405e0 .functor MUXZ 32, L_000001ba20c42180, L_000001ba20c3d310, L_000001ba20c411c0, C4<>;
L_000001ba20c40680 .arith/sum 32, v000001ba20c3b1c0_0, L_000001ba20c405e0;
L_000001ba20c409a0 .concat [ 4 28 0 0], v000001ba20c3d950_0, L_000001ba20c421c8;
L_000001ba20c9a250 .cmp/eq 32, L_000001ba20c409a0, L_000001ba20c42210;
L_000001ba20c9b150 .concat [ 4 28 0 0], v000001ba20c3d950_0, L_000001ba20c42258;
L_000001ba20c9ae30 .cmp/eq 32, L_000001ba20c9b150, L_000001ba20c422a0;
L_000001ba20c9b1f0 .concat [ 4 28 0 0], v000001ba20c3d950_0, L_000001ba20c422e8;
L_000001ba20c9b3d0 .cmp/eq 32, L_000001ba20c9b1f0, L_000001ba20c42330;
L_000001ba20c9b010 .concat [ 4 28 0 0], v000001ba20c3d950_0, L_000001ba20c42378;
L_000001ba20c9b470 .cmp/eq 32, L_000001ba20c9b010, L_000001ba20c423c0;
L_000001ba20c9aed0 .concat [ 4 28 0 0], v000001ba20c3d950_0, L_000001ba20c42408;
L_000001ba20c9a2f0 .cmp/eq 32, L_000001ba20c9aed0, L_000001ba20c42450;
L_000001ba20c99d50 .functor MUXZ 32, L_000001ba20c42498, L_000001ba20c40720, L_000001ba202c4020, C4<>;
L_000001ba20c9b650 .concat [ 4 28 0 0], v000001ba20c3d950_0, L_000001ba20c424e0;
L_000001ba20c99cb0 .cmp/eq 32, L_000001ba20c9b650, L_000001ba20c42528;
L_000001ba20c9b290 .concat [ 4 28 0 0], v000001ba20c3d950_0, L_000001ba20c42570;
L_000001ba20c99f30 .cmp/eq 32, L_000001ba20c9b290, L_000001ba20c425b8;
L_000001ba20c9ab10 .concat [ 4 28 0 0], v000001ba20c3d950_0, L_000001ba20c42600;
L_000001ba20c9a6b0 .cmp/eq 32, L_000001ba20c9ab10, L_000001ba20c42648;
L_000001ba20c9a110 .concat8 [ 1 1 1 1], L_000001ba202c3df0, L_000001ba202c3f40, L_000001ba202c3fb0, L_000001ba20c9e0f0;
L_000001ba20c9a9d0 .concat [ 4 28 0 0], v000001ba20c3d950_0, L_000001ba20c42690;
L_000001ba20c9a570 .cmp/eq 32, L_000001ba20c9a9d0, L_000001ba20c426d8;
L_000001ba20c99df0 .concat [ 4 28 0 0], v000001ba20c3d950_0, L_000001ba20c42720;
L_000001ba20c9a1b0 .cmp/eq 32, L_000001ba20c99df0, L_000001ba20c42768;
L_000001ba20c9abb0 .functor MUXZ 32, v000001ba20c3b1c0_0, L_000001ba20c99d50, L_000001ba20c9e8d0, C4<>;
L_000001ba20c9a390 .concat [ 4 28 0 0], v000001ba20c3d950_0, L_000001ba20c427b0;
L_000001ba20c9b6f0 .cmp/eq 32, L_000001ba20c9a390, L_000001ba20c427f8;
L_000001ba20c9af70 .part L_000001ba20c3e030, 1, 1;
L_000001ba20c99e90 .part v000001ba20c3b3a0_0, 24, 8;
L_000001ba20c9b970 .functor MUXZ 8, L_000001ba20c42840, L_000001ba20c99e90, L_000001ba20c9af70, C4<>;
L_000001ba20c9a610 .part L_000001ba20c3e030, 1, 1;
L_000001ba20c9ad90 .part v000001ba20c3b3a0_0, 16, 8;
L_000001ba20c99fd0 .functor MUXZ 8, L_000001ba20c42888, L_000001ba20c9ad90, L_000001ba20c9a610, C4<>;
L_000001ba20c9b330 .part L_000001ba20c3e030, 1, 1;
L_000001ba20c9b510 .reduce/or L_000001ba20c9b330;
L_000001ba20c9a930 .part v000001ba20c3b3a0_0, 8, 8;
L_000001ba20c9b5b0 .functor MUXZ 8, L_000001ba20c428d0, L_000001ba20c9a930, L_000001ba20c9b510, C4<>;
L_000001ba20c9ac50 .part v000001ba20c3b3a0_0, 0, 8;
L_000001ba20c9b790 .concat [ 8 24 0 0], L_000001ba20c9ac50, L_000001ba20c42918;
L_000001ba20c99b70 .concat [ 8 8 16 0], L_000001ba20c9ac50, L_000001ba20c9b5b0, L_000001ba20c42960;
L_000001ba20c9a430 .concat [ 8 8 8 8], L_000001ba20c9ac50, L_000001ba20c9b5b0, L_000001ba20c99fd0, L_000001ba20c9b970;
L_000001ba20c9a070 .part L_000001ba20c3e030, 1, 1;
L_000001ba20c99c10 .part L_000001ba20c3e030, 1, 1;
L_000001ba20c9a4d0 .reduce/or L_000001ba20c99c10;
L_000001ba20c9b0b0 .functor MUXZ 32, L_000001ba20c9b790, L_000001ba20c99b70, L_000001ba20c9de50, C4<>;
L_000001ba20c9a750 .functor MUXZ 32, L_000001ba20c9b0b0, L_000001ba20c9a430, L_000001ba20c9e630, C4<>;
L_000001ba20c9a7f0 .concat [ 4 28 0 0], v000001ba20c3d950_0, L_000001ba20c429a8;
L_000001ba20c9a890 .cmp/eq 32, L_000001ba20c9a7f0, L_000001ba20c429f0;
L_000001ba20c9aa70 .functor MUXZ 32, L_000001ba20c42a38, L_000001ba20c40720, L_000001ba20c9e550, C4<>;
S_000001ba201a6b00 .scope module, "mem0" "progmem" 2 27, 4 5 0, S_000001ba202cc460;
 .timescale 0 0;
    .port_info 0 /INPUT 1 "rst";
    .port_info 1 /INPUT 1 "clk";
    .port_info 2 /INPUT 32 "addr";
    .port_info 3 /INPUT 32 "data_in";
    .port_info 4 /INPUT 1 "rd_strobe";
    .port_info 5 /INPUT 4 "wr_strobe";
    .port_info 6 /OUTPUT 32 "data_out";
P_000001ba202a66f0 .param/l "MEM_SIZE" 0 4 14, +C4<00000000000000000000010000000000>;
v000001ba20c3d9f0 .array "PROGMEM", 1023 0, 31 0;
v000001ba20c3e7b0_0 .net8 "addr", 31 0, RS_000001ba202d0d78;  alias, 2 drivers
v000001ba20c3d130_0 .net "clk", 0 0, o000001ba202d0ad8;  alias, 0 drivers
o000001ba202d1168 .functor BUFZ 32, C4<zzzzzzzzzzzzzzzzzzzzzzzzzzzzzzzz>; HiZ drive
v000001ba20c3ca50_0 .net "data_in", 31 0, o000001ba202d1168;  0 drivers
v000001ba20c3caf0_0 .var "data_out", 31 0;
v000001ba20c3dd10_0 .net "mem_loc", 29 0, L_000001ba20c9b830;  1 drivers
v000001ba20c3c9b0_0 .net "rd_strobe", 0 0, L_000001ba20c9b6f0;  alias, 1 drivers
v000001ba20c3da90_0 .net "rst", 0 0, o000001ba202d0f28;  alias, 0 drivers
v000001ba20c3d590_0 .net "wr_strobe", 3 0, L_000001ba20c9a110;  alias, 1 drivers
L_000001ba20c9b830 .part RS_000001ba202d0d78, 2, 30;
    .scope S_000001ba202912c0;
T_0 ;
    %pushi/vec4 0, 0, 4;
    %store/vec4 v000001ba20c3d950_0, 0, 4;
    %pushi/vec4 0, 0, 32;
    %store/vec4 v000001ba20c3b1c0_0, 0, 32;
    %pushi/vec4 0, 0, 32;
    %store/vec4 v000001ba20c3c340_0, 0, 32;
    %pushi/vec4 0, 0, 32;
    %ix/load 4, 0, 0;
    %flag_set/imm 4, 0;
    %store/vec4a v000001ba20c3dc70, 4, 0;
    %end;
    .thread T_0;
    .scope S_000001ba202912c0;
T_1 ;
    %wait E_000001ba202a6cf0;
    %load/vec4 v000001ba20c3d090_0;
    %flag_set/vec4 8;
    %jmp/0xz  T_1.0, 8;
    %pushi/vec4 0, 0, 32;
    %assign/vec4 v000001ba20c3b1c0_0, 0;
    %pushi/vec4 0, 0, 4;
    %assign/vec4 v000001ba20c3d950_0, 0;
    %pushi/vec4 0, 0, 32;
    %assign/vec4 v000001ba20c3b300_0, 0;
    %jmp T_1.1;
T_1.0 ;
    %load/vec4 v000001ba20c3d950_0;
    %dup/vec4;
    %pushi/vec4 0, 0, 4;
    %cmp/u;
    %jmp/1 T_1.2, 6;
    %dup/vec4;
    %pushi/vec4 9, 0, 4;
    %cmp/u;
    %jmp/1 T_1.3, 6;
    %dup/vec4;
    %pushi/vec4 1, 0, 4;
    %cmp/u;
    %jmp/1 T_1.4, 6;
    %dup/vec4;
    %pushi/vec4 2, 0, 4;
    %cmp/u;
    %jmp/1 T_1.5, 6;
    %dup/vec4;
    %pushi/vec4 3, 0, 4;
    %cmp/u;
    %jmp/1 T_1.6, 6;
    %dup/vec4;
    %pushi/vec4 5, 0, 4;
    %cmp/u;
    %jmp/1 T_1.7, 6;
    %dup/vec4;
    %pushi/vec4 6, 0, 4;
    %cmp/u;
    %jmp/1 T_1.8, 6;
    %dup/vec4;
    %pushi/vec4 7, 0, 4;
    %cmp/u;
    %jmp/1 T_1.9, 6;
    %dup/vec4;
    %pushi/vec4 8, 0, 4;
    %cmp/u;
    %jmp/1 T_1.10, 6;
    %dup/vec4;
    %pushi/vec4 10, 0, 4;
    %cmp/u;
    %jmp/1 T_1.11, 6;
    %jmp T_1.12;
T_1.2 ;
    %load/vec4 v000001ba20c3d090_0;
    %flag_set/vec4 8;
    %jmp/0xz  T_1.13, 8;
    %pushi/vec4 0, 0, 4;
    %assign/vec4 v000001ba20c3d950_0, 0;
    %jmp T_1.14;
T_1.13 ;
    %pushi/vec4 9, 0, 4;
    %assign/vec4 v000001ba20c3d950_0, 0;
T_1.14 ;
    %jmp T_1.12;
T_1.3 ;
    %pushi/vec4 1, 0, 4;
    %assign/vec4 v000001ba20c3d950_0, 0;
    %jmp T_1.12;
T_1.4 ;
    %load/vec4 v000001ba20c3d6d0_0;
    %assign/vec4 v000001ba20c3b300_0, 0;
    %pushi/vec4 2, 0, 4;
    %assign/vec4 v000001ba20c3d950_0, 0;
    %jmp T_1.12;
T_1.5 ;
    %load/vec4 v000001ba20c3b300_0;
    %parti/s 5, 15, 5;
    %pad/u 7;
    %ix/vec4 4;
    %load/vec4a v000001ba20c3dc70, 4;
    %assign/vec4 v000001ba20c3bf80_0, 0;
    %load/vec4 v000001ba20c3b300_0;
    %parti/s 5, 20, 6;
    %pad/u 7;
    %ix/vec4 4;
    %load/vec4a v000001ba20c3dc70, 4;
    %assign/vec4 v000001ba20c3b3a0_0, 0;
    %load/vec4 v000001ba20c3cd70_0;
    %inv;
    %flag_set/vec4 8;
    %jmp/0 T_1.15, 8;
    %pushi/vec4 3, 0, 32;
    %jmp/1 T_1.16, 8;
T_1.15 ; End of true expr.
    %pushi/vec4 4, 0, 32;
    %jmp/0 T_1.16, 8;
 ; End of false expr.
    %blend;
T_1.16;
    %pad/s 4;
    %assign/vec4 v000001ba20c3d950_0, 0;
    %jmp T_1.12;
T_1.6 ;
    %load/vec4 v000001ba20c3c0c0_0;
    %load/vec4 v000001ba202c9750_0;
    %and;
    %flag_set/vec4 8;
    %jmp/0 T_1.17, 8;
    %load/vec4 v000001ba20c3ddb0_0;
    %jmp/1 T_1.18, 8;
T_1.17 ; End of true expr.
    %load/vec4 v000001ba20c3e210_0;
    %jmp/0 T_1.18, 8;
 ; End of false expr.
    %blend;
T_1.18;
    %assign/vec4 v000001ba20c3b1c0_0, 0;
    %load/vec4 v000001ba20c3db30_0;
    %nor/r;
    %flag_set/vec4 8;
    %jmp/0 T_1.19, 8;
    %pushi/vec4 9, 0, 32;
    %jmp/1 T_1.20, 8;
T_1.19 ; End of true expr.
    %pushi/vec4 5, 0, 32;
    %jmp/0 T_1.20, 8;
 ; End of false expr.
    %blend;
T_1.20;
    %pad/s 4;
    %assign/vec4 v000001ba20c3d950_0, 0;
    %jmp T_1.12;
T_1.7 ;
    %pushi/vec4 6, 0, 4;
    %assign/vec4 v000001ba20c3d950_0, 0;
    %jmp T_1.12;
T_1.8 ;
    %pushi/vec4 7, 0, 4;
    %assign/vec4 v000001ba20c3d950_0, 0;
    %jmp T_1.12;
T_1.9 ;
    %pushi/vec4 8, 0, 4;
    %assign/vec4 v000001ba20c3d950_0, 0;
    %jmp T_1.12;
T_1.10 ;
    %pushi/vec4 10, 0, 4;
    %assign/vec4 v000001ba20c3d950_0, 0;
    %jmp T_1.12;
T_1.11 ;
    %pushi/vec4 9, 0, 4;
    %assign/vec4 v000001ba20c3d950_0, 0;
    %jmp T_1.12;
T_1.12 ;
    %pop/vec4 1;
T_1.1 ;
    %jmp T_1;
    .thread T_1;
    .scope S_000001ba202912c0;
T_2 ;
    %wait E_000001ba202a6cf0;
    %load/vec4 v000001ba20c3d090_0;
    %flag_set/vec4 8;
    %jmp/0xz  T_2.0, 8;
    %pushi/vec4 0, 0, 32;
    %assign/vec4 v000001ba20c3c340_0, 0;
    %jmp T_2.1;
T_2.0 ;
    %load/vec4 v000001ba20c3d950_0;
    %pad/u 32;
    %cmpi/ne 4, 0, 32;
    %jmp/0xz  T_2.2, 4;
    %load/vec4 v000001ba20c3c340_0;
    %addi 1, 0, 32;
    %assign/vec4 v000001ba20c3c340_0, 0;
T_2.2 ;
T_2.1 ;
    %jmp T_2;
    .thread T_2;
    .scope S_000001ba202912c0;
T_3 ;
    %wait E_000001ba202a6cf0;
    %load/vec4 v000001ba20c3ceb0_0;
    %flag_set/vec4 8;
    %jmp/0xz  T_3.0, 8;
    %load/vec4 v000001ba20c3d8b0_0;
    %pad/u 32;
    %cmpi/ne 0, 0, 32;
    %jmp/0xz  T_3.2, 4;
    %load/vec4 v000001ba20c3e5d0_0;
    %load/vec4 v000001ba20c3d8b0_0;
    %pad/u 7;
    %ix/vec4 3;
    %ix/load 4, 0, 0; Constant delay
    %assign/vec4/a/d v000001ba20c3dc70, 0, 4;
T_3.2 ;
T_3.0 ;
    %jmp T_3;
    .thread T_3;
    .scope S_000001ba201a6b00;
T_4 ;
    %vpi_call 4 19 "$readmemh", "firmware.hex", v000001ba20c3d9f0 {0 0 0};
    %end;
    .thread T_4;
    .scope S_000001ba201a6b00;
T_5 ;
    %wait E_000001ba202a6cf0;
    %load/vec4 v000001ba20c3da90_0;
    %flag_set/vec4 8;
    %jmp/0xz  T_5.0, 8;
    %pushi/vec4 0, 0, 32;
    %assign/vec4 v000001ba20c3caf0_0, 0;
    %jmp T_5.1;
T_5.0 ;
    %load/vec4 v000001ba20c3c9b0_0;
    %flag_set/vec4 8;
    %jmp/0xz  T_5.2, 8;
    %ix/getv 4, v000001ba20c3dd10_0;
    %load/vec4a v000001ba20c3d9f0, 4;
    %assign/vec4 v000001ba20c3caf0_0, 0;
T_5.2 ;
T_5.1 ;
    %jmp T_5;
    .thread T_5;
    .scope S_000001ba201a6b00;
T_6 ;
    %wait E_000001ba202a6cf0;
    %load/vec4 v000001ba20c3d590_0;
    %parti/s 1, 0, 2;
    %flag_set/vec4 8;
    %jmp/0xz  T_6.0, 8;
    %load/vec4 v000001ba20c3ca50_0;
    %parti/s 8, 0, 2;
    %ix/getv 3, v000001ba20c3dd10_0;
    %ix/load 4, 0, 0; Constant delay
    %assign/vec4/a/d v000001ba20c3d9f0, 0, 4;
T_6.0 ;
    %load/vec4 v000001ba20c3d590_0;
    %parti/s 1, 1, 2;
    %flag_set/vec4 8;
    %jmp/0xz  T_6.2, 8;
    %load/vec4 v000001ba20c3ca50_0;
    %parti/s 8, 8, 5;
    %ix/getv 3, v000001ba20c3dd10_0;
    %ix/load 4, 8, 0; part off
    %ix/load 5, 0, 0; Constant delay
    %assign/vec4/a/d v000001ba20c3d9f0, 4, 5;
T_6.2 ;
    %load/vec4 v000001ba20c3d590_0;
    %parti/s 1, 2, 3;
    %flag_set/vec4 8;
    %jmp/0xz  T_6.4, 8;
    %load/vec4 v000001ba20c3ca50_0;
    %parti/s 8, 16, 6;
    %ix/getv 3, v000001ba20c3dd10_0;
    %ix/load 4, 16, 0; part off
    %ix/load 5, 0, 0; Constant delay
    %assign/vec4/a/d v000001ba20c3d9f0, 4, 5;
T_6.4 ;
    %load/vec4 v000001ba20c3d590_0;
    %parti/s 1, 3, 3;
    %flag_set/vec4 8;
    %jmp/0xz  T_6.6, 8;
    %load/vec4 v000001ba20c3ca50_0;
    %parti/s 8, 24, 6;
    %ix/getv 3, v000001ba20c3dd10_0;
    %ix/load 4, 24, 0; part off
    %ix/load 5, 0, 0; Constant delay
    %assign/vec4/a/d v000001ba20c3d9f0, 4, 5;
T_6.6 ;
    %jmp T_6;
    .thread T_6;
# The file index is used to find the file name in the following table.
:file_names 5;
    "N/A";
    "<interactive>";
    "top.v";
    "./cpu.v";
    "./progmem.v";
