#! /c/Source/iverilog-install/bin/vvp
:ivl_version "12.0 (devel)" "(s20150603-1539-g2693dd32b)";
:ivl_delay_selection "TYPICAL";
:vpi_time_precision + 0;
:vpi_module "C:\iverilog\lib\ivl\system.vpi";
:vpi_module "C:\iverilog\lib\ivl\vhdl_sys.vpi";
:vpi_module "C:\iverilog\lib\ivl\vhdl_textio.vpi";
:vpi_module "C:\iverilog\lib\ivl\v2005_math.vpi";
:vpi_module "C:\iverilog\lib\ivl\va_math.vpi";
S_0000029fc6741fc0 .scope module, "top" "top" 2 7;
 .timescale 0 0;
    .port_info 0 /INPUT 1 "rst";
    .port_info 1 /INPUT 1 "clk";
    .port_info 2 /OUTPUT 32 "cycle";
v0000029fc70c89c0_0 .net "addr", 31 0, L_0000029fc7131170;  1 drivers
o0000029fc7093268 .functor BUFZ 1, C4<z>; HiZ drive
v0000029fc70c98c0_0 .net "clk", 0 0, o0000029fc7093268;  0 drivers
v0000029fc70ca220_0 .net "cycle", 31 0, v0000029fc70cbc60_0;  1 drivers
v0000029fc70c8380_0 .net "mem_rdata", 31 0, v0000029fc70c9280_0;  1 drivers
o0000029fc70937d8 .functor BUFZ 1, C4<z>; HiZ drive
v0000029fc70c9960_0 .net "rst", 0 0, o0000029fc70937d8;  0 drivers
v0000029fc70c8560_0 .net "rstrb", 0 0, L_0000029fc7129370;  1 drivers
S_0000029fc66ed370 .scope module, "cpu0" "cpu" 2 18, 3 11 0, S_0000029fc6741fc0;
 .timescale 0 0;
    .port_info 0 /INPUT 1 "rst";
    .port_info 1 /INPUT 1 "clk";
    .port_info 2 /INPUT 32 "mem_rdata";
    .port_info 3 /OUTPUT 32 "mem_addr";
    .port_info 4 /OUTPUT 32 "mem_wdata";
    .port_info 5 /OUTPUT 32 "cycle";
    .port_info 6 /OUTPUT 1 "mem_rstrb";
    .port_info 7 /OUTPUT 4 "mem_wstrb";
P_0000029fc66ed500 .param/l "BYTE1" 0 3 26, +C4<00000000000000000000000000000101>;
P_0000029fc66ed538 .param/l "BYTE2" 0 3 26, +C4<00000000000000000000000000000110>;
P_0000029fc66ed570 .param/l "BYTE3" 0 3 26, +C4<00000000000000000000000000000111>;
P_0000029fc66ed5a8 .param/l "BYTE4" 0 3 26, +C4<00000000000000000000000000001000>;
P_0000029fc66ed5e0 .param/l "DECODE" 0 3 26, +C4<00000000000000000000000000000010>;
P_0000029fc66ed618 .param/l "EXECUTE" 0 3 26, +C4<00000000000000000000000000000011>;
P_0000029fc66ed650 .param/l "FETCH" 0 3 26, +C4<00000000000000000000000000000001>;
P_0000029fc66ed688 .param/l "HLT" 0 3 26, +C4<00000000000000000000000000000100>;
P_0000029fc66ed6c0 .param/l "RESET" 0 3 26, +C4<00000000000000000000000000000000>;
P_0000029fc66ed6f8 .param/l "WAIT" 0 3 26, +C4<00000000000000000000000000001001>;
P_0000029fc66ed730 .param/l "WAIT_LOADING" 0 3 26, +C4<00000000000000000000000000001010>;
L_0000029fc67330e0 .functor XOR 32, v0000029fc70cbd00_0, L_0000029fc7117bb0, C4<00000000000000000000000000000000>, C4<00000000000000000000000000000000>;
L_0000029fc6733230 .functor OR 32, v0000029fc70cbd00_0, L_0000029fc7117bb0, C4<00000000000000000000000000000000>, C4<00000000000000000000000000000000>;
L_0000029fc6733310 .functor AND 32, v0000029fc70cbd00_0, L_0000029fc7117bb0, C4<11111111111111111111111111111111>, C4<11111111111111111111111111111111>;
L_0000029fc6733000 .functor NOT 32, L_0000029fc7117bb0, C4<00000000000000000000000000000000>, C4<00000000000000000000000000000000>, C4<00000000000000000000000000000000>;
L_0000029fc6733380 .functor XOR 1, L_0000029fc7115a90, L_0000029fc7116b70, C4<0>, C4<0>;
L_0000029fc67335b0 .functor AND 1, L_0000029fc7116710, L_0000029fc7115310, C4<1>, C4<1>;
L_0000029fc6733460 .functor AND 1, L_0000029fc7117070, L_0000029fc7117430, C4<1>, C4<1>;
L_0000029fc6733070 .functor OR 1, L_0000029fc67335b0, L_0000029fc6733460, C4<0>, C4<0>;
L_0000029fc6733850 .functor AND 1, L_0000029fc7116990, L_0000029fc7115d10, C4<1>, C4<1>;
L_0000029fc6732ba0 .functor OR 1, L_0000029fc6733070, L_0000029fc6733850, C4<0>, C4<0>;
L_0000029fc6732c10 .functor AND 1, L_0000029fc71167b0, L_0000029fc71158b0, C4<1>, C4<1>;
L_0000029fc6733620 .functor OR 1, L_0000029fc6732ba0, L_0000029fc6732c10, C4<0>, C4<0>;
L_0000029fc6732c80 .functor AND 1, L_0000029fc7116850, L_0000029fc7116cb0, C4<1>, C4<1>;
L_0000029fc6732cf0 .functor OR 1, L_0000029fc6733620, L_0000029fc6732c80, C4<0>, C4<0>;
L_0000029fc67338c0 .functor AND 1, L_0000029fc7116ad0, L_0000029fc7116d50, C4<1>, C4<1>;
L_0000029fc6733150 .functor OR 1, L_0000029fc6732cf0, L_0000029fc67338c0, C4<0>, C4<0>;
L_0000029fc67334d0 .functor AND 1, L_0000029fc7116fd0, L_0000029fc7116df0, C4<1>, C4<1>;
L_0000029fc6733930 .functor NOT 1, L_0000029fc71159f0, C4<0>, C4<0>, C4<0>;
L_0000029fc6732dd0 .functor AND 1, L_0000029fc67334d0, L_0000029fc6733930, C4<1>, C4<1>;
L_0000029fc7129ed0 .functor AND 1, L_0000029fc7115450, L_0000029fc71168f0, C4<1>, C4<1>;
L_0000029fc7129450 .functor OR 1, L_0000029fc7115c70, L_0000029fc7116f30, C4<0>, C4<0>;
L_0000029fc7129ca0 .functor NOT 1, L_0000029fc7129450, C4<0>, C4<0>, C4<0>;
L_0000029fc7129f40 .functor AND 1, L_0000029fc7115f90, L_0000029fc7129ca0, C4<1>, C4<1>;
L_0000029fc7129bc0 .functor AND 1, L_0000029fc7129f40, L_0000029fc7117110, C4<1>, C4<1>;
L_0000029fc7129d80 .functor OR 1, L_0000029fc7115c70, L_0000029fc7116f30, C4<0>, C4<0>;
L_0000029fc71293e0 .functor AND 1, L_0000029fc71172f0, L_0000029fc7115270, C4<1>, C4<1>;
L_0000029fc712a020 .functor AND 1, L_0000029fc7115130, L_0000029fc71156d0, C4<1>, C4<1>;
L_0000029fc7129530 .functor AND 1, L_0000029fc7118c90, L_0000029fc7118790, C4<1>, C4<1>;
L_0000029fc7129680 .functor OR 1, L_0000029fc7115c70, L_0000029fc7116f30, C4<0>, C4<0>;
L_0000029fc7129220 .functor OR 1, L_0000029fc7129680, L_0000029fc71162b0, C4<0>, C4<0>;
L_0000029fc7129c30 .functor OR 1, L_0000029fc7116df0, L_0000029fc7115db0, C4<0>, C4<0>;
L_0000029fc7129140 .functor OR 1, L_0000029fc71168f0, L_0000029fc7116f30, C4<0>, C4<0>;
L_0000029fc71295a0 .functor OR 1, L_0000029fc7129140, L_0000029fc71162b0, C4<0>, C4<0>;
L_0000029fc7129df0 .functor OR 1, L_0000029fc7117b10, L_0000029fc7117c50, C4<0>, C4<0>;
L_0000029fc71291b0 .functor OR 1, L_0000029fc7129df0, L_0000029fc71188d0, C4<0>, C4<0>;
L_0000029fc71298b0 .functor OR 1, L_0000029fc71291b0, L_0000029fc7117f70, C4<0>, C4<0>;
L_0000029fc7129e60 .functor OR 1, L_0000029fc71298b0, L_0000029fc71180b0, C4<0>, C4<0>;
L_0000029fc7129fb0 .functor AND 1, L_0000029fc7115c70, L_0000029fc7118150, C4<1>, C4<1>;
L_0000029fc7129840 .functor AND 1, L_0000029fc7115c70, L_0000029fc7118510, C4<1>, C4<1>;
L_0000029fc71294c0 .functor AND 1, L_0000029fc7115c70, L_0000029fc70c9460, C4<1>, C4<1>;
L_0000029fc7129290 .functor AND 1, L_0000029fc7115c70, L_0000029fc71318f0, C4<1>, C4<1>;
L_0000029fc71296f0 .functor OR 1, L_0000029fc7115c70, L_0000029fc7116f30, C4<0>, C4<0>;
L_0000029fc7129a00 .functor OR 1, L_0000029fc71298b0, L_0000029fc7132750, C4<0>, C4<0>;
L_0000029fc7129760 .functor AND 1, L_0000029fc71296f0, L_0000029fc7129a00, C4<1>, C4<1>;
L_0000029fc7129300 .functor AND 1, L_0000029fc7116f30, L_0000029fc71298b0, C4<1>, C4<1>;
L_0000029fc7129370 .functor OR 1, L_0000029fc7131f30, L_0000029fc7129300, C4<0>, C4<0>;
L_0000029fc7129610 .functor AND 1, L_0000029fc7130bd0, L_0000029fc71298b0, C4<1>, C4<1>;
L_0000029fc71297d0 .functor AND 1, L_0000029fc7132250, L_0000029fc71298b0, C4<1>, C4<1>;
L_0000029fc7129920 .functor OR 1, L_0000029fc71168f0, L_0000029fc7116df0, C4<0>, C4<0>;
L_0000029fc7129990 .functor OR 1, L_0000029fc7129920, L_0000029fc71160d0, C4<0>, C4<0>;
L_0000029fc7129a70 .functor OR 1, L_0000029fc7129990, L_0000029fc71162b0, C4<0>, C4<0>;
L_0000029fc7129ae0 .functor OR 1, L_0000029fc7129a70, L_0000029fc7116c10, C4<0>, C4<0>;
L_0000029fc7129b50 .functor OR 1, L_0000029fc7129ae0, L_0000029fc7116170, C4<0>, C4<0>;
L_0000029fc7135ae0 .functor AND 1, L_0000029fc7129b50, L_0000029fc7132430, C4<1>, C4<1>;
L_0000029fc71354c0 .functor AND 1, L_0000029fc7116f30, L_0000029fc7130d10, C4<1>, C4<1>;
L_0000029fc7135fb0 .functor OR 1, L_0000029fc7135ae0, L_0000029fc71354c0, C4<0>, C4<0>;
L_0000029fc7135e60 .functor OR 1, L_0000029fc71168f0, L_0000029fc7116df0, C4<0>, C4<0>;
L_0000029fc7135ed0 .functor OR 1, L_0000029fc71160d0, L_0000029fc71162b0, C4<0>, C4<0>;
v0000029fc67374c0_0 .net "ADD", 31 0, L_0000029fc71163f0;  1 drivers
v0000029fc6736700_0 .net "AND", 31 0, L_0000029fc6733310;  1 drivers
v0000029fc6736020_0 .net "B_data", 31 0, L_0000029fc70c8920;  1 drivers
v0000029fc6737740_0 .net "EQUAL", 0 0, L_0000029fc7115310;  1 drivers
v0000029fc6736ac0_0 .net "GREATER_THAN", 0 0, L_0000029fc7116cb0;  1 drivers
v0000029fc6737560_0 .net "GREATER_THAN_U", 0 0, L_0000029fc7117430;  1 drivers
v0000029fc67368e0_0 .net "I_data", 31 0, L_0000029fc70c8f60;  1 drivers
v0000029fc67365c0_0 .net "J_data", 31 0, L_0000029fc7115b30;  1 drivers
v0000029fc6737600_0 .net "LESS_THAN", 0 0, L_0000029fc71158b0;  1 drivers
v0000029fc6735bc0_0 .net "LESS_THAN_U", 0 0, L_0000029fc7116d50;  1 drivers
v0000029fc6736f20_0 .net "NEQUAL", 0 0, L_0000029fc7115d10;  1 drivers
v0000029fc67376a0_0 .net "OR", 31 0, L_0000029fc6733230;  1 drivers
v0000029fc67377e0_0 .net "SB_data", 31 0, L_0000029fc7131990;  1 drivers
v0000029fc6737920_0 .net "SH_data", 31 0, L_0000029fc7131df0;  1 drivers
v0000029fc6735f80_0 .net "SLL", 31 0, L_0000029fc7116670;  1 drivers
v0000029fc67379c0_0 .net "SRA", 31 0, L_0000029fc71153b0;  1 drivers
v0000029fc67360c0_0 .net "SRL", 31 0, L_0000029fc7117890;  1 drivers
v0000029fc6736ca0_0 .net "SUB", 32 0, L_0000029fc71154f0;  1 drivers
v0000029fc6736a20_0 .net "SW_data", 31 0, L_0000029fc7132e30;  1 drivers
v0000029fc6737a60_0 .net "S_data", 31 0, L_0000029fc70c9500;  1 drivers
v0000029fc6735da0_0 .net "TAKE_BRANCH", 0 0, L_0000029fc6733150;  1 drivers
v0000029fc6736d40_0 .net "U_data", 31 0, L_0000029fc7115810;  1 drivers
v0000029fc6735e40_0 .net "XOR", 31 0, L_0000029fc67330e0;  1 drivers
v0000029fc6735ee0_0 .net *"_ivl_10", 20 0, L_0000029fc70c87e0;  1 drivers
L_0000029fc70cd470 .functor BUFT 1, C4<0>, C4<0>, C4<0>, C4<0>;
v0000029fc6736e80_0 .net/2u *"_ivl_110", 0 0, L_0000029fc70cd470;  1 drivers
v0000029fc67371a0_0 .net *"_ivl_112", 32 0, L_0000029fc7117750;  1 drivers
L_0000029fc70cd4b8 .functor BUFT 1, C4<1>, C4<0>, C4<0>, C4<0>;
v0000029fc67362a0_0 .net/2u *"_ivl_114", 0 0, L_0000029fc70cd4b8;  1 drivers
v0000029fc6736fc0_0 .net *"_ivl_116", 31 0, L_0000029fc6733000;  1 drivers
v0000029fc6736980_0 .net *"_ivl_118", 32 0, L_0000029fc7115e50;  1 drivers
v0000029fc6736480_0 .net *"_ivl_120", 32 0, L_0000029fc7116490;  1 drivers
L_0000029fc70cd500 .functor BUFT 1, C4<000000000000000000000000000000001>, C4<0>, C4<0>, C4<0>;
v0000029fc6737100_0 .net/2u *"_ivl_122", 32 0, L_0000029fc70cd500;  1 drivers
L_0000029fc70cd548 .functor BUFT 1, C4<0000000>, C4<0>, C4<0>, C4<0>;
v0000029fc6736520_0 .net/2u *"_ivl_126", 6 0, L_0000029fc70cd548;  1 drivers
v0000029fc67367a0_0 .net *"_ivl_129", 4 0, L_0000029fc7116210;  1 drivers
v0000029fc6736840_0 .net *"_ivl_13", 10 0, L_0000029fc70c8740;  1 drivers
v0000029fc6736b60_0 .net *"_ivl_130", 11 0, L_0000029fc7115950;  1 drivers
v0000029fc6766880_0 .net *"_ivl_132", 31 0, L_0000029fc7115bd0;  1 drivers
L_0000029fc70cd590 .functor BUFT 1, C4<00000000000000000000>, C4<0>, C4<0>, C4<0>;
v0000029fc6765f20_0 .net *"_ivl_135", 19 0, L_0000029fc70cd590;  1 drivers
L_0000029fc70cd5d8 .functor BUFT 1, C4<00000000000000000000000000000000>, C4<0>, C4<0>, C4<0>;
v0000029fc6765d40_0 .net/2u *"_ivl_136", 31 0, L_0000029fc70cd5d8;  1 drivers
v0000029fc6765700_0 .net *"_ivl_138", 31 0, L_0000029fc71151d0;  1 drivers
v0000029fc6766f60_0 .net *"_ivl_149", 31 0, L_0000029fc7116350;  1 drivers
L_0000029fc70cd620 .functor BUFT 1, C4<00000000000000000000000000000000>, C4<0>, C4<0>, C4<0>;
v0000029fc6766560_0 .net/2u *"_ivl_150", 31 0, L_0000029fc70cd620;  1 drivers
v0000029fc6767280_0 .net *"_ivl_157", 0 0, L_0000029fc7115a90;  1 drivers
v0000029fc6766ba0_0 .net *"_ivl_159", 0 0, L_0000029fc7116b70;  1 drivers
v0000029fc6766c40_0 .net *"_ivl_160", 0 0, L_0000029fc6733380;  1 drivers
v0000029fc6767000_0 .net *"_ivl_163", 0 0, L_0000029fc7115ef0;  1 drivers
v0000029fc67670a0_0 .net *"_ivl_165", 0 0, L_0000029fc71176b0;  1 drivers
v0000029fc6766ce0_0 .net *"_ivl_17", 0 0, L_0000029fc70ca720;  1 drivers
L_0000029fc70cd668 .functor BUFT 1, C4<000>, C4<0>, C4<0>, C4<0>;
v0000029fc67662e0_0 .net/2u *"_ivl_174", 2 0, L_0000029fc70cd668;  1 drivers
v0000029fc6766060_0 .net *"_ivl_176", 0 0, L_0000029fc7116710;  1 drivers
v0000029fc6767140_0 .net *"_ivl_178", 0 0, L_0000029fc67335b0;  1 drivers
v0000029fc67671e0_0 .net *"_ivl_18", 19 0, L_0000029fc70ca680;  1 drivers
L_0000029fc70cd6b0 .functor BUFT 1, C4<111>, C4<0>, C4<0>, C4<0>;
v0000029fc6766380_0 .net/2u *"_ivl_180", 2 0, L_0000029fc70cd6b0;  1 drivers
v0000029fc6766b00_0 .net *"_ivl_182", 0 0, L_0000029fc7117070;  1 drivers
v0000029fc67653e0_0 .net *"_ivl_184", 0 0, L_0000029fc6733460;  1 drivers
v0000029fc6766a60_0 .net *"_ivl_186", 0 0, L_0000029fc6733070;  1 drivers
L_0000029fc70cd6f8 .functor BUFT 1, C4<001>, C4<0>, C4<0>, C4<0>;
v0000029fc6766420_0 .net/2u *"_ivl_188", 2 0, L_0000029fc70cd6f8;  1 drivers
v0000029fc6766920_0 .net *"_ivl_190", 0 0, L_0000029fc7116990;  1 drivers
v0000029fc6765de0_0 .net *"_ivl_192", 0 0, L_0000029fc6733850;  1 drivers
v0000029fc6766d80_0 .net *"_ivl_194", 0 0, L_0000029fc6732ba0;  1 drivers
L_0000029fc70cd740 .functor BUFT 1, C4<100>, C4<0>, C4<0>, C4<0>;
v0000029fc6765660_0 .net/2u *"_ivl_196", 2 0, L_0000029fc70cd740;  1 drivers
v0000029fc6766100_0 .net *"_ivl_198", 0 0, L_0000029fc71167b0;  1 drivers
v0000029fc6765e80_0 .net *"_ivl_200", 0 0, L_0000029fc6732c10;  1 drivers
v0000029fc67669c0_0 .net *"_ivl_202", 0 0, L_0000029fc6733620;  1 drivers
L_0000029fc70cd788 .functor BUFT 1, C4<101>, C4<0>, C4<0>, C4<0>;
v0000029fc6765b60_0 .net/2u *"_ivl_204", 2 0, L_0000029fc70cd788;  1 drivers
v0000029fc67664c0_0 .net *"_ivl_206", 0 0, L_0000029fc7116850;  1 drivers
v0000029fc6766600_0 .net *"_ivl_208", 0 0, L_0000029fc6732c80;  1 drivers
v0000029fc67666a0_0 .net *"_ivl_21", 0 0, L_0000029fc70ca180;  1 drivers
v0000029fc67667e0_0 .net *"_ivl_210", 0 0, L_0000029fc6732cf0;  1 drivers
L_0000029fc70cd7d0 .functor BUFT 1, C4<110>, C4<0>, C4<0>, C4<0>;
v0000029fc6765ca0_0 .net/2u *"_ivl_212", 2 0, L_0000029fc70cd7d0;  1 drivers
v0000029fc67657a0_0 .net *"_ivl_214", 0 0, L_0000029fc7116ad0;  1 drivers
v0000029fc6765480_0 .net *"_ivl_216", 0 0, L_0000029fc67338c0;  1 drivers
L_0000029fc70cd818 .functor BUFT 1, C4<000>, C4<0>, C4<0>, C4<0>;
v0000029fc6765520_0 .net/2u *"_ivl_220", 2 0, L_0000029fc70cd818;  1 drivers
v0000029fc6766740_0 .net *"_ivl_222", 0 0, L_0000029fc7116fd0;  1 drivers
v0000029fc6766e20_0 .net *"_ivl_224", 0 0, L_0000029fc67334d0;  1 drivers
v0000029fc67661a0_0 .net *"_ivl_227", 0 0, L_0000029fc71159f0;  1 drivers
v0000029fc6765a20_0 .net *"_ivl_228", 0 0, L_0000029fc6733930;  1 drivers
v0000029fc6766240_0 .net *"_ivl_23", 5 0, L_0000029fc70ca7c0;  1 drivers
v0000029fc6766ec0_0 .net *"_ivl_230", 0 0, L_0000029fc6732dd0;  1 drivers
L_0000029fc70cd860 .functor BUFT 1, C4<000>, C4<0>, C4<0>, C4<0>;
v0000029fc6765840_0 .net/2u *"_ivl_232", 2 0, L_0000029fc70cd860;  1 drivers
v0000029fc67655c0_0 .net *"_ivl_234", 0 0, L_0000029fc7115450;  1 drivers
v0000029fc67658e0_0 .net *"_ivl_236", 0 0, L_0000029fc7129ed0;  1 drivers
L_0000029fc70cd8a8 .functor BUFT 1, C4<000>, C4<0>, C4<0>, C4<0>;
v0000029fc6765980_0 .net/2u *"_ivl_238", 2 0, L_0000029fc70cd8a8;  1 drivers
v0000029fc6765ac0_0 .net *"_ivl_240", 0 0, L_0000029fc7115f90;  1 drivers
v0000029fc6765c00_0 .net *"_ivl_242", 0 0, L_0000029fc7129450;  1 drivers
v0000029fc6765fc0_0 .net *"_ivl_244", 0 0, L_0000029fc7129ca0;  1 drivers
v0000029fc6768ed0_0 .net *"_ivl_246", 0 0, L_0000029fc7129f40;  1 drivers
v0000029fc6768b10_0 .net *"_ivl_249", 0 0, L_0000029fc7117110;  1 drivers
v0000029fc67673f0_0 .net *"_ivl_25", 3 0, L_0000029fc70c8880;  1 drivers
v0000029fc67690b0_0 .net *"_ivl_250", 0 0, L_0000029fc7129bc0;  1 drivers
v0000029fc6767d50_0 .net *"_ivl_253", 31 0, L_0000029fc71177f0;  1 drivers
L_0000029fc70cd8f0 .functor BUFT 1, C4<100>, C4<0>, C4<0>, C4<0>;
v0000029fc6767b70_0 .net/2u *"_ivl_254", 2 0, L_0000029fc70cd8f0;  1 drivers
v0000029fc6768610_0 .net *"_ivl_256", 0 0, L_0000029fc71171b0;  1 drivers
L_0000029fc70cd938 .functor BUFT 1, C4<110>, C4<0>, C4<0>, C4<0>;
v0000029fc6767850_0 .net/2u *"_ivl_258", 2 0, L_0000029fc70cd938;  1 drivers
L_0000029fc70cd0c8 .functor BUFT 1, C4<0>, C4<0>, C4<0>, C4<0>;
v0000029fc6768250_0 .net/2u *"_ivl_26", 0 0, L_0000029fc70cd0c8;  1 drivers
v0000029fc67686b0_0 .net *"_ivl_260", 0 0, L_0000029fc7117250;  1 drivers
L_0000029fc70cd980 .functor BUFT 1, C4<010>, C4<0>, C4<0>, C4<0>;
v0000029fc6767530_0 .net/2u *"_ivl_262", 2 0, L_0000029fc70cd980;  1 drivers
v0000029fc67682f0_0 .net *"_ivl_264", 0 0, L_0000029fc71172f0;  1 drivers
v0000029fc6768930_0 .net *"_ivl_266", 0 0, L_0000029fc7129d80;  1 drivers
v0000029fc6767490_0 .net *"_ivl_269", 0 0, L_0000029fc7115270;  1 drivers
v0000029fc67675d0_0 .net *"_ivl_270", 0 0, L_0000029fc71293e0;  1 drivers
L_0000029fc70cd9c8 .functor BUFT 1, C4<0000000000000000000000000000000>, C4<0>, C4<0>, C4<0>;
v0000029fc6767df0_0 .net/2u *"_ivl_272", 30 0, L_0000029fc70cd9c8;  1 drivers
v0000029fc6768750_0 .net *"_ivl_274", 31 0, L_0000029fc7115590;  1 drivers
L_0000029fc70cda10 .functor BUFT 1, C4<011>, C4<0>, C4<0>, C4<0>;
v0000029fc67678f0_0 .net/2u *"_ivl_276", 2 0, L_0000029fc70cda10;  1 drivers
v0000029fc6768e30_0 .net *"_ivl_278", 0 0, L_0000029fc71174d0;  1 drivers
L_0000029fc70cda58 .functor BUFT 1, C4<0000000000000000000000000000000>, C4<0>, C4<0>, C4<0>;
v0000029fc6767e90_0 .net/2u *"_ivl_280", 30 0, L_0000029fc70cda58;  1 drivers
v0000029fc6767990_0 .net *"_ivl_282", 31 0, L_0000029fc7115630;  1 drivers
L_0000029fc70cdaa0 .functor BUFT 1, C4<001>, C4<0>, C4<0>, C4<0>;
v0000029fc67684d0_0 .net/2u *"_ivl_284", 2 0, L_0000029fc70cdaa0;  1 drivers
v0000029fc6769150_0 .net *"_ivl_286", 0 0, L_0000029fc7115130;  1 drivers
v0000029fc67677b0_0 .net *"_ivl_289", 0 0, L_0000029fc71156d0;  1 drivers
v0000029fc6767f30_0 .net *"_ivl_290", 0 0, L_0000029fc712a020;  1 drivers
L_0000029fc70cdae8 .functor BUFT 1, C4<101>, C4<0>, C4<0>, C4<0>;
v0000029fc6768f70_0 .net/2u *"_ivl_292", 2 0, L_0000029fc70cdae8;  1 drivers
v0000029fc6767c10_0 .net *"_ivl_294", 0 0, L_0000029fc7118ab0;  1 drivers
L_0000029fc70cdb30 .functor BUFT 1, C4<101>, C4<0>, C4<0>, C4<0>;
v0000029fc67687f0_0 .net/2u *"_ivl_296", 2 0, L_0000029fc70cdb30;  1 drivers
v0000029fc6768cf0_0 .net *"_ivl_298", 0 0, L_0000029fc7118c90;  1 drivers
v0000029fc6767670_0 .net *"_ivl_301", 0 0, L_0000029fc7118790;  1 drivers
v0000029fc6768c50_0 .net *"_ivl_302", 0 0, L_0000029fc7129530;  1 drivers
v0000029fc67689d0_0 .net *"_ivl_304", 0 0, L_0000029fc7129680;  1 drivers
v0000029fc6767cb0_0 .net *"_ivl_306", 0 0, L_0000029fc7129220;  1 drivers
L_0000029fc70cdb78 .functor BUFT 1, C4<00000000000000000000000000000000>, C4<0>, C4<0>, C4<0>;
v0000029fc6768890_0 .net/2u *"_ivl_308", 31 0, L_0000029fc70cdb78;  1 drivers
v0000029fc6767ad0_0 .net *"_ivl_31", 0 0, L_0000029fc70c91e0;  1 drivers
v0000029fc67681b0_0 .net *"_ivl_310", 31 0, L_0000029fc7117cf0;  1 drivers
v0000029fc6767fd0_0 .net *"_ivl_312", 31 0, L_0000029fc7117ed0;  1 drivers
v0000029fc6767710_0 .net *"_ivl_314", 31 0, L_0000029fc7118fb0;  1 drivers
v0000029fc6768bb0_0 .net *"_ivl_316", 31 0, L_0000029fc7118d30;  1 drivers
v0000029fc6768a70_0 .net *"_ivl_318", 31 0, L_0000029fc7117d90;  1 drivers
v0000029fc6768070_0 .net *"_ivl_32", 20 0, L_0000029fc70c90a0;  1 drivers
v0000029fc67691f0_0 .net *"_ivl_320", 31 0, L_0000029fc7118970;  1 drivers
v0000029fc6769010_0 .net *"_ivl_322", 31 0, L_0000029fc7118dd0;  1 drivers
v0000029fc6768110_0 .net *"_ivl_324", 31 0, L_0000029fc7118e70;  1 drivers
v0000029fc6768d90_0 .net *"_ivl_326", 31 0, L_0000029fc71181f0;  1 drivers
v0000029fc6767a30_0 .net *"_ivl_328", 31 0, L_0000029fc7118f10;  1 drivers
v0000029fc6768430_0 .net *"_ivl_334", 0 0, L_0000029fc7129c30;  1 drivers
v0000029fc6768390_0 .net *"_ivl_336", 0 0, L_0000029fc7129140;  1 drivers
v0000029fc6768570_0 .net *"_ivl_338", 0 0, L_0000029fc71295a0;  1 drivers
v0000029fc6769290_0 .net *"_ivl_340", 31 0, L_0000029fc7118650;  1 drivers
L_0000029fc70cdbc0 .functor BUFT 1, C4<00000000000000000000000000000100>, C4<0>, C4<0>, C4<0>;
v0000029fc676ac50_0 .net/2u *"_ivl_344", 31 0, L_0000029fc70cdbc0;  1 drivers
L_0000029fc70cdc08 .functor BUFT 1, C4<00000000000000000000000000000000>, C4<0>, C4<0>, C4<0>;
v0000029fc676b5b0_0 .net/2u *"_ivl_348", 31 0, L_0000029fc70cdc08;  1 drivers
v0000029fc676a750_0 .net *"_ivl_35", 5 0, L_0000029fc70c9140;  1 drivers
v0000029fc6769c10_0 .net *"_ivl_350", 31 0, L_0000029fc7117930;  1 drivers
v0000029fc676b290_0 .net *"_ivl_352", 31 0, L_0000029fc71179d0;  1 drivers
v0000029fc676a4d0_0 .net *"_ivl_354", 31 0, L_0000029fc7118830;  1 drivers
v0000029fc676b470_0 .net *"_ivl_358", 31 0, L_0000029fc7117a70;  1 drivers
L_0000029fc70cdc50 .functor BUFT 1, C4<0000000000000000000000000000>, C4<0>, C4<0>, C4<0>;
v0000029fc676a1b0_0 .net *"_ivl_361", 27 0, L_0000029fc70cdc50;  1 drivers
L_0000029fc70cdc98 .functor BUFT 1, C4<00000000000000000000000000000101>, C4<0>, C4<0>, C4<0>;
v0000029fc676acf0_0 .net/2u *"_ivl_362", 31 0, L_0000029fc70cdc98;  1 drivers
v0000029fc676b330_0 .net *"_ivl_364", 0 0, L_0000029fc7117b10;  1 drivers
v0000029fc676b8d0_0 .net *"_ivl_366", 31 0, L_0000029fc7118290;  1 drivers
L_0000029fc70cdce0 .functor BUFT 1, C4<0000000000000000000000000000>, C4<0>, C4<0>, C4<0>;
v0000029fc676b650_0 .net *"_ivl_369", 27 0, L_0000029fc70cdce0;  1 drivers
v0000029fc676a070_0 .net *"_ivl_37", 4 0, L_0000029fc70c93c0;  1 drivers
L_0000029fc70cdd28 .functor BUFT 1, C4<00000000000000000000000000000110>, C4<0>, C4<0>, C4<0>;
v0000029fc676b830_0 .net/2u *"_ivl_370", 31 0, L_0000029fc70cdd28;  1 drivers
v0000029fc676a110_0 .net *"_ivl_372", 0 0, L_0000029fc7117c50;  1 drivers
v0000029fc676a250_0 .net *"_ivl_374", 0 0, L_0000029fc7129df0;  1 drivers
v0000029fc676a7f0_0 .net *"_ivl_376", 31 0, L_0000029fc7117e30;  1 drivers
L_0000029fc70cdd70 .functor BUFT 1, C4<0000000000000000000000000000>, C4<0>, C4<0>, C4<0>;
v0000029fc676a390_0 .net *"_ivl_379", 27 0, L_0000029fc70cdd70;  1 drivers
L_0000029fc70cddb8 .functor BUFT 1, C4<00000000000000000000000000000111>, C4<0>, C4<0>, C4<0>;
v0000029fc676ba10_0 .net/2u *"_ivl_380", 31 0, L_0000029fc70cddb8;  1 drivers
v0000029fc676b970_0 .net *"_ivl_382", 0 0, L_0000029fc71188d0;  1 drivers
v0000029fc676a2f0_0 .net *"_ivl_384", 0 0, L_0000029fc71291b0;  1 drivers
v0000029fc676bab0_0 .net *"_ivl_386", 31 0, L_0000029fc7118a10;  1 drivers
L_0000029fc70cde00 .functor BUFT 1, C4<0000000000000000000000000000>, C4<0>, C4<0>, C4<0>;
v0000029fc676ad90_0 .net *"_ivl_389", 27 0, L_0000029fc70cde00;  1 drivers
L_0000029fc70cde48 .functor BUFT 1, C4<00000000000000000000000000001000>, C4<0>, C4<0>, C4<0>;
v0000029fc676af70_0 .net/2u *"_ivl_390", 31 0, L_0000029fc70cde48;  1 drivers
v0000029fc6769cb0_0 .net *"_ivl_392", 0 0, L_0000029fc7117f70;  1 drivers
v0000029fc676a890_0 .net *"_ivl_396", 31 0, L_0000029fc7118470;  1 drivers
L_0000029fc70cde90 .functor BUFT 1, C4<0000000000000000000000000000>, C4<0>, C4<0>, C4<0>;
v0000029fc676b6f0_0 .net *"_ivl_399", 27 0, L_0000029fc70cde90;  1 drivers
L_0000029fc70cded8 .functor BUFT 1, C4<00000000000000000000000000001010>, C4<0>, C4<0>, C4<0>;
v0000029fc6769d50_0 .net/2u *"_ivl_400", 31 0, L_0000029fc70cded8;  1 drivers
v0000029fc676a430_0 .net *"_ivl_402", 0 0, L_0000029fc71180b0;  1 drivers
v0000029fc6769df0_0 .net *"_ivl_404", 0 0, L_0000029fc7129e60;  1 drivers
L_0000029fc70cdf20 .functor BUFT 1, C4<00000000000000000000000000000000>, C4<0>, C4<0>, C4<0>;
v0000029fc676b790_0 .net/2u *"_ivl_406", 31 0, L_0000029fc70cdf20;  1 drivers
v0000029fc6769e90_0 .net *"_ivl_41", 0 0, L_0000029fc7116a30;  1 drivers
v0000029fc6769f30_0 .net *"_ivl_412", 31 0, L_0000029fc7118bf0;  1 drivers
L_0000029fc70cdf68 .functor BUFT 1, C4<0000000000000000000000000000>, C4<0>, C4<0>, C4<0>;
v0000029fc6769fd0_0 .net *"_ivl_415", 27 0, L_0000029fc70cdf68;  1 drivers
L_0000029fc70cdfb0 .functor BUFT 1, C4<00000000000000000000000000000101>, C4<0>, C4<0>, C4<0>;
v0000029fc676a570_0 .net/2u *"_ivl_416", 31 0, L_0000029fc70cdfb0;  1 drivers
v0000029fc676b510_0 .net *"_ivl_418", 0 0, L_0000029fc7118150;  1 drivers
v0000029fc676a610_0 .net *"_ivl_42", 11 0, L_0000029fc7116e90;  1 drivers
v0000029fc676a6b0_0 .net *"_ivl_420", 0 0, L_0000029fc7129fb0;  1 drivers
v0000029fc676a930_0 .net *"_ivl_424", 31 0, L_0000029fc7118330;  1 drivers
L_0000029fc70cdff8 .functor BUFT 1, C4<0000000000000000000000000000>, C4<0>, C4<0>, C4<0>;
v0000029fc676a9d0_0 .net *"_ivl_427", 27 0, L_0000029fc70cdff8;  1 drivers
L_0000029fc70ce040 .functor BUFT 1, C4<00000000000000000000000000000110>, C4<0>, C4<0>, C4<0>;
v0000029fc676aa70_0 .net/2u *"_ivl_428", 31 0, L_0000029fc70ce040;  1 drivers
v0000029fc676ab10_0 .net *"_ivl_430", 0 0, L_0000029fc7118510;  1 drivers
v0000029fc676abb0_0 .net *"_ivl_432", 0 0, L_0000029fc7129840;  1 drivers
v0000029fc676ae30_0 .net *"_ivl_436", 31 0, L_0000029fc71185b0;  1 drivers
L_0000029fc70ce088 .functor BUFT 1, C4<0000000000000000000000000000>, C4<0>, C4<0>, C4<0>;
v0000029fc676aed0_0 .net *"_ivl_439", 27 0, L_0000029fc70ce088;  1 drivers
L_0000029fc70ce0d0 .functor BUFT 1, C4<00000000000000000000000000000111>, C4<0>, C4<0>, C4<0>;
v0000029fc676b010_0 .net/2u *"_ivl_440", 31 0, L_0000029fc70ce0d0;  1 drivers
v0000029fc676b0b0_0 .net *"_ivl_442", 0 0, L_0000029fc70c9460;  1 drivers
v0000029fc676b3d0_0 .net *"_ivl_444", 0 0, L_0000029fc71294c0;  1 drivers
v0000029fc676b150_0 .net *"_ivl_449", 31 0, L_0000029fc7130ef0;  1 drivers
v0000029fc676b1f0_0 .net *"_ivl_45", 7 0, L_0000029fc7117610;  1 drivers
L_0000029fc70ce118 .functor BUFT 1, C4<0000000000000000000000000000>, C4<0>, C4<0>, C4<0>;
v0000029fc676bea0_0 .net *"_ivl_452", 27 0, L_0000029fc70ce118;  1 drivers
L_0000029fc70ce160 .functor BUFT 1, C4<00000000000000000000000000001000>, C4<0>, C4<0>, C4<0>;
v0000029fc676d200_0 .net/2u *"_ivl_453", 31 0, L_0000029fc70ce160;  1 drivers
v0000029fc676cda0_0 .net *"_ivl_455", 0 0, L_0000029fc71318f0;  1 drivers
v0000029fc676dac0_0 .net *"_ivl_457", 0 0, L_0000029fc7129290;  1 drivers
v0000029fc676d840_0 .net *"_ivl_459", 0 0, L_0000029fc71296f0;  1 drivers
v0000029fc676bc20_0 .net *"_ivl_461", 31 0, L_0000029fc7133290;  1 drivers
L_0000029fc70ce1a8 .functor BUFT 1, C4<0000000000000000000000000000>, C4<0>, C4<0>, C4<0>;
v0000029fc676d8e0_0 .net *"_ivl_464", 27 0, L_0000029fc70ce1a8;  1 drivers
L_0000029fc70ce1f0 .functor BUFT 1, C4<00000000000000000000000000001010>, C4<0>, C4<0>, C4<0>;
v0000029fc676bf40_0 .net/2u *"_ivl_465", 31 0, L_0000029fc70ce1f0;  1 drivers
v0000029fc676c4e0_0 .net *"_ivl_467", 0 0, L_0000029fc7132750;  1 drivers
v0000029fc676cb20_0 .net *"_ivl_469", 0 0, L_0000029fc7129a00;  1 drivers
v0000029fc676ca80_0 .net *"_ivl_47", 0 0, L_0000029fc7117390;  1 drivers
v0000029fc676c440_0 .net *"_ivl_471", 0 0, L_0000029fc7129760;  1 drivers
v0000029fc676cbc0_0 .net *"_ivl_475", 31 0, L_0000029fc7131a30;  1 drivers
L_0000029fc70ce238 .functor BUFT 1, C4<0000000000000000000000000000>, C4<0>, C4<0>, C4<0>;
v0000029fc676ce40_0 .net *"_ivl_478", 27 0, L_0000029fc70ce238;  1 drivers
L_0000029fc70ce280 .functor BUFT 1, C4<00000000000000000000000000001001>, C4<0>, C4<0>, C4<0>;
v0000029fc676c260_0 .net/2u *"_ivl_479", 31 0, L_0000029fc70ce280;  1 drivers
v0000029fc676cc60_0 .net *"_ivl_481", 0 0, L_0000029fc7131f30;  1 drivers
v0000029fc676cd00_0 .net *"_ivl_483", 0 0, L_0000029fc7129300;  1 drivers
v0000029fc676da20_0 .net *"_ivl_488", 0 0, L_0000029fc7132f70;  1 drivers
v0000029fc676d980_0 .net *"_ivl_49", 9 0, L_0000029fc7116030;  1 drivers
v0000029fc676d020_0 .net *"_ivl_490", 7 0, L_0000029fc71317b0;  1 drivers
L_0000029fc70ce2c8 .functor BUFT 1, C4<00000000>, C4<0>, C4<0>, C4<0>;
v0000029fc676d2a0_0 .net/2u *"_ivl_491", 7 0, L_0000029fc70ce2c8;  1 drivers
v0000029fc676d0c0_0 .net *"_ivl_496", 0 0, L_0000029fc7131c10;  1 drivers
v0000029fc676bfe0_0 .net *"_ivl_498", 7 0, L_0000029fc71322f0;  1 drivers
L_0000029fc70ce310 .functor BUFT 1, C4<00000000>, C4<0>, C4<0>, C4<0>;
v0000029fc676c080_0 .net/2u *"_ivl_499", 7 0, L_0000029fc70ce310;  1 drivers
L_0000029fc70cd110 .functor BUFT 1, C4<0>, C4<0>, C4<0>, C4<0>;
v0000029fc676d7a0_0 .net/2u *"_ivl_50", 0 0, L_0000029fc70cd110;  1 drivers
v0000029fc676bcc0_0 .net *"_ivl_504", 0 0, L_0000029fc71310d0;  1 drivers
v0000029fc676d520_0 .net *"_ivl_506", 0 0, L_0000029fc7131cb0;  1 drivers
v0000029fc676cee0_0 .net *"_ivl_508", 7 0, L_0000029fc7132070;  1 drivers
L_0000029fc70ce358 .functor BUFT 1, C4<00000000>, C4<0>, C4<0>, C4<0>;
v0000029fc676cf80_0 .net/2u *"_ivl_509", 7 0, L_0000029fc70ce358;  1 drivers
L_0000029fc70ce3a0 .functor BUFT 1, C4<000000000000000000000000>, C4<0>, C4<0>, C4<0>;
v0000029fc676d3e0_0 .net/2u *"_ivl_515", 23 0, L_0000029fc70ce3a0;  1 drivers
L_0000029fc70ce3e8 .functor BUFT 1, C4<0000000000000000>, C4<0>, C4<0>, C4<0>;
v0000029fc676bd60_0 .net/2u *"_ivl_519", 15 0, L_0000029fc70ce3e8;  1 drivers
v0000029fc676d700_0 .net *"_ivl_526", 0 0, L_0000029fc7130bd0;  1 drivers
v0000029fc676c1c0_0 .net *"_ivl_527", 0 0, L_0000029fc7129610;  1 drivers
v0000029fc676be00_0 .net *"_ivl_530", 0 0, L_0000029fc7131670;  1 drivers
v0000029fc676c580_0 .net *"_ivl_532", 0 0, L_0000029fc7132250;  1 drivers
v0000029fc676c620_0 .net *"_ivl_533", 0 0, L_0000029fc71297d0;  1 drivers
v0000029fc676d160_0 .net *"_ivl_535", 31 0, L_0000029fc7131e90;  1 drivers
v0000029fc676c800_0 .net *"_ivl_539", 0 0, L_0000029fc7129920;  1 drivers
v0000029fc676c120_0 .net *"_ivl_541", 0 0, L_0000029fc7129990;  1 drivers
v0000029fc676c300_0 .net *"_ivl_543", 0 0, L_0000029fc7129a70;  1 drivers
v0000029fc676d5c0_0 .net *"_ivl_545", 0 0, L_0000029fc7129ae0;  1 drivers
v0000029fc676c760_0 .net *"_ivl_547", 0 0, L_0000029fc7129b50;  1 drivers
v0000029fc676c3a0_0 .net *"_ivl_549", 31 0, L_0000029fc7130b30;  1 drivers
v0000029fc676d340_0 .net *"_ivl_55", 0 0, L_0000029fc7115770;  1 drivers
L_0000029fc70ce430 .functor BUFT 1, C4<0000000000000000000000000000>, C4<0>, C4<0>, C4<0>;
v0000029fc676d480_0 .net *"_ivl_552", 27 0, L_0000029fc70ce430;  1 drivers
L_0000029fc70ce478 .functor BUFT 1, C4<00000000000000000000000000000011>, C4<0>, C4<0>, C4<0>;
v0000029fc676c9e0_0 .net/2u *"_ivl_553", 31 0, L_0000029fc70ce478;  1 drivers
v0000029fc676c6c0_0 .net *"_ivl_555", 0 0, L_0000029fc7132430;  1 drivers
v0000029fc676c8a0_0 .net *"_ivl_557", 0 0, L_0000029fc7135ae0;  1 drivers
v0000029fc676c940_0 .net *"_ivl_559", 31 0, L_0000029fc7130c70;  1 drivers
L_0000029fc70ce4c0 .functor BUFT 1, C4<0000000000000000000000000000>, C4<0>, C4<0>, C4<0>;
v0000029fc676d660_0 .net *"_ivl_562", 27 0, L_0000029fc70ce4c0;  1 drivers
L_0000029fc70ce508 .functor BUFT 1, C4<00000000000000000000000000001010>, C4<0>, C4<0>, C4<0>;
v0000029fc70caae0_0 .net/2u *"_ivl_563", 31 0, L_0000029fc70ce508;  1 drivers
v0000029fc70caea0_0 .net *"_ivl_565", 0 0, L_0000029fc7130d10;  1 drivers
v0000029fc70cb940_0 .net *"_ivl_567", 0 0, L_0000029fc71354c0;  1 drivers
v0000029fc70cab80_0 .net *"_ivl_57", 18 0, L_0000029fc7116530;  1 drivers
v0000029fc70cac20_0 .net *"_ivl_571", 0 0, L_0000029fc7135e60;  1 drivers
v0000029fc70cb440_0 .net *"_ivl_573", 0 0, L_0000029fc7135ed0;  1 drivers
L_0000029fc70ce550 .functor BUFT 1, C4<00000000000000000000000000000000>, C4<0>, C4<0>, C4<0>;
v0000029fc70cbda0_0 .net/2u *"_ivl_575", 31 0, L_0000029fc70ce550;  1 drivers
v0000029fc70cbee0_0 .net *"_ivl_577", 31 0, L_0000029fc7131030;  1 drivers
v0000029fc70cb4e0_0 .net *"_ivl_579", 31 0, L_0000029fc7130db0;  1 drivers
L_0000029fc70cd158 .functor BUFT 1, C4<000000000000>, C4<0>, C4<0>, C4<0>;
v0000029fc70cba80_0 .net/2u *"_ivl_58", 11 0, L_0000029fc70cd158;  1 drivers
v0000029fc70ca900_0 .net *"_ivl_581", 31 0, L_0000029fc7131fd0;  1 drivers
v0000029fc70cb1c0_0 .net *"_ivl_583", 31 0, L_0000029fc71327f0;  1 drivers
L_0000029fc70cd1a0 .functor BUFT 1, C4<01100>, C4<0>, C4<0>, C4<0>;
v0000029fc70cb580_0 .net/2u *"_ivl_62", 4 0, L_0000029fc70cd1a0;  1 drivers
L_0000029fc70cd1e8 .functor BUFT 1, C4<00100>, C4<0>, C4<0>, C4<0>;
v0000029fc70cb620_0 .net/2u *"_ivl_66", 4 0, L_0000029fc70cd1e8;  1 drivers
L_0000029fc70cd230 .functor BUFT 1, C4<11000>, C4<0>, C4<0>, C4<0>;
v0000029fc70cb260_0 .net/2u *"_ivl_70", 4 0, L_0000029fc70cd230;  1 drivers
L_0000029fc70cd278 .functor BUFT 1, C4<11100>, C4<0>, C4<0>, C4<0>;
v0000029fc70cad60_0 .net/2u *"_ivl_74", 4 0, L_0000029fc70cd278;  1 drivers
L_0000029fc70cd2c0 .functor BUFT 1, C4<01000>, C4<0>, C4<0>, C4<0>;
v0000029fc70cbb20_0 .net/2u *"_ivl_78", 4 0, L_0000029fc70cd2c0;  1 drivers
L_0000029fc70cd308 .functor BUFT 1, C4<00000>, C4<0>, C4<0>, C4<0>;
v0000029fc70cb120_0 .net/2u *"_ivl_82", 4 0, L_0000029fc70cd308;  1 drivers
L_0000029fc70cd350 .functor BUFT 1, C4<11011>, C4<0>, C4<0>, C4<0>;
v0000029fc70caa40_0 .net/2u *"_ivl_86", 4 0, L_0000029fc70cd350;  1 drivers
v0000029fc70cbf80_0 .net *"_ivl_9", 0 0, L_0000029fc70ca0e0;  1 drivers
L_0000029fc70cd398 .functor BUFT 1, C4<11001>, C4<0>, C4<0>, C4<0>;
v0000029fc70cb6c0_0 .net/2u *"_ivl_90", 4 0, L_0000029fc70cd398;  1 drivers
L_0000029fc70cd3e0 .functor BUFT 1, C4<01101>, C4<0>, C4<0>, C4<0>;
v0000029fc70cb8a0_0 .net/2u *"_ivl_94", 4 0, L_0000029fc70cd3e0;  1 drivers
L_0000029fc70cd428 .functor BUFT 1, C4<00101>, C4<0>, C4<0>, C4<0>;
v0000029fc70cb300_0 .net/2u *"_ivl_98", 4 0, L_0000029fc70cd428;  1 drivers
v0000029fc70cb080_0 .var "addr", 31 0;
v0000029fc70caf40_0 .net "alu_in1", 31 0, v0000029fc70cbd00_0;  1 drivers
v0000029fc70cafe0_0 .net "alu_in2", 31 0, L_0000029fc7117bb0;  1 drivers
v0000029fc70cb3a0_0 .net "alu_result", 31 0, L_0000029fc7118010;  1 drivers
v0000029fc70cb760_0 .net "byte1_data", 7 0, L_0000029fc7131350;  1 drivers
v0000029fc70cb800_0 .net "byte2_data", 7 0, L_0000029fc7131ad0;  1 drivers
v0000029fc70cb9e0_0 .net "byte3_data", 7 0, L_0000029fc7130e50;  1 drivers
v0000029fc70cacc0_0 .net "byte4_data", 7 0, L_0000029fc7131d50;  1 drivers
v0000029fc70cbbc0_0 .net "clk", 0 0, o0000029fc7093268;  alias, 0 drivers
v0000029fc70cbc60_0 .var "cycle", 31 0;
v0000029fc70cae00_0 .var "data", 31 0;
v0000029fc70cbd00_0 .var "data_rs1", 31 0;
v0000029fc70cbe40_0 .var "data_rs2", 31 0;
v0000029fc70ca9a0_0 .net "funct3", 2 0, L_0000029fc70c9fa0;  1 drivers
v0000029fc70c8ba0_0 .net "funct7", 6 0, L_0000029fc70ca040;  1 drivers
v0000029fc70c95a0_0 .net "isAUIPC", 0 0, L_0000029fc7116170;  1 drivers
v0000029fc70c9d20_0 .net "isBtype", 0 0, L_0000029fc7115db0;  1 drivers
v0000029fc70c9e60_0 .net "isItype", 0 0, L_0000029fc71168f0;  1 drivers
v0000029fc70ca400_0 .net "isJAL", 0 0, L_0000029fc71160d0;  1 drivers
v0000029fc70c84c0_0 .net "isJALR", 0 0, L_0000029fc71162b0;  1 drivers
v0000029fc70c8c40_0 .net "isLUI", 0 0, L_0000029fc7116c10;  1 drivers
v0000029fc70c81a0_0 .net "isLtype", 0 0, L_0000029fc7116f30;  1 drivers
v0000029fc70ca360_0 .net "isRtype", 0 0, L_0000029fc7116df0;  1 drivers
v0000029fc70c8b00_0 .net "isStype", 0 0, L_0000029fc7115c70;  1 drivers
v0000029fc70c8ce0_0 .net "isSystype", 0 0, L_0000029fc7117570;  1 drivers
v0000029fc70c9820_0 .var "load_data_tmp", 31 0;
v0000029fc70c9a00_0 .net "load_store_addr", 31 0, L_0000029fc7118b50;  1 drivers
v0000029fc70c8600_0 .net "load_store_state_flag", 0 0, L_0000029fc71298b0;  1 drivers
v0000029fc70c9dc0_0 .net "mem_addr", 31 0, L_0000029fc7131170;  alias, 1 drivers
v0000029fc70c9c80_0 .net "mem_rdata", 31 0, v0000029fc70c9280_0;  alias, 1 drivers
v0000029fc70c8240_0 .net "mem_rstrb", 0 0, L_0000029fc7129370;  alias, 1 drivers
v0000029fc70ca4a0_0 .net "mem_wdata", 31 0, L_0000029fc7131490;  1 drivers
v0000029fc70c9be0_0 .net "mem_wstrb", 3 0, L_0000029fc7132390;  1 drivers
v0000029fc70ca860_0 .net "opcode", 4 0, L_0000029fc70c9f00;  1 drivers
v0000029fc70c9640_0 .net "pcplus4", 31 0, L_0000029fc71186f0;  1 drivers
v0000029fc70c8d80_0 .net "pcplusimm", 31 0, L_0000029fc71183d0;  1 drivers
v0000029fc70c8100_0 .net "rd", 4 0, L_0000029fc70c9b40;  1 drivers
v0000029fc70c8e20 .array "regfile", 31 0, 31 0;
v0000029fc70c96e0_0 .net "rst", 0 0, o0000029fc70937d8;  alias, 0 drivers
v0000029fc70c9000_0 .net "shift_data_2", 31 0, L_0000029fc71165d0;  1 drivers
v0000029fc70c8420_0 .var "state", 3 0;
v0000029fc70c9320_0 .net "write_reg_data", 31 0, L_0000029fc7132930;  1 drivers
v0000029fc70ca2c0_0 .net "write_reg_en", 0 0, L_0000029fc7135fb0;  1 drivers
E_0000029fc672d2a0 .event posedge, v0000029fc70cbbc0_0;
L_0000029fc70c9f00 .part v0000029fc70cae00_0, 2, 5;
L_0000029fc70c9b40 .part v0000029fc70cae00_0, 7, 5;
L_0000029fc70c9fa0 .part v0000029fc70cae00_0, 12, 3;
L_0000029fc70ca040 .part v0000029fc70cae00_0, 25, 7;
L_0000029fc70ca0e0 .part v0000029fc70cae00_0, 31, 1;
LS_0000029fc70c87e0_0_0 .concat [ 1 1 1 1], L_0000029fc70ca0e0, L_0000029fc70ca0e0, L_0000029fc70ca0e0, L_0000029fc70ca0e0;
LS_0000029fc70c87e0_0_4 .concat [ 1 1 1 1], L_0000029fc70ca0e0, L_0000029fc70ca0e0, L_0000029fc70ca0e0, L_0000029fc70ca0e0;
LS_0000029fc70c87e0_0_8 .concat [ 1 1 1 1], L_0000029fc70ca0e0, L_0000029fc70ca0e0, L_0000029fc70ca0e0, L_0000029fc70ca0e0;
LS_0000029fc70c87e0_0_12 .concat [ 1 1 1 1], L_0000029fc70ca0e0, L_0000029fc70ca0e0, L_0000029fc70ca0e0, L_0000029fc70ca0e0;
LS_0000029fc70c87e0_0_16 .concat [ 1 1 1 1], L_0000029fc70ca0e0, L_0000029fc70ca0e0, L_0000029fc70ca0e0, L_0000029fc70ca0e0;
LS_0000029fc70c87e0_0_20 .concat [ 1 0 0 0], L_0000029fc70ca0e0;
LS_0000029fc70c87e0_1_0 .concat [ 4 4 4 4], LS_0000029fc70c87e0_0_0, LS_0000029fc70c87e0_0_4, LS_0000029fc70c87e0_0_8, LS_0000029fc70c87e0_0_12;
LS_0000029fc70c87e0_1_4 .concat [ 4 1 0 0], LS_0000029fc70c87e0_0_16, LS_0000029fc70c87e0_0_20;
L_0000029fc70c87e0 .concat [ 16 5 0 0], LS_0000029fc70c87e0_1_0, LS_0000029fc70c87e0_1_4;
L_0000029fc70c8740 .part v0000029fc70cae00_0, 20, 11;
L_0000029fc70c8f60 .concat [ 11 21 0 0], L_0000029fc70c8740, L_0000029fc70c87e0;
L_0000029fc70ca720 .part v0000029fc70cae00_0, 31, 1;
LS_0000029fc70ca680_0_0 .concat [ 1 1 1 1], L_0000029fc70ca720, L_0000029fc70ca720, L_0000029fc70ca720, L_0000029fc70ca720;
LS_0000029fc70ca680_0_4 .concat [ 1 1 1 1], L_0000029fc70ca720, L_0000029fc70ca720, L_0000029fc70ca720, L_0000029fc70ca720;
LS_0000029fc70ca680_0_8 .concat [ 1 1 1 1], L_0000029fc70ca720, L_0000029fc70ca720, L_0000029fc70ca720, L_0000029fc70ca720;
LS_0000029fc70ca680_0_12 .concat [ 1 1 1 1], L_0000029fc70ca720, L_0000029fc70ca720, L_0000029fc70ca720, L_0000029fc70ca720;
LS_0000029fc70ca680_0_16 .concat [ 1 1 1 1], L_0000029fc70ca720, L_0000029fc70ca720, L_0000029fc70ca720, L_0000029fc70ca720;
LS_0000029fc70ca680_1_0 .concat [ 4 4 4 4], LS_0000029fc70ca680_0_0, LS_0000029fc70ca680_0_4, LS_0000029fc70ca680_0_8, LS_0000029fc70ca680_0_12;
LS_0000029fc70ca680_1_4 .concat [ 4 0 0 0], LS_0000029fc70ca680_0_16;
L_0000029fc70ca680 .concat [ 16 4 0 0], LS_0000029fc70ca680_1_0, LS_0000029fc70ca680_1_4;
L_0000029fc70ca180 .part v0000029fc70cae00_0, 7, 1;
L_0000029fc70ca7c0 .part v0000029fc70cae00_0, 25, 6;
L_0000029fc70c8880 .part v0000029fc70cae00_0, 8, 4;
LS_0000029fc70c8920_0_0 .concat [ 1 4 6 1], L_0000029fc70cd0c8, L_0000029fc70c8880, L_0000029fc70ca7c0, L_0000029fc70ca180;
LS_0000029fc70c8920_0_4 .concat [ 20 0 0 0], L_0000029fc70ca680;
L_0000029fc70c8920 .concat [ 12 20 0 0], LS_0000029fc70c8920_0_0, LS_0000029fc70c8920_0_4;
L_0000029fc70c91e0 .part v0000029fc70cae00_0, 31, 1;
LS_0000029fc70c90a0_0_0 .concat [ 1 1 1 1], L_0000029fc70c91e0, L_0000029fc70c91e0, L_0000029fc70c91e0, L_0000029fc70c91e0;
LS_0000029fc70c90a0_0_4 .concat [ 1 1 1 1], L_0000029fc70c91e0, L_0000029fc70c91e0, L_0000029fc70c91e0, L_0000029fc70c91e0;
LS_0000029fc70c90a0_0_8 .concat [ 1 1 1 1], L_0000029fc70c91e0, L_0000029fc70c91e0, L_0000029fc70c91e0, L_0000029fc70c91e0;
LS_0000029fc70c90a0_0_12 .concat [ 1 1 1 1], L_0000029fc70c91e0, L_0000029fc70c91e0, L_0000029fc70c91e0, L_0000029fc70c91e0;
LS_0000029fc70c90a0_0_16 .concat [ 1 1 1 1], L_0000029fc70c91e0, L_0000029fc70c91e0, L_0000029fc70c91e0, L_0000029fc70c91e0;
LS_0000029fc70c90a0_0_20 .concat [ 1 0 0 0], L_0000029fc70c91e0;
LS_0000029fc70c90a0_1_0 .concat [ 4 4 4 4], LS_0000029fc70c90a0_0_0, LS_0000029fc70c90a0_0_4, LS_0000029fc70c90a0_0_8, LS_0000029fc70c90a0_0_12;
LS_0000029fc70c90a0_1_4 .concat [ 4 1 0 0], LS_0000029fc70c90a0_0_16, LS_0000029fc70c90a0_0_20;
L_0000029fc70c90a0 .concat [ 16 5 0 0], LS_0000029fc70c90a0_1_0, LS_0000029fc70c90a0_1_4;
L_0000029fc70c9140 .part v0000029fc70cae00_0, 25, 6;
L_0000029fc70c93c0 .part v0000029fc70cae00_0, 7, 5;
L_0000029fc70c9500 .concat [ 5 6 21 0], L_0000029fc70c93c0, L_0000029fc70c9140, L_0000029fc70c90a0;
L_0000029fc7116a30 .part v0000029fc70cae00_0, 31, 1;
LS_0000029fc7116e90_0_0 .concat [ 1 1 1 1], L_0000029fc7116a30, L_0000029fc7116a30, L_0000029fc7116a30, L_0000029fc7116a30;
LS_0000029fc7116e90_0_4 .concat [ 1 1 1 1], L_0000029fc7116a30, L_0000029fc7116a30, L_0000029fc7116a30, L_0000029fc7116a30;
LS_0000029fc7116e90_0_8 .concat [ 1 1 1 1], L_0000029fc7116a30, L_0000029fc7116a30, L_0000029fc7116a30, L_0000029fc7116a30;
L_0000029fc7116e90 .concat [ 4 4 4 0], LS_0000029fc7116e90_0_0, LS_0000029fc7116e90_0_4, LS_0000029fc7116e90_0_8;
L_0000029fc7117610 .part v0000029fc70cae00_0, 12, 8;
L_0000029fc7117390 .part v0000029fc70cae00_0, 20, 1;
L_0000029fc7116030 .part v0000029fc70cae00_0, 21, 10;
LS_0000029fc7115b30_0_0 .concat [ 1 10 1 8], L_0000029fc70cd110, L_0000029fc7116030, L_0000029fc7117390, L_0000029fc7117610;
LS_0000029fc7115b30_0_4 .concat [ 12 0 0 0], L_0000029fc7116e90;
L_0000029fc7115b30 .concat [ 20 12 0 0], LS_0000029fc7115b30_0_0, LS_0000029fc7115b30_0_4;
L_0000029fc7115770 .part v0000029fc70cae00_0, 31, 1;
L_0000029fc7116530 .part v0000029fc70cae00_0, 12, 19;
L_0000029fc7115810 .concat [ 12 19 1 0], L_0000029fc70cd158, L_0000029fc7116530, L_0000029fc7115770;
L_0000029fc7116df0 .cmp/eq 5, L_0000029fc70c9f00, L_0000029fc70cd1a0;
L_0000029fc71168f0 .cmp/eq 5, L_0000029fc70c9f00, L_0000029fc70cd1e8;
L_0000029fc7115db0 .cmp/eq 5, L_0000029fc70c9f00, L_0000029fc70cd230;
L_0000029fc7117570 .cmp/eq 5, L_0000029fc70c9f00, L_0000029fc70cd278;
L_0000029fc7115c70 .cmp/eq 5, L_0000029fc70c9f00, L_0000029fc70cd2c0;
L_0000029fc7116f30 .cmp/eq 5, L_0000029fc70c9f00, L_0000029fc70cd308;
L_0000029fc71160d0 .cmp/eq 5, L_0000029fc70c9f00, L_0000029fc70cd350;
L_0000029fc71162b0 .cmp/eq 5, L_0000029fc70c9f00, L_0000029fc70cd398;
L_0000029fc7116c10 .cmp/eq 5, L_0000029fc70c9f00, L_0000029fc70cd3e0;
L_0000029fc7116170 .cmp/eq 5, L_0000029fc70c9f00, L_0000029fc70cd428;
L_0000029fc71163f0 .arith/sum 32, v0000029fc70cbd00_0, L_0000029fc7117bb0;
L_0000029fc7117750 .concat [ 32 1 0 0], v0000029fc70cbd00_0, L_0000029fc70cd470;
L_0000029fc7115e50 .concat [ 32 1 0 0], L_0000029fc6733000, L_0000029fc70cd4b8;
L_0000029fc7116490 .arith/sum 33, L_0000029fc7117750, L_0000029fc7115e50;
L_0000029fc71154f0 .arith/sum 33, L_0000029fc7116490, L_0000029fc70cd500;
L_0000029fc7116210 .part L_0000029fc7117bb0, 0, 5;
L_0000029fc7115950 .concat [ 5 7 0 0], L_0000029fc7116210, L_0000029fc70cd548;
L_0000029fc7115bd0 .concat [ 12 20 0 0], L_0000029fc7115950, L_0000029fc70cd590;
L_0000029fc71151d0 .functor MUXZ 32, L_0000029fc70cd5d8, L_0000029fc7115bd0, L_0000029fc71168f0, C4<>;
L_0000029fc71165d0 .functor MUXZ 32, L_0000029fc71151d0, L_0000029fc7117bb0, L_0000029fc7116df0, C4<>;
L_0000029fc7116670 .shift/l 32, v0000029fc70cbd00_0, L_0000029fc71165d0;
L_0000029fc7117890 .shift/r 32, v0000029fc70cbd00_0, L_0000029fc71165d0;
L_0000029fc71153b0 .shift/r 32, v0000029fc70cbd00_0, L_0000029fc71165d0;
L_0000029fc7116350 .part L_0000029fc71154f0, 0, 32;
L_0000029fc7115310 .cmp/eq 32, L_0000029fc7116350, L_0000029fc70cd620;
L_0000029fc7115d10 .reduce/nor L_0000029fc7115310;
L_0000029fc7115a90 .part v0000029fc70cbd00_0, 31, 1;
L_0000029fc7116b70 .part L_0000029fc7117bb0, 31, 1;
L_0000029fc7115ef0 .part v0000029fc70cbd00_0, 31, 1;
L_0000029fc71176b0 .part L_0000029fc71154f0, 32, 1;
L_0000029fc71158b0 .functor MUXZ 1, L_0000029fc71176b0, L_0000029fc7115ef0, L_0000029fc6733380, C4<>;
L_0000029fc7116d50 .part L_0000029fc71154f0, 32, 1;
L_0000029fc7116cb0 .reduce/nor L_0000029fc71158b0;
L_0000029fc7117430 .reduce/nor L_0000029fc7116d50;
L_0000029fc7116710 .cmp/eq 3, L_0000029fc70c9fa0, L_0000029fc70cd668;
L_0000029fc7117070 .cmp/eq 3, L_0000029fc70c9fa0, L_0000029fc70cd6b0;
L_0000029fc7116990 .cmp/eq 3, L_0000029fc70c9fa0, L_0000029fc70cd6f8;
L_0000029fc71167b0 .cmp/eq 3, L_0000029fc70c9fa0, L_0000029fc70cd740;
L_0000029fc7116850 .cmp/eq 3, L_0000029fc70c9fa0, L_0000029fc70cd788;
L_0000029fc7116ad0 .cmp/eq 3, L_0000029fc70c9fa0, L_0000029fc70cd7d0;
L_0000029fc7116fd0 .cmp/eq 3, L_0000029fc70c9fa0, L_0000029fc70cd818;
L_0000029fc71159f0 .part L_0000029fc70ca040, 5, 1;
L_0000029fc7115450 .cmp/eq 3, L_0000029fc70c9fa0, L_0000029fc70cd860;
L_0000029fc7115f90 .cmp/eq 3, L_0000029fc70c9fa0, L_0000029fc70cd8a8;
L_0000029fc7117110 .part L_0000029fc70ca040, 5, 1;
L_0000029fc71177f0 .part L_0000029fc71154f0, 0, 32;
L_0000029fc71171b0 .cmp/eq 3, L_0000029fc70c9fa0, L_0000029fc70cd8f0;
L_0000029fc7117250 .cmp/eq 3, L_0000029fc70c9fa0, L_0000029fc70cd938;
L_0000029fc71172f0 .cmp/eq 3, L_0000029fc70c9fa0, L_0000029fc70cd980;
L_0000029fc7115270 .reduce/nor L_0000029fc7129d80;
L_0000029fc7115590 .concat [ 1 31 0 0], L_0000029fc71158b0, L_0000029fc70cd9c8;
L_0000029fc71174d0 .cmp/eq 3, L_0000029fc70c9fa0, L_0000029fc70cda10;
L_0000029fc7115630 .concat [ 1 31 0 0], L_0000029fc7116d50, L_0000029fc70cda58;
L_0000029fc7115130 .cmp/eq 3, L_0000029fc70c9fa0, L_0000029fc70cdaa0;
L_0000029fc71156d0 .reduce/nor L_0000029fc7115c70;
L_0000029fc7118ab0 .cmp/eq 3, L_0000029fc70c9fa0, L_0000029fc70cdae8;
L_0000029fc7118c90 .cmp/eq 3, L_0000029fc70c9fa0, L_0000029fc70cdb30;
L_0000029fc7118790 .part L_0000029fc70ca040, 5, 1;
L_0000029fc7117cf0 .functor MUXZ 32, L_0000029fc70cdb78, L_0000029fc71163f0, L_0000029fc7129220, C4<>;
L_0000029fc7117ed0 .functor MUXZ 32, L_0000029fc7117cf0, L_0000029fc71153b0, L_0000029fc7129530, C4<>;
L_0000029fc7118fb0 .functor MUXZ 32, L_0000029fc7117ed0, L_0000029fc7117890, L_0000029fc7118ab0, C4<>;
L_0000029fc7118d30 .functor MUXZ 32, L_0000029fc7118fb0, L_0000029fc7116670, L_0000029fc712a020, C4<>;
L_0000029fc7117d90 .functor MUXZ 32, L_0000029fc7118d30, L_0000029fc7115630, L_0000029fc71174d0, C4<>;
L_0000029fc7118970 .functor MUXZ 32, L_0000029fc7117d90, L_0000029fc7115590, L_0000029fc71293e0, C4<>;
L_0000029fc7118dd0 .functor MUXZ 32, L_0000029fc7118970, L_0000029fc6733230, L_0000029fc7117250, C4<>;
L_0000029fc7118e70 .functor MUXZ 32, L_0000029fc7118dd0, L_0000029fc67330e0, L_0000029fc71171b0, C4<>;
L_0000029fc71181f0 .functor MUXZ 32, L_0000029fc7118e70, L_0000029fc71177f0, L_0000029fc7129bc0, C4<>;
L_0000029fc7118f10 .functor MUXZ 32, L_0000029fc71181f0, L_0000029fc71163f0, L_0000029fc7129ed0, C4<>;
L_0000029fc7118010 .functor MUXZ 32, L_0000029fc7118f10, L_0000029fc71163f0, L_0000029fc6732dd0, C4<>;
L_0000029fc7118650 .functor MUXZ 32, L_0000029fc70c9500, L_0000029fc70c8f60, L_0000029fc71295a0, C4<>;
L_0000029fc7117bb0 .functor MUXZ 32, L_0000029fc7118650, v0000029fc70cbe40_0, L_0000029fc7129c30, C4<>;
L_0000029fc71186f0 .arith/sum 32, v0000029fc70cb080_0, L_0000029fc70cdbc0;
L_0000029fc7117930 .functor MUXZ 32, L_0000029fc70cdc08, L_0000029fc7115810, L_0000029fc7116170, C4<>;
L_0000029fc71179d0 .functor MUXZ 32, L_0000029fc7117930, L_0000029fc7115b30, L_0000029fc71160d0, C4<>;
L_0000029fc7118830 .functor MUXZ 32, L_0000029fc71179d0, L_0000029fc70c8920, L_0000029fc7115db0, C4<>;
L_0000029fc71183d0 .arith/sum 32, v0000029fc70cb080_0, L_0000029fc7118830;
L_0000029fc7117a70 .concat [ 4 28 0 0], v0000029fc70c8420_0, L_0000029fc70cdc50;
L_0000029fc7117b10 .cmp/eq 32, L_0000029fc7117a70, L_0000029fc70cdc98;
L_0000029fc7118290 .concat [ 4 28 0 0], v0000029fc70c8420_0, L_0000029fc70cdce0;
L_0000029fc7117c50 .cmp/eq 32, L_0000029fc7118290, L_0000029fc70cdd28;
L_0000029fc7117e30 .concat [ 4 28 0 0], v0000029fc70c8420_0, L_0000029fc70cdd70;
L_0000029fc71188d0 .cmp/eq 32, L_0000029fc7117e30, L_0000029fc70cddb8;
L_0000029fc7118a10 .concat [ 4 28 0 0], v0000029fc70c8420_0, L_0000029fc70cde00;
L_0000029fc7117f70 .cmp/eq 32, L_0000029fc7118a10, L_0000029fc70cde48;
L_0000029fc7118470 .concat [ 4 28 0 0], v0000029fc70c8420_0, L_0000029fc70cde90;
L_0000029fc71180b0 .cmp/eq 32, L_0000029fc7118470, L_0000029fc70cded8;
L_0000029fc7118b50 .functor MUXZ 32, L_0000029fc70cdf20, L_0000029fc7118010, L_0000029fc7129e60, C4<>;
L_0000029fc7118bf0 .concat [ 4 28 0 0], v0000029fc70c8420_0, L_0000029fc70cdf68;
L_0000029fc7118150 .cmp/eq 32, L_0000029fc7118bf0, L_0000029fc70cdfb0;
L_0000029fc7118330 .concat [ 4 28 0 0], v0000029fc70c8420_0, L_0000029fc70cdff8;
L_0000029fc7118510 .cmp/eq 32, L_0000029fc7118330, L_0000029fc70ce040;
L_0000029fc71185b0 .concat [ 4 28 0 0], v0000029fc70c8420_0, L_0000029fc70ce088;
L_0000029fc70c9460 .cmp/eq 32, L_0000029fc71185b0, L_0000029fc70ce0d0;
L_0000029fc7132390 .concat8 [ 1 1 1 1], L_0000029fc7129fb0, L_0000029fc7129840, L_0000029fc71294c0, L_0000029fc7129290;
L_0000029fc7130ef0 .concat [ 4 28 0 0], v0000029fc70c8420_0, L_0000029fc70ce118;
L_0000029fc71318f0 .cmp/eq 32, L_0000029fc7130ef0, L_0000029fc70ce160;
L_0000029fc7133290 .concat [ 4 28 0 0], v0000029fc70c8420_0, L_0000029fc70ce1a8;
L_0000029fc7132750 .cmp/eq 32, L_0000029fc7133290, L_0000029fc70ce1f0;
L_0000029fc7131170 .functor MUXZ 32, v0000029fc70cb080_0, L_0000029fc7118b50, L_0000029fc7129760, C4<>;
L_0000029fc7131a30 .concat [ 4 28 0 0], v0000029fc70c8420_0, L_0000029fc70ce238;
L_0000029fc7131f30 .cmp/eq 32, L_0000029fc7131a30, L_0000029fc70ce280;
L_0000029fc7132f70 .part L_0000029fc70c9fa0, 1, 1;
L_0000029fc71317b0 .part v0000029fc70cbe40_0, 24, 8;
L_0000029fc7131350 .functor MUXZ 8, L_0000029fc70ce2c8, L_0000029fc71317b0, L_0000029fc7132f70, C4<>;
L_0000029fc7131c10 .part L_0000029fc70c9fa0, 1, 1;
L_0000029fc71322f0 .part v0000029fc70cbe40_0, 16, 8;
L_0000029fc7131ad0 .functor MUXZ 8, L_0000029fc70ce310, L_0000029fc71322f0, L_0000029fc7131c10, C4<>;
L_0000029fc71310d0 .part L_0000029fc70c9fa0, 1, 1;
L_0000029fc7131cb0 .reduce/or L_0000029fc71310d0;
L_0000029fc7132070 .part v0000029fc70cbe40_0, 8, 8;
L_0000029fc7130e50 .functor MUXZ 8, L_0000029fc70ce358, L_0000029fc7132070, L_0000029fc7131cb0, C4<>;
L_0000029fc7131d50 .part v0000029fc70cbe40_0, 0, 8;
L_0000029fc7131990 .concat [ 8 24 0 0], L_0000029fc7131d50, L_0000029fc70ce3a0;
L_0000029fc7131df0 .concat [ 8 8 16 0], L_0000029fc7131d50, L_0000029fc7130e50, L_0000029fc70ce3e8;
L_0000029fc7132e30 .concat [ 8 8 8 8], L_0000029fc7131d50, L_0000029fc7130e50, L_0000029fc7131ad0, L_0000029fc7131350;
L_0000029fc7130bd0 .part L_0000029fc70c9fa0, 1, 1;
L_0000029fc7131670 .part L_0000029fc70c9fa0, 1, 1;
L_0000029fc7132250 .reduce/or L_0000029fc7131670;
L_0000029fc7131e90 .functor MUXZ 32, L_0000029fc7131990, L_0000029fc7131df0, L_0000029fc71297d0, C4<>;
L_0000029fc7131490 .functor MUXZ 32, L_0000029fc7131e90, L_0000029fc7132e30, L_0000029fc7129610, C4<>;
L_0000029fc7130b30 .concat [ 4 28 0 0], v0000029fc70c8420_0, L_0000029fc70ce430;
L_0000029fc7132430 .cmp/eq 32, L_0000029fc7130b30, L_0000029fc70ce478;
L_0000029fc7130c70 .concat [ 4 28 0 0], v0000029fc70c8420_0, L_0000029fc70ce4c0;
L_0000029fc7130d10 .cmp/eq 32, L_0000029fc7130c70, L_0000029fc70ce508;
L_0000029fc7131030 .functor MUXZ 32, L_0000029fc70ce550, L_0000029fc71183d0, L_0000029fc7116170, C4<>;
L_0000029fc7130db0 .functor MUXZ 32, L_0000029fc7131030, L_0000029fc7115810, L_0000029fc7116c10, C4<>;
L_0000029fc7131fd0 .functor MUXZ 32, L_0000029fc7130db0, L_0000029fc71186f0, L_0000029fc7135ed0, C4<>;
L_0000029fc71327f0 .functor MUXZ 32, L_0000029fc7131fd0, v0000029fc70c9820_0, L_0000029fc7116f30, C4<>;
L_0000029fc7132930 .functor MUXZ 32, L_0000029fc71327f0, L_0000029fc7118010, L_0000029fc7135e60, C4<>;
S_0000029fc676ebf0 .scope module, "mem0" "progmem" 2 28, 4 5 0, S_0000029fc6741fc0;
 .timescale 0 0;
    .port_info 0 /INPUT 1 "rst";
    .port_info 1 /INPUT 1 "clk";
    .port_info 2 /INPUT 32 "addr";
    .port_info 3 /INPUT 32 "data_in";
    .port_info 4 /INPUT 1 "rd_strobe";
    .port_info 5 /INPUT 4 "wr_strobe";
    .port_info 6 /OUTPUT 32 "data_out";
P_0000029fc672d5e0 .param/l "MEM_SIZE" 0 4 14, +C4<00000000000000000000010000000000>;
v0000029fc70c8ec0 .array "PROGMEM", 1023 0, 31 0;
v0000029fc70c9780_0 .net "addr", 31 0, L_0000029fc7131170;  alias, 1 drivers
v0000029fc70c9aa0_0 .net "clk", 0 0, o0000029fc7093268;  alias, 0 drivers
o0000029fc7093a48 .functor BUFZ 32, C4<zzzzzzzzzzzzzzzzzzzzzzzzzzzzzzzz>; HiZ drive
v0000029fc70c86a0_0 .net "data_in", 31 0, o0000029fc7093a48;  0 drivers
v0000029fc70c9280_0 .var "data_out", 31 0;
v0000029fc70c8a60_0 .net "mem_loc", 29 0, L_0000029fc7131210;  1 drivers
v0000029fc70ca540_0 .net "rd_strobe", 0 0, L_0000029fc7129370;  alias, 1 drivers
v0000029fc70ca5e0_0 .net "rst", 0 0, o0000029fc70937d8;  alias, 0 drivers
o0000029fc7093aa8 .functor BUFZ 4, C4<zzzz>; HiZ drive
v0000029fc70c82e0_0 .net "wr_strobe", 3 0, o0000029fc7093aa8;  0 drivers
L_0000029fc7131210 .part L_0000029fc7131170, 2, 30;
    .scope S_0000029fc66ed370;
T_0 ;
    %pushi/vec4 0, 0, 4;
    %store/vec4 v0000029fc70c8420_0, 0, 4;
    %pushi/vec4 0, 0, 32;
    %store/vec4 v0000029fc70cb080_0, 0, 32;
    %pushi/vec4 0, 0, 32;
    %store/vec4 v0000029fc70cbc60_0, 0, 32;
    %pushi/vec4 0, 0, 32;
    %ix/load 4, 0, 0;
    %flag_set/imm 4, 0;
    %store/vec4a v0000029fc70c8e20, 4, 0;
    %end;
    .thread T_0;
    .scope S_0000029fc66ed370;
T_1 ;
    %wait E_0000029fc672d2a0;
    %load/vec4 v0000029fc70c96e0_0;
    %flag_set/vec4 8;
    %jmp/0xz  T_1.0, 8;
    %pushi/vec4 0, 0, 32;
    %assign/vec4 v0000029fc70cb080_0, 0;
    %pushi/vec4 0, 0, 4;
    %assign/vec4 v0000029fc70c8420_0, 0;
    %pushi/vec4 0, 0, 32;
    %assign/vec4 v0000029fc70cae00_0, 0;
    %jmp T_1.1;
T_1.0 ;
    %load/vec4 v0000029fc70c8420_0;
    %dup/vec4;
    %pushi/vec4 0, 0, 4;
    %cmp/u;
    %jmp/1 T_1.2, 6;
    %dup/vec4;
    %pushi/vec4 9, 0, 4;
    %cmp/u;
    %jmp/1 T_1.3, 6;
    %dup/vec4;
    %pushi/vec4 1, 0, 4;
    %cmp/u;
    %jmp/1 T_1.4, 6;
    %dup/vec4;
    %pushi/vec4 2, 0, 4;
    %cmp/u;
    %jmp/1 T_1.5, 6;
    %dup/vec4;
    %pushi/vec4 3, 0, 4;
    %cmp/u;
    %jmp/1 T_1.6, 6;
    %dup/vec4;
    %pushi/vec4 5, 0, 4;
    %cmp/u;
    %jmp/1 T_1.7, 6;
    %dup/vec4;
    %pushi/vec4 6, 0, 4;
    %cmp/u;
    %jmp/1 T_1.8, 6;
    %dup/vec4;
    %pushi/vec4 7, 0, 4;
    %cmp/u;
    %jmp/1 T_1.9, 6;
    %dup/vec4;
    %pushi/vec4 8, 0, 4;
    %cmp/u;
    %jmp/1 T_1.10, 6;
    %dup/vec4;
    %pushi/vec4 10, 0, 4;
    %cmp/u;
    %jmp/1 T_1.11, 6;
    %jmp T_1.12;
T_1.2 ;
    %load/vec4 v0000029fc70c96e0_0;
    %flag_set/vec4 8;
    %jmp/0xz  T_1.13, 8;
    %pushi/vec4 0, 0, 4;
    %assign/vec4 v0000029fc70c8420_0, 0;
    %jmp T_1.14;
T_1.13 ;
    %pushi/vec4 9, 0, 4;
    %assign/vec4 v0000029fc70c8420_0, 0;
T_1.14 ;
    %jmp T_1.12;
T_1.3 ;
    %pushi/vec4 1, 0, 4;
    %assign/vec4 v0000029fc70c8420_0, 0;
    %jmp T_1.12;
T_1.4 ;
    %load/vec4 v0000029fc70c9c80_0;
    %assign/vec4 v0000029fc70cae00_0, 0;
    %pushi/vec4 2, 0, 4;
    %assign/vec4 v0000029fc70c8420_0, 0;
    %jmp T_1.12;
T_1.5 ;
    %load/vec4 v0000029fc70cae00_0;
    %parti/s 5, 15, 5;
    %pad/u 7;
    %ix/vec4 4;
    %load/vec4a v0000029fc70c8e20, 4;
    %assign/vec4 v0000029fc70cbd00_0, 0;
    %load/vec4 v0000029fc70cae00_0;
    %parti/s 5, 20, 6;
    %pad/u 7;
    %ix/vec4 4;
    %load/vec4a v0000029fc70c8e20, 4;
    %assign/vec4 v0000029fc70cbe40_0, 0;
    %load/vec4 v0000029fc70c8ce0_0;
    %inv;
    %flag_set/vec4 8;
    %jmp/0 T_1.15, 8;
    %pushi/vec4 3, 0, 32;
    %jmp/1 T_1.16, 8;
T_1.15 ; End of true expr.
    %pushi/vec4 4, 0, 32;
    %jmp/0 T_1.16, 8;
 ; End of false expr.
    %blend;
T_1.16;
    %pad/s 4;
    %assign/vec4 v0000029fc70c8420_0, 0;
    %jmp T_1.12;
T_1.6 ;
    %load/vec4 v0000029fc70c9d20_0;
    %load/vec4 v0000029fc6735da0_0;
    %and;
    %load/vec4 v0000029fc70ca400_0;
    %or;
    %flag_set/vec4 8;
    %jmp/0 T_1.17, 8;
    %load/vec4 v0000029fc70c8d80_0;
    %jmp/1 T_1.18, 8;
T_1.17 ; End of true expr.
    %load/vec4 v0000029fc70c84c0_0;
    %flag_set/vec4 9;
    %jmp/0 T_1.19, 9;
    %load/vec4 v0000029fc70cb3a0_0;
    %jmp/1 T_1.20, 9;
T_1.19 ; End of true expr.
    %load/vec4 v0000029fc70c9640_0;
    %jmp/0 T_1.20, 9;
 ; End of false expr.
    %blend;
T_1.20;
    %jmp/0 T_1.18, 8;
 ; End of false expr.
    %blend;
T_1.18;
    %assign/vec4 v0000029fc70cb080_0, 0;
    %load/vec4 v0000029fc70c8b00_0;
    %load/vec4 v0000029fc70c81a0_0;
    %or;
    %load/vec4 v0000029fc70ca400_0;
    %or;
    %load/vec4 v0000029fc70c84c0_0;
    %or;
    %nor/r;
    %flag_set/vec4 8;
    %jmp/0 T_1.21, 8;
    %pushi/vec4 9, 0, 32;
    %jmp/1 T_1.22, 8;
T_1.21 ; End of true expr.
    %pushi/vec4 5, 0, 32;
    %jmp/0 T_1.22, 8;
 ; End of false expr.
    %blend;
T_1.22;
    %pad/s 4;
    %assign/vec4 v0000029fc70c8420_0, 0;
    %jmp T_1.12;
T_1.7 ;
    %load/vec4 v0000029fc70c81a0_0;
    %flag_set/vec4 9;
    %flag_get/vec4 9;
    %jmp/0 T_1.25, 9;
    %load/vec4 v0000029fc70ca9a0_0;
    %parti/s 1, 1, 2;
    %and;
T_1.25;
    %flag_set/vec4 8;
    %jmp/0 T_1.23, 8;
    %load/vec4 v0000029fc70c9c80_0;
    %parti/s 8, 24, 6;
    %jmp/1 T_1.24, 8;
T_1.23 ; End of true expr.
    %pushi/vec4 0, 0, 8;
    %jmp/0 T_1.24, 8;
 ; End of false expr.
    %blend;
T_1.24;
    %ix/load 4, 24, 0;
    %ix/load 5, 0, 0;
    %flag_set/imm 4, 0;
    %assign/vec4/off/d v0000029fc70c9820_0, 4, 5;
    %pushi/vec4 6, 0, 4;
    %assign/vec4 v0000029fc70c8420_0, 0;
    %jmp T_1.12;
T_1.8 ;
    %load/vec4 v0000029fc70c81a0_0;
    %flag_set/vec4 9;
    %flag_get/vec4 9;
    %jmp/0 T_1.28, 9;
    %load/vec4 v0000029fc70ca9a0_0;
    %parti/s 1, 1, 2;
    %and;
T_1.28;
    %flag_set/vec4 8;
    %jmp/0 T_1.26, 8;
    %load/vec4 v0000029fc70c9c80_0;
    %parti/s 8, 16, 6;
    %jmp/1 T_1.27, 8;
T_1.26 ; End of true expr.
    %pushi/vec4 0, 0, 8;
    %jmp/0 T_1.27, 8;
 ; End of false expr.
    %blend;
T_1.27;
    %ix/load 4, 16, 0;
    %ix/load 5, 0, 0;
    %flag_set/imm 4, 0;
    %assign/vec4/off/d v0000029fc70c9820_0, 4, 5;
    %pushi/vec4 7, 0, 4;
    %assign/vec4 v0000029fc70c8420_0, 0;
    %jmp T_1.12;
T_1.9 ;
    %load/vec4 v0000029fc70ca9a0_0;
    %or/r;
    %flag_set/vec4 9;
    %flag_get/vec4 9;
    %jmp/0 T_1.31, 9;
    %load/vec4 v0000029fc70c81a0_0;
    %and;
T_1.31;
    %flag_set/vec4 8;
    %jmp/0 T_1.29, 8;
    %load/vec4 v0000029fc70c9c80_0;
    %parti/s 8, 8, 5;
    %jmp/1 T_1.30, 8;
T_1.29 ; End of true expr.
    %pushi/vec4 0, 0, 8;
    %jmp/0 T_1.30, 8;
 ; End of false expr.
    %blend;
T_1.30;
    %ix/load 4, 8, 0;
    %ix/load 5, 0, 0;
    %flag_set/imm 4, 0;
    %assign/vec4/off/d v0000029fc70c9820_0, 4, 5;
    %pushi/vec4 8, 0, 4;
    %assign/vec4 v0000029fc70c8420_0, 0;
    %jmp T_1.12;
T_1.10 ;
    %load/vec4 v0000029fc70c81a0_0;
    %flag_set/vec4 8;
    %jmp/0 T_1.32, 8;
    %load/vec4 v0000029fc70c9c80_0;
    %parti/s 8, 0, 2;
    %jmp/1 T_1.33, 8;
T_1.32 ; End of true expr.
    %pushi/vec4 0, 0, 8;
    %jmp/0 T_1.33, 8;
 ; End of false expr.
    %blend;
T_1.33;
    %ix/load 4, 0, 0;
    %ix/load 5, 0, 0;
    %flag_set/imm 4, 0;
    %assign/vec4/off/d v0000029fc70c9820_0, 4, 5;
    %pushi/vec4 10, 0, 4;
    %assign/vec4 v0000029fc70c8420_0, 0;
    %jmp T_1.12;
T_1.11 ;
    %pushi/vec4 9, 0, 4;
    %assign/vec4 v0000029fc70c8420_0, 0;
    %jmp T_1.12;
T_1.12 ;
    %pop/vec4 1;
T_1.1 ;
    %jmp T_1;
    .thread T_1;
    .scope S_0000029fc66ed370;
T_2 ;
    %wait E_0000029fc672d2a0;
    %load/vec4 v0000029fc70c96e0_0;
    %flag_set/vec4 8;
    %jmp/0xz  T_2.0, 8;
    %pushi/vec4 0, 0, 32;
    %assign/vec4 v0000029fc70cbc60_0, 0;
    %jmp T_2.1;
T_2.0 ;
    %load/vec4 v0000029fc70c8420_0;
    %pad/u 32;
    %cmpi/ne 4, 0, 32;
    %jmp/0xz  T_2.2, 4;
    %load/vec4 v0000029fc70cbc60_0;
    %addi 1, 0, 32;
    %assign/vec4 v0000029fc70cbc60_0, 0;
T_2.2 ;
T_2.1 ;
    %jmp T_2;
    .thread T_2;
    .scope S_0000029fc66ed370;
T_3 ;
    %wait E_0000029fc672d2a0;
    %load/vec4 v0000029fc70ca2c0_0;
    %flag_set/vec4 8;
    %jmp/0xz  T_3.0, 8;
    %load/vec4 v0000029fc70c8100_0;
    %pad/u 32;
    %cmpi/ne 0, 0, 32;
    %jmp/0xz  T_3.2, 4;
    %load/vec4 v0000029fc70c9320_0;
    %load/vec4 v0000029fc70c8100_0;
    %pad/u 7;
    %ix/vec4 3;
    %ix/load 4, 0, 0; Constant delay
    %assign/vec4/a/d v0000029fc70c8e20, 0, 4;
T_3.2 ;
T_3.0 ;
    %jmp T_3;
    .thread T_3;
    .scope S_0000029fc676ebf0;
T_4 ;
    %vpi_call 4 19 "$readmemh", "firmware.hex", v0000029fc70c8ec0 {0 0 0};
    %end;
    .thread T_4;
    .scope S_0000029fc676ebf0;
T_5 ;
    %wait E_0000029fc672d2a0;
    %load/vec4 v0000029fc70ca5e0_0;
    %flag_set/vec4 8;
    %jmp/0xz  T_5.0, 8;
    %pushi/vec4 0, 0, 32;
    %assign/vec4 v0000029fc70c9280_0, 0;
    %jmp T_5.1;
T_5.0 ;
    %load/vec4 v0000029fc70ca540_0;
    %flag_set/vec4 8;
    %jmp/0xz  T_5.2, 8;
    %ix/getv 4, v0000029fc70c8a60_0;
    %load/vec4a v0000029fc70c8ec0, 4;
    %assign/vec4 v0000029fc70c9280_0, 0;
T_5.2 ;
T_5.1 ;
    %jmp T_5;
    .thread T_5;
    .scope S_0000029fc676ebf0;
T_6 ;
    %wait E_0000029fc672d2a0;
    %load/vec4 v0000029fc70c82e0_0;
    %parti/s 1, 0, 2;
    %flag_set/vec4 8;
    %jmp/0xz  T_6.0, 8;
    %load/vec4 v0000029fc70c86a0_0;
    %parti/s 8, 0, 2;
    %ix/getv 3, v0000029fc70c8a60_0;
    %ix/load 4, 0, 0; Constant delay
    %assign/vec4/a/d v0000029fc70c8ec0, 0, 4;
T_6.0 ;
    %load/vec4 v0000029fc70c82e0_0;
    %parti/s 1, 1, 2;
    %flag_set/vec4 8;
    %jmp/0xz  T_6.2, 8;
    %load/vec4 v0000029fc70c86a0_0;
    %parti/s 8, 8, 5;
    %ix/getv 3, v0000029fc70c8a60_0;
    %ix/load 4, 8, 0; part off
    %ix/load 5, 0, 0; Constant delay
    %assign/vec4/a/d v0000029fc70c8ec0, 4, 5;
T_6.2 ;
    %load/vec4 v0000029fc70c82e0_0;
    %parti/s 1, 2, 3;
    %flag_set/vec4 8;
    %jmp/0xz  T_6.4, 8;
    %load/vec4 v0000029fc70c86a0_0;
    %parti/s 8, 16, 6;
    %ix/getv 3, v0000029fc70c8a60_0;
    %ix/load 4, 16, 0; part off
    %ix/load 5, 0, 0; Constant delay
    %assign/vec4/a/d v0000029fc70c8ec0, 4, 5;
T_6.4 ;
    %load/vec4 v0000029fc70c82e0_0;
    %parti/s 1, 3, 3;
    %flag_set/vec4 8;
    %jmp/0xz  T_6.6, 8;
    %load/vec4 v0000029fc70c86a0_0;
    %parti/s 8, 24, 6;
    %ix/getv 3, v0000029fc70c8a60_0;
    %ix/load 4, 24, 0; part off
    %ix/load 5, 0, 0; Constant delay
    %assign/vec4/a/d v0000029fc70c8ec0, 4, 5;
T_6.6 ;
    %jmp T_6;
    .thread T_6;
# The file index is used to find the file name in the following table.
:file_names 5;
    "N/A";
    "<interactive>";
    "top.v";
    "./cpu.v";
    "./progmem.v";
